#
# There is insufficient memory for the Java Runtime Environment to continue.
# Native memory allocation (mmap) failed to map 65536 bytes for Failed to commit metaspace.
# Possible reasons:
#   The system is out of physical RAM or swap space
#   The process is running with CompressedOops enabled, and the Java Heap may be blocking the growth of the native heap
# Possible solutions:
#   Reduce memory load on the system
#   Increase physical memory or swap space
#   Check if swap backing store is full
#   Decrease Java heap size (-Xmx/-Xms)
#   Decrease number of Java threads
#   Decrease Java thread stack sizes (-Xss)
#   Set larger code cache with -XX:ReservedCodeCacheSize=
#   JVM is running with Zero Based Compressed Oops mode in which the Java heap is
#     placed in the first 32GB address space. The Java Heap base address is the
#     maximum limit for the native heap growth. Please use -XX:HeapBaseMinAddress
#     to set the Java Heap base and to place the Java Heap above 32GB virtual address.
# This output file may be truncated or incomplete.
#
#  Out of Memory Error (virtualSpaceNode.cpp:110), pid=5336, tid=41848
#
# JRE version: Java(TM) SE Runtime Environment (18.0.1.1+2) (build 18.0.1.1+2-6)
# Java VM: Java HotSpot(TM) 64-Bit Server VM (18.0.1.1+2-6, mixed mode, sharing, tiered, compressed oops, compressed class ptrs, g1 gc, windows-amd64)
# No core dump will be written. Minidumps are not enabled by default on client versions of Windows
#

---------------  S U M M A R Y ------------

Command Line: -javaagent:C:\Program Files\JetBrains\IntelliJ IDEA Community Edition 2023.2\lib\idea_rt.jar=58494:C:\Program Files\JetBrains\IntelliJ IDEA Community Edition 2023.2\bin -Dfile.encoding=UTF-8 -Dsun.stdout.encoding=UTF-8 -Dsun.stderr.encoding=UTF-8 TableHockey

Host: AMD Ryzen 7 4700U with Radeon Graphics         , 8 cores, 15G,  Windows 11 , 64 bit Build 22621 (10.0.22621.3527)
Time: Thu May 30 09:57:44 2024 Pacific Daylight Time elapsed time: 0.817935 seconds (0d 0h 0m 0s)

---------------  T H R E A D  ---------------

Current thread (0x000002e2472ca4a0):  JavaThread "C1 CompilerThread0" daemon [_thread_in_vm, id=41848, stack(0x000000eaaa700000,0x000000eaaa800000)]


Current CompileTask:
C1:    818  522       3       java.util.ArrayList::add (25 bytes)

Stack: [0x000000eaaa700000,0x000000eaaa800000]
Native frames: (J=compiled Java code, j=interpreted, Vv=VM code, C=native code)
V  [jvm.dll+0x69887a]
V  [jvm.dll+0x7f38bd]
V  [jvm.dll+0x7f51ce]
V  [jvm.dll+0x7f5883]
V  [jvm.dll+0x25ca3f]
V  [jvm.dll+0x7ef5cb]
V  [jvm.dll+0x63ea76]
V  [jvm.dll+0x63eada]
V  [jvm.dll+0x64135e]
V  [jvm.dll+0x64121e]
V  [jvm.dll+0x63f43e]
V  [jvm.dll+0x650d9a]
V  [jvm.dll+0x649c8a]
V  [jvm.dll+0x1e4700]
V  [jvm.dll+0x1e48e6]
V  [jvm.dll+0x15add1]
V  [jvm.dll+0x15ac15]
V  [jvm.dll+0x15255e]
V  [jvm.dll+0x154b09]
V  [jvm.dll+0x152cfc]
V  [jvm.dll+0x15b6ed]
V  [jvm.dll+0x15ac15]
V  [jvm.dll+0x15255e]
V  [jvm.dll+0x154b09]
V  [jvm.dll+0x152df4]
V  [jvm.dll+0x15b6ed]
V  [jvm.dll+0x15ac15]
V  [jvm.dll+0x15255e]
V  [jvm.dll+0x154b09]
V  [jvm.dll+0x152df4]
V  [jvm.dll+0x14cbd6]
V  [jvm.dll+0x15c7f6]
V  [jvm.dll+0x1482e0]
V  [jvm.dll+0x148640]
V  [jvm.dll+0x148926]
V  [jvm.dll+0x147d9a]
V  [jvm.dll+0x149a81]
V  [jvm.dll+0x23e8ca]
V  [jvm.dll+0x23cbb5]
V  [jvm.dll+0x7a5fb1]
V  [jvm.dll+0x7a03ea]
V  [jvm.dll+0x697725]
C  [ucrtbase.dll+0x29333]
C  [KERNEL32.DLL+0x1257d]
C  [ntdll.dll+0x5aa48]


---------------  P R O C E S S  ---------------

Threads class SMR info:
_java_thread_list=0x000002e24b81f9c0, length=16, elements={
0x000002e222a9a2d0, 0x000002e2472a2bd0, 0x000002e2472a60b0, 0x000002e2472c08f0,
0x000002e2472c11a0, 0x000002e2472c22e0, 0x000002e2472c3420, 0x000002e2472c7d90,
0x000002e2472ca4a0, 0x000002e2472d05b0, 0x000002e24b58a6d0, 0x000002e24b683660,
0x000002e24b683f20, 0x000002e24b823500, 0x000002e24b827110, 0x000002e24b82a510
}

Java Threads: ( => current thread )
  0x000002e222a9a2d0 JavaThread "main" [_thread_in_vm, id=26252, stack(0x000000eaa9900000,0x000000eaa9a00000)]
  0x000002e2472a2bd0 JavaThread "Reference Handler" daemon [_thread_blocked, id=2220, stack(0x000000eaaa000000,0x000000eaaa100000)]
  0x000002e2472a60b0 JavaThread "Finalizer" daemon [_thread_blocked, id=3720, stack(0x000000eaaa100000,0x000000eaaa200000)]
  0x000002e2472c08f0 JavaThread "Signal Dispatcher" daemon [_thread_blocked, id=39304, stack(0x000000eaaa200000,0x000000eaaa300000)]
  0x000002e2472c11a0 JavaThread "Attach Listener" daemon [_thread_blocked, id=35124, stack(0x000000eaaa300000,0x000000eaaa400000)]
  0x000002e2472c22e0 JavaThread "Service Thread" daemon [_thread_blocked, id=18656, stack(0x000000eaaa400000,0x000000eaaa500000)]
  0x000002e2472c3420 JavaThread "Monitor Deflation Thread" daemon [_thread_blocked, id=37360, stack(0x000000eaaa500000,0x000000eaaa600000)]
  0x000002e2472c7d90 JavaThread "C2 CompilerThread0" daemon [_thread_blocked, id=34916, stack(0x000000eaaa600000,0x000000eaaa700000)]
=>0x000002e2472ca4a0 JavaThread "C1 CompilerThread0" daemon [_thread_in_vm, id=41848, stack(0x000000eaaa700000,0x000000eaaa800000)]
  0x000002e2472d05b0 JavaThread "Sweeper thread" daemon [_thread_blocked, id=31124, stack(0x000000eaaa800000,0x000000eaaa900000)]
  0x000002e24b58a6d0 JavaThread "Common-Cleaner" daemon [_thread_blocked, id=10888, stack(0x000000eaaa900000,0x000000eaaaa00000)]
  0x000002e24b683660 JavaThread "Monitor Ctrl-Break" daemon [_thread_in_native, id=18660, stack(0x000000eaaaa00000,0x000000eaaab00000)]
  0x000002e24b683f20 JavaThread "Notification Thread" daemon [_thread_blocked, id=38456, stack(0x000000eaaab00000,0x000000eaaac00000)]
  0x000002e24b823500 JavaThread "Java2D Disposer" daemon [_thread_blocked, id=24184, stack(0x000000eaaad00000,0x000000eaaae00000)]
  0x000002e24b827110 JavaThread "AWT-Shutdown" [_thread_blocked, id=37564, stack(0x000000eaaae00000,0x000000eaaaf00000)]
  0x000002e24b82a510 JavaThread "AWT-Windows" daemon [_thread_in_native, id=21276, stack(0x000000eaaaf00000,0x000000eaab000000)]

Other Threads:
  0x000002e24729f9a0 VMThread "VM Thread" [stack: 0x000000eaa9f00000,0x000000eaaa000000] [id=35700]
  0x000002e24b685890 WatcherThread "VM Periodic Task Thread" [stack: 0x000000eaaac00000,0x000000eaaad00000] [id=26088]
  0x000002e222b07910 WorkerThread "GC Thread#0" [stack: 0x000000eaa9a00000,0x000000eaa9b00000] [id=41352]
  0x000002e222b18f20 ConcurrentGCThread "G1 Main Marker" [stack: 0x000000eaa9b00000,0x000000eaa9c00000] [id=36820]
  0x000002e222b1bfd0 WorkerThread "G1 Conc#0" [stack: 0x000000eaa9c00000,0x000000eaa9d00000] [id=41436]
  0x000002e247159140 ConcurrentGCThread "G1 Refine#0" [stack: 0x000000eaa9d00000,0x000000eaa9e00000] [id=36468]
  0x000002e24715aa60 ConcurrentGCThread "G1 Service" [stack: 0x000000eaa9e00000,0x000000eaa9f00000] [id=16280]

Threads with active compile tasks:
C1 CompilerThread0      946  522       3       java.util.ArrayList::add (25 bytes)

VM state: not at safepoint (normal execution)

VM Mutex/Monitor currently owned by a thread:  ([mutex/lock_event])
[0x000002e222a93500] Metaspace_lock - owner thread: 0x000002e2472ca4a0
[0x000002e222a95ce0] MethodData_lock - owner thread: 0x000002e2472ca4a0

Heap address: 0x000000070a000000, size: 3936 MB, Compressed Oops mode: Zero based, Oop shift amount: 3

CDS archive(s) mapped at: [0x0000000800000000-0x0000000800ba0000-0x0000000800ba0000), size 12189696, SharedBaseAddress: 0x0000000800000000, ArchiveRelocationMode: 0.
Compressed class space mapped at: 0x0000000800c00000-0x0000000840c00000, reserved size: 1073741824
Narrow klass base: 0x0000000800000000, Narrow klass shift: 0, Narrow klass range: 0x100000000

GC Precious Log:
 CardTable entry size: 512
 Card Set container configuration: InlinePtr #cards 4 size 8 Array Of Cards #cards 16 size 48 Howl #buckets 8 coarsen threshold 3686 Howl Bitmap #cards 512 size 80 coarsen threshold 460 Card regions per heap region 1 cards per card region 4096
 CPUs: 8 total, 8 available
 Memory: 15742M
 Large Page Support: Disabled
 NUMA Support: Disabled
 Compressed Oops: Enabled (Zero based)
 Heap Region Size: 2M
 Heap Min Capacity: 8M
 Heap Initial Capacity: 246M
 Heap Max Capacity: 3936M
 Pre-touch: Disabled
 Parallel Workers: 8
 Concurrent Workers: 2
 Concurrent Refinement Workers: 8
 Periodic GC: Disabled

Heap:
 garbage-first heap   total 251904K, used 4096K [0x000000070a000000, 0x0000000800000000)
  region size 2048K, 3 young (6144K), 0 survivors (0K)
 Metaspace       used 4246K, committed 4352K, reserved 1114112K
  class space    used 441K, committed 512K, reserved 1048576K

Heap Regions: E=young(eden), S=young(survivor), O=old, HS=humongous(starts), HC=humongous(continues), CS=collection set, F=free, OA=open archive, CA=closed archive, TAMS=top-at-mark-start (previous, next)
|   0|0x000000070a000000, 0x000000070a000000, 0x000000070a200000|  0%| F|  |TAMS 0x000000070a000000, 0x000000070a000000| Untracked 
|   1|0x000000070a200000, 0x000000070a200000, 0x000000070a400000|  0%| F|  |TAMS 0x000000070a200000, 0x000000070a200000| Untracked 
|   2|0x000000070a400000, 0x000000070a400000, 0x000000070a600000|  0%| F|  |TAMS 0x000000070a400000, 0x000000070a400000| Untracked 
|   3|0x000000070a600000, 0x000000070a600000, 0x000000070a800000|  0%| F|  |TAMS 0x000000070a600000, 0x000000070a600000| Untracked 
|   4|0x000000070a800000, 0x000000070a800000, 0x000000070aa00000|  0%| F|  |TAMS 0x000000070a800000, 0x000000070a800000| Untracked 
|   5|0x000000070aa00000, 0x000000070aa00000, 0x000000070ac00000|  0%| F|  |TAMS 0x000000070aa00000, 0x000000070aa00000| Untracked 
|   6|0x000000070ac00000, 0x000000070ac00000, 0x000000070ae00000|  0%| F|  |TAMS 0x000000070ac00000, 0x000000070ac00000| Untracked 
|   7|0x000000070ae00000, 0x000000070ae00000, 0x000000070b000000|  0%| F|  |TAMS 0x000000070ae00000, 0x000000070ae00000| Untracked 
|   8|0x000000070b000000, 0x000000070b000000, 0x000000070b200000|  0%| F|  |TAMS 0x000000070b000000, 0x000000070b000000| Untracked 
|   9|0x000000070b200000, 0x000000070b200000, 0x000000070b400000|  0%| F|  |TAMS 0x000000070b200000, 0x000000070b200000| Untracked 
|  10|0x000000070b400000, 0x000000070b400000, 0x000000070b600000|  0%| F|  |TAMS 0x000000070b400000, 0x000000070b400000| Untracked 
|  11|0x000000070b600000, 0x000000070b600000, 0x000000070b800000|  0%| F|  |TAMS 0x000000070b600000, 0x000000070b600000| Untracked 
|  12|0x000000070b800000, 0x000000070b800000, 0x000000070ba00000|  0%| F|  |TAMS 0x000000070b800000, 0x000000070b800000| Untracked 
|  13|0x000000070ba00000, 0x000000070ba00000, 0x000000070bc00000|  0%| F|  |TAMS 0x000000070ba00000, 0x000000070ba00000| Untracked 
|  14|0x000000070bc00000, 0x000000070bc00000, 0x000000070be00000|  0%| F|  |TAMS 0x000000070bc00000, 0x000000070bc00000| Untracked 
|  15|0x000000070be00000, 0x000000070be00000, 0x000000070c000000|  0%| F|  |TAMS 0x000000070be00000, 0x000000070be00000| Untracked 
|  16|0x000000070c000000, 0x000000070c000000, 0x000000070c200000|  0%| F|  |TAMS 0x000000070c000000, 0x000000070c000000| Untracked 
|  17|0x000000070c200000, 0x000000070c200000, 0x000000070c400000|  0%| F|  |TAMS 0x000000070c200000, 0x000000070c200000| Untracked 
|  18|0x000000070c400000, 0x000000070c400000, 0x000000070c600000|  0%| F|  |TAMS 0x000000070c400000, 0x000000070c400000| Untracked 
|  19|0x000000070c600000, 0x000000070c600000, 0x000000070c800000|  0%| F|  |TAMS 0x000000070c600000, 0x000000070c600000| Untracked 
|  20|0x000000070c800000, 0x000000070c800000, 0x000000070ca00000|  0%| F|  |TAMS 0x000000070c800000, 0x000000070c800000| Untracked 
|  21|0x000000070ca00000, 0x000000070ca00000, 0x000000070cc00000|  0%| F|  |TAMS 0x000000070ca00000, 0x000000070ca00000| Untracked 
|  22|0x000000070cc00000, 0x000000070cc00000, 0x000000070ce00000|  0%| F|  |TAMS 0x000000070cc00000, 0x000000070cc00000| Untracked 
|  23|0x000000070ce00000, 0x000000070ce00000, 0x000000070d000000|  0%| F|  |TAMS 0x000000070ce00000, 0x000000070ce00000| Untracked 
|  24|0x000000070d000000, 0x000000070d000000, 0x000000070d200000|  0%| F|  |TAMS 0x000000070d000000, 0x000000070d000000| Untracked 
|  25|0x000000070d200000, 0x000000070d200000, 0x000000070d400000|  0%| F|  |TAMS 0x000000070d200000, 0x000000070d200000| Untracked 
|  26|0x000000070d400000, 0x000000070d400000, 0x000000070d600000|  0%| F|  |TAMS 0x000000070d400000, 0x000000070d400000| Untracked 
|  27|0x000000070d600000, 0x000000070d600000, 0x000000070d800000|  0%| F|  |TAMS 0x000000070d600000, 0x000000070d600000| Untracked 
|  28|0x000000070d800000, 0x000000070d800000, 0x000000070da00000|  0%| F|  |TAMS 0x000000070d800000, 0x000000070d800000| Untracked 
|  29|0x000000070da00000, 0x000000070da00000, 0x000000070dc00000|  0%| F|  |TAMS 0x000000070da00000, 0x000000070da00000| Untracked 
|  30|0x000000070dc00000, 0x000000070dc00000, 0x000000070de00000|  0%| F|  |TAMS 0x000000070dc00000, 0x000000070dc00000| Untracked 
|  31|0x000000070de00000, 0x000000070de00000, 0x000000070e000000|  0%| F|  |TAMS 0x000000070de00000, 0x000000070de00000| Untracked 
|  32|0x000000070e000000, 0x000000070e000000, 0x000000070e200000|  0%| F|  |TAMS 0x000000070e000000, 0x000000070e000000| Untracked 
|  33|0x000000070e200000, 0x000000070e200000, 0x000000070e400000|  0%| F|  |TAMS 0x000000070e200000, 0x000000070e200000| Untracked 
|  34|0x000000070e400000, 0x000000070e400000, 0x000000070e600000|  0%| F|  |TAMS 0x000000070e400000, 0x000000070e400000| Untracked 
|  35|0x000000070e600000, 0x000000070e600000, 0x000000070e800000|  0%| F|  |TAMS 0x000000070e600000, 0x000000070e600000| Untracked 
|  36|0x000000070e800000, 0x000000070e800000, 0x000000070ea00000|  0%| F|  |TAMS 0x000000070e800000, 0x000000070e800000| Untracked 
|  37|0x000000070ea00000, 0x000000070ea00000, 0x000000070ec00000|  0%| F|  |TAMS 0x000000070ea00000, 0x000000070ea00000| Untracked 
|  38|0x000000070ec00000, 0x000000070ec00000, 0x000000070ee00000|  0%| F|  |TAMS 0x000000070ec00000, 0x000000070ec00000| Untracked 
|  39|0x000000070ee00000, 0x000000070ee00000, 0x000000070f000000|  0%| F|  |TAMS 0x000000070ee00000, 0x000000070ee00000| Untracked 
|  40|0x000000070f000000, 0x000000070f000000, 0x000000070f200000|  0%| F|  |TAMS 0x000000070f000000, 0x000000070f000000| Untracked 
|  41|0x000000070f200000, 0x000000070f200000, 0x000000070f400000|  0%| F|  |TAMS 0x000000070f200000, 0x000000070f200000| Untracked 
|  42|0x000000070f400000, 0x000000070f400000, 0x000000070f600000|  0%| F|  |TAMS 0x000000070f400000, 0x000000070f400000| Untracked 
|  43|0x000000070f600000, 0x000000070f600000, 0x000000070f800000|  0%| F|  |TAMS 0x000000070f600000, 0x000000070f600000| Untracked 
|  44|0x000000070f800000, 0x000000070f800000, 0x000000070fa00000|  0%| F|  |TAMS 0x000000070f800000, 0x000000070f800000| Untracked 
|  45|0x000000070fa00000, 0x000000070fa00000, 0x000000070fc00000|  0%| F|  |TAMS 0x000000070fa00000, 0x000000070fa00000| Untracked 
|  46|0x000000070fc00000, 0x000000070fc00000, 0x000000070fe00000|  0%| F|  |TAMS 0x000000070fc00000, 0x000000070fc00000| Untracked 
|  47|0x000000070fe00000, 0x000000070fe00000, 0x0000000710000000|  0%| F|  |TAMS 0x000000070fe00000, 0x000000070fe00000| Untracked 
|  48|0x0000000710000000, 0x0000000710000000, 0x0000000710200000|  0%| F|  |TAMS 0x0000000710000000, 0x0000000710000000| Untracked 
|  49|0x0000000710200000, 0x0000000710200000, 0x0000000710400000|  0%| F|  |TAMS 0x0000000710200000, 0x0000000710200000| Untracked 
|  50|0x0000000710400000, 0x0000000710400000, 0x0000000710600000|  0%| F|  |TAMS 0x0000000710400000, 0x0000000710400000| Untracked 
|  51|0x0000000710600000, 0x0000000710600000, 0x0000000710800000|  0%| F|  |TAMS 0x0000000710600000, 0x0000000710600000| Untracked 
|  52|0x0000000710800000, 0x0000000710800000, 0x0000000710a00000|  0%| F|  |TAMS 0x0000000710800000, 0x0000000710800000| Untracked 
|  53|0x0000000710a00000, 0x0000000710a00000, 0x0000000710c00000|  0%| F|  |TAMS 0x0000000710a00000, 0x0000000710a00000| Untracked 
|  54|0x0000000710c00000, 0x0000000710c00000, 0x0000000710e00000|  0%| F|  |TAMS 0x0000000710c00000, 0x0000000710c00000| Untracked 
|  55|0x0000000710e00000, 0x0000000710e00000, 0x0000000711000000|  0%| F|  |TAMS 0x0000000710e00000, 0x0000000710e00000| Untracked 
|  56|0x0000000711000000, 0x0000000711000000, 0x0000000711200000|  0%| F|  |TAMS 0x0000000711000000, 0x0000000711000000| Untracked 
|  57|0x0000000711200000, 0x0000000711200000, 0x0000000711400000|  0%| F|  |TAMS 0x0000000711200000, 0x0000000711200000| Untracked 
|  58|0x0000000711400000, 0x0000000711400000, 0x0000000711600000|  0%| F|  |TAMS 0x0000000711400000, 0x0000000711400000| Untracked 
|  59|0x0000000711600000, 0x0000000711600000, 0x0000000711800000|  0%| F|  |TAMS 0x0000000711600000, 0x0000000711600000| Untracked 
|  60|0x0000000711800000, 0x0000000711800000, 0x0000000711a00000|  0%| F|  |TAMS 0x0000000711800000, 0x0000000711800000| Untracked 
|  61|0x0000000711a00000, 0x0000000711a00000, 0x0000000711c00000|  0%| F|  |TAMS 0x0000000711a00000, 0x0000000711a00000| Untracked 
|  62|0x0000000711c00000, 0x0000000711c00000, 0x0000000711e00000|  0%| F|  |TAMS 0x0000000711c00000, 0x0000000711c00000| Untracked 
|  63|0x0000000711e00000, 0x0000000711e00000, 0x0000000712000000|  0%| F|  |TAMS 0x0000000711e00000, 0x0000000711e00000| Untracked 
|  64|0x0000000712000000, 0x0000000712000000, 0x0000000712200000|  0%| F|  |TAMS 0x0000000712000000, 0x0000000712000000| Untracked 
|  65|0x0000000712200000, 0x0000000712200000, 0x0000000712400000|  0%| F|  |TAMS 0x0000000712200000, 0x0000000712200000| Untracked 
|  66|0x0000000712400000, 0x0000000712400000, 0x0000000712600000|  0%| F|  |TAMS 0x0000000712400000, 0x0000000712400000| Untracked 
|  67|0x0000000712600000, 0x0000000712600000, 0x0000000712800000|  0%| F|  |TAMS 0x0000000712600000, 0x0000000712600000| Untracked 
|  68|0x0000000712800000, 0x0000000712800000, 0x0000000712a00000|  0%| F|  |TAMS 0x0000000712800000, 0x0000000712800000| Untracked 
|  69|0x0000000712a00000, 0x0000000712a00000, 0x0000000712c00000|  0%| F|  |TAMS 0x0000000712a00000, 0x0000000712a00000| Untracked 
|  70|0x0000000712c00000, 0x0000000712c00000, 0x0000000712e00000|  0%| F|  |TAMS 0x0000000712c00000, 0x0000000712c00000| Untracked 
|  71|0x0000000712e00000, 0x0000000712e00000, 0x0000000713000000|  0%| F|  |TAMS 0x0000000712e00000, 0x0000000712e00000| Untracked 
|  72|0x0000000713000000, 0x0000000713000000, 0x0000000713200000|  0%| F|  |TAMS 0x0000000713000000, 0x0000000713000000| Untracked 
|  73|0x0000000713200000, 0x0000000713200000, 0x0000000713400000|  0%| F|  |TAMS 0x0000000713200000, 0x0000000713200000| Untracked 
|  74|0x0000000713400000, 0x0000000713400000, 0x0000000713600000|  0%| F|  |TAMS 0x0000000713400000, 0x0000000713400000| Untracked 
|  75|0x0000000713600000, 0x0000000713600000, 0x0000000713800000|  0%| F|  |TAMS 0x0000000713600000, 0x0000000713600000| Untracked 
|  76|0x0000000713800000, 0x0000000713800000, 0x0000000713a00000|  0%| F|  |TAMS 0x0000000713800000, 0x0000000713800000| Untracked 
|  77|0x0000000713a00000, 0x0000000713a00000, 0x0000000713c00000|  0%| F|  |TAMS 0x0000000713a00000, 0x0000000713a00000| Untracked 
|  78|0x0000000713c00000, 0x0000000713c00000, 0x0000000713e00000|  0%| F|  |TAMS 0x0000000713c00000, 0x0000000713c00000| Untracked 
|  79|0x0000000713e00000, 0x0000000713e00000, 0x0000000714000000|  0%| F|  |TAMS 0x0000000713e00000, 0x0000000713e00000| Untracked 
|  80|0x0000000714000000, 0x0000000714000000, 0x0000000714200000|  0%| F|  |TAMS 0x0000000714000000, 0x0000000714000000| Untracked 
|  81|0x0000000714200000, 0x0000000714200000, 0x0000000714400000|  0%| F|  |TAMS 0x0000000714200000, 0x0000000714200000| Untracked 
|  82|0x0000000714400000, 0x0000000714400000, 0x0000000714600000|  0%| F|  |TAMS 0x0000000714400000, 0x0000000714400000| Untracked 
|  83|0x0000000714600000, 0x0000000714600000, 0x0000000714800000|  0%| F|  |TAMS 0x0000000714600000, 0x0000000714600000| Untracked 
|  84|0x0000000714800000, 0x0000000714800000, 0x0000000714a00000|  0%| F|  |TAMS 0x0000000714800000, 0x0000000714800000| Untracked 
|  85|0x0000000714a00000, 0x0000000714a00000, 0x0000000714c00000|  0%| F|  |TAMS 0x0000000714a00000, 0x0000000714a00000| Untracked 
|  86|0x0000000714c00000, 0x0000000714c00000, 0x0000000714e00000|  0%| F|  |TAMS 0x0000000714c00000, 0x0000000714c00000| Untracked 
|  87|0x0000000714e00000, 0x0000000714e00000, 0x0000000715000000|  0%| F|  |TAMS 0x0000000714e00000, 0x0000000714e00000| Untracked 
|  88|0x0000000715000000, 0x0000000715000000, 0x0000000715200000|  0%| F|  |TAMS 0x0000000715000000, 0x0000000715000000| Untracked 
|  89|0x0000000715200000, 0x0000000715200000, 0x0000000715400000|  0%| F|  |TAMS 0x0000000715200000, 0x0000000715200000| Untracked 
|  90|0x0000000715400000, 0x0000000715400000, 0x0000000715600000|  0%| F|  |TAMS 0x0000000715400000, 0x0000000715400000| Untracked 
|  91|0x0000000715600000, 0x0000000715600000, 0x0000000715800000|  0%| F|  |TAMS 0x0000000715600000, 0x0000000715600000| Untracked 
|  92|0x0000000715800000, 0x0000000715800000, 0x0000000715a00000|  0%| F|  |TAMS 0x0000000715800000, 0x0000000715800000| Untracked 
|  93|0x0000000715a00000, 0x0000000715a00000, 0x0000000715c00000|  0%| F|  |TAMS 0x0000000715a00000, 0x0000000715a00000| Untracked 
|  94|0x0000000715c00000, 0x0000000715c00000, 0x0000000715e00000|  0%| F|  |TAMS 0x0000000715c00000, 0x0000000715c00000| Untracked 
|  95|0x0000000715e00000, 0x0000000715e00000, 0x0000000716000000|  0%| F|  |TAMS 0x0000000715e00000, 0x0000000715e00000| Untracked 
|  96|0x0000000716000000, 0x0000000716000000, 0x0000000716200000|  0%| F|  |TAMS 0x0000000716000000, 0x0000000716000000| Untracked 
|  97|0x0000000716200000, 0x0000000716200000, 0x0000000716400000|  0%| F|  |TAMS 0x0000000716200000, 0x0000000716200000| Untracked 
|  98|0x0000000716400000, 0x0000000716400000, 0x0000000716600000|  0%| F|  |TAMS 0x0000000716400000, 0x0000000716400000| Untracked 
|  99|0x0000000716600000, 0x0000000716600000, 0x0000000716800000|  0%| F|  |TAMS 0x0000000716600000, 0x0000000716600000| Untracked 
| 100|0x0000000716800000, 0x0000000716800000, 0x0000000716a00000|  0%| F|  |TAMS 0x0000000716800000, 0x0000000716800000| Untracked 
| 101|0x0000000716a00000, 0x0000000716a00000, 0x0000000716c00000|  0%| F|  |TAMS 0x0000000716a00000, 0x0000000716a00000| Untracked 
| 102|0x0000000716c00000, 0x0000000716c00000, 0x0000000716e00000|  0%| F|  |TAMS 0x0000000716c00000, 0x0000000716c00000| Untracked 
| 103|0x0000000716e00000, 0x0000000716e00000, 0x0000000717000000|  0%| F|  |TAMS 0x0000000716e00000, 0x0000000716e00000| Untracked 
| 104|0x0000000717000000, 0x0000000717000000, 0x0000000717200000|  0%| F|  |TAMS 0x0000000717000000, 0x0000000717000000| Untracked 
| 105|0x0000000717200000, 0x0000000717200000, 0x0000000717400000|  0%| F|  |TAMS 0x0000000717200000, 0x0000000717200000| Untracked 
| 106|0x0000000717400000, 0x0000000717400000, 0x0000000717600000|  0%| F|  |TAMS 0x0000000717400000, 0x0000000717400000| Untracked 
| 107|0x0000000717600000, 0x0000000717600000, 0x0000000717800000|  0%| F|  |TAMS 0x0000000717600000, 0x0000000717600000| Untracked 
| 108|0x0000000717800000, 0x0000000717800000, 0x0000000717a00000|  0%| F|  |TAMS 0x0000000717800000, 0x0000000717800000| Untracked 
| 109|0x0000000717a00000, 0x0000000717a00000, 0x0000000717c00000|  0%| F|  |TAMS 0x0000000717a00000, 0x0000000717a00000| Untracked 
| 110|0x0000000717c00000, 0x0000000717c00000, 0x0000000717e00000|  0%| F|  |TAMS 0x0000000717c00000, 0x0000000717c00000| Untracked 
| 111|0x0000000717e00000, 0x0000000717e00000, 0x0000000718000000|  0%| F|  |TAMS 0x0000000717e00000, 0x0000000717e00000| Untracked 
| 112|0x0000000718000000, 0x0000000718000000, 0x0000000718200000|  0%| F|  |TAMS 0x0000000718000000, 0x0000000718000000| Untracked 
| 113|0x0000000718200000, 0x0000000718200000, 0x0000000718400000|  0%| F|  |TAMS 0x0000000718200000, 0x0000000718200000| Untracked 
| 114|0x0000000718400000, 0x0000000718400000, 0x0000000718600000|  0%| F|  |TAMS 0x0000000718400000, 0x0000000718400000| Untracked 
| 115|0x0000000718600000, 0x0000000718600000, 0x0000000718800000|  0%| F|  |TAMS 0x0000000718600000, 0x0000000718600000| Untracked 
| 116|0x0000000718800000, 0x0000000718800000, 0x0000000718a00000|  0%| F|  |TAMS 0x0000000718800000, 0x0000000718800000| Untracked 
| 117|0x0000000718a00000, 0x0000000718a00000, 0x0000000718c00000|  0%| F|  |TAMS 0x0000000718a00000, 0x0000000718a00000| Untracked 
| 118|0x0000000718c00000, 0x0000000718c00000, 0x0000000718e00000|  0%| F|  |TAMS 0x0000000718c00000, 0x0000000718c00000| Untracked 
| 119|0x0000000718e00000, 0x0000000718e00000, 0x0000000719000000|  0%| F|  |TAMS 0x0000000718e00000, 0x0000000718e00000| Untracked 
| 120|0x0000000719000000, 0x00000007191527d0, 0x0000000719200000| 66%| E|  |TAMS 0x0000000719000000, 0x0000000719000000| Complete 
| 121|0x0000000719200000, 0x0000000719400000, 0x0000000719400000|100%| E|CS|TAMS 0x0000000719200000, 0x0000000719200000| Complete 
| 122|0x0000000719400000, 0x0000000719600000, 0x0000000719600000|100%| E|CS|TAMS 0x0000000719400000, 0x0000000719400000| Complete 

Card table byte_map: [0x000002e23bdd0000,0x000002e23c580000] _byte_map_base: 0x000002e238580000

Marking Bits (Prev, Next): (CMBitMap*) 0x000002e222b08f20, (CMBitMap*) 0x000002e222b08f60
 Prev Bits: [0x000002e23cd30000, 0x000002e240ab0000)
 Next Bits: [0x000002e240ab0000, 0x000002e244830000)

Polling page: 0x000002e222b50000

Metaspace:

Usage:
  Non-class:      3.72 MB used.
      Class:    441.77 KB used.
       Both:      4.15 MB used.

Virtual space:
  Non-class space:       64.00 MB reserved,       3.75 MB (  6%) committed,  1 nodes.
      Class space:        1.00 GB reserved,     512.00 KB ( <1%) committed,  1 nodes.
             Both:        1.06 GB reserved,       4.25 MB ( <1%) committed. 

Chunk freelists:
   Non-Class:  3.88 MB
       Class:  3.52 MB
        Both:  7.40 MB

MaxMetaspaceSize: unlimited
CompressedClassSpaceSize: 1.00 GB
Initial GC threshold: 21.00 MB
Current GC threshold: 21.00 MB
CDS: on
MetaspaceReclaimPolicy: balanced
 - commit_granule_bytes: 65536.
 - commit_granule_words: 8192.
 - virtual_space_node_default_size: 8388608.
 - enlarge_chunks_in_place: 1.
 - new_chunks_are_fully_committed: 0.
 - uncommit_free_chunks: 1.
 - use_allocation_guard: 0.


Internal statistics:

num_allocs_failed_limit: 0.
num_arena_births: 108.
num_arena_deaths: 0.
num_vsnodes_births: 2.
num_vsnodes_deaths: 0.
num_space_committed: 68.
num_space_uncommitted: 0.
num_chunks_returned_to_freelist: 0.
num_chunks_taken_from_freelist: 141.
num_chunk_merges: 0.
num_chunk_splits: 84.
num_chunks_enlarged: 31.
num_inconsistent_stats: 0.

CodeHeap 'non-profiled nmethods': size=120000Kb used=156Kb max_used=156Kb free=119843Kb
 bounds [0x000002e233680000, 0x000002e2338f0000, 0x000002e23abb0000]
CodeHeap 'profiled nmethods': size=120000Kb used=755Kb max_used=755Kb free=119244Kb
 bounds [0x000002e22c150000, 0x000002e22c3c0000, 0x000002e233680000]
CodeHeap 'non-nmethods': size=5760Kb used=1196Kb max_used=1212Kb free=4563Kb
 bounds [0x000002e22bbb0000, 0x000002e22be20000, 0x000002e22c150000]
 total_blobs=1009 nmethods=521 adapters=401
 compilation: enabled
              stopped_count=0, restarted_count=0
 full_count=0

Compilation events (20 events):
Event: 0.785 Thread 0x000002e2472ca4a0  510       1       java.lang.invoke.DirectMethodHandle::isCrackable (5 bytes)
Event: 0.785 Thread 0x000002e2472ca4a0 nmethod 510 0x000002e2336a5890 code [0x000002e2336a5a20, 0x000002e2336a5af8]
Event: 0.787 Thread 0x000002e2472ca4a0  512       3       java.lang.StringBuilder::append (8 bytes)
Event: 0.787 Thread 0x000002e2472ca4a0 nmethod 512 0x000002e22c208210 code [0x000002e22c2083a0, 0x000002e22c2084e8]
Event: 0.787 Thread 0x000002e2472ca4a0  513       3       java.lang.AbstractStringBuilder::append (55 bytes)
Event: 0.787 Thread 0x000002e2472ca4a0 nmethod 513 0x000002e22c208590 code [0x000002e22c208760, 0x000002e22c208a98]
Event: 0.793 Thread 0x000002e2472ca4a0  514       3       jdk.internal.jimage.ImageStringsReader::unmaskedHashCode (166 bytes)
Event: 0.794 Thread 0x000002e2472ca4a0 nmethod 514 0x000002e22c208c10 code [0x000002e22c208e40, 0x000002e22c2099b8]
Event: 0.796 Thread 0x000002e2472ca4a0  515       3       java.lang.CharacterData::of (136 bytes)
Event: 0.796 Thread 0x000002e2472ca4a0 nmethod 515 0x000002e22c209e90 code [0x000002e22c20a0c0, 0x000002e22c20aa58]
Event: 0.796 Thread 0x000002e2472c7d90  516       4       java.util.HashMap::putVal (300 bytes)
Event: 0.797 Thread 0x000002e2472ca4a0  517       3       java.lang.String::endsWith (15 bytes)
Event: 0.797 Thread 0x000002e2472ca4a0 nmethod 517 0x000002e22c20ac90 code [0x000002e22c20ae60, 0x000002e22c20b1a8]
Event: 0.797 Thread 0x000002e2472ca4a0  518       3       sun.util.ResourceBundleEnumeration::hasMoreElements (117 bytes)
Event: 0.798 Thread 0x000002e2472ca4a0 nmethod 518 0x000002e22c20b390 code [0x000002e22c20b5c0, 0x000002e22c20c0c8]
Event: 0.800 Thread 0x000002e2472ca4a0  520       3       java.lang.invoke.Invokers::checkExactType (17 bytes)
Event: 0.801 Thread 0x000002e2472ca4a0 nmethod 520 0x000002e22c20c310 code [0x000002e22c20c4c0, 0x000002e22c20c6c8]
Event: 0.801 Thread 0x000002e2472ca4a0  521       3       java.lang.invoke.Invokers::checkCustomized (23 bytes)
Event: 0.801 Thread 0x000002e2472ca4a0 nmethod 521 0x000002e22c20c810 code [0x000002e22c20c9c0, 0x000002e22c20cba8]
Event: 0.812 Thread 0x000002e2472ca4a0  522       3       java.util.ArrayList::add (25 bytes)

GC Heap History (0 events):
No events

Deoptimization events (20 events):
Event: 0.224 Thread 0x000002e222a9a2d0 Uncommon trap: trap_request=0xffffff45 fr.pc=0x000002e233690230 relative=0x00000000000000b0
Event: 0.224 Thread 0x000002e222a9a2d0 Uncommon trap: reason=unstable_if action=reinterpret pc=0x000002e233690230 method=java.lang.String.isLatin1()Z @ 10 c2
Event: 0.224 Thread 0x000002e222a9a2d0 DEOPT PACKING pc=0x000002e233690230 sp=0x000000eaa99fed50
Event: 0.224 Thread 0x000002e222a9a2d0 DEOPT UNPACKING pc=0x000002e22bc023a3 sp=0x000000eaa99fec90 mode 2
Event: 0.794 Thread 0x000002e222a9a2d0 Uncommon trap: trap_request=0xffffffc6 fr.pc=0x000002e23368d10c relative=0x0000000000000aec
Event: 0.794 Thread 0x000002e222a9a2d0 Uncommon trap: reason=bimorphic_or_optimized_type_check action=maybe_recompile pc=0x000002e23368d10c method=java.util.HashMap.putVal(ILjava/lang/Object;Ljava/lang/Object;ZZ)Ljava/lang/Object; @ 56 c2
Event: 0.794 Thread 0x000002e222a9a2d0 DEOPT PACKING pc=0x000002e23368d10c sp=0x000000eaa99fe9e0
Event: 0.794 Thread 0x000002e222a9a2d0 DEOPT UNPACKING pc=0x000002e22bc023a3 sp=0x000000eaa99fe968 mode 2
Event: 0.794 Thread 0x000002e222a9a2d0 Uncommon trap: trap_request=0xffffffc6 fr.pc=0x000002e23368d10c relative=0x0000000000000aec
Event: 0.794 Thread 0x000002e222a9a2d0 Uncommon trap: reason=bimorphic_or_optimized_type_check action=maybe_recompile pc=0x000002e23368d10c method=java.util.HashMap.putVal(ILjava/lang/Object;Ljava/lang/Object;ZZ)Ljava/lang/Object; @ 56 c2
Event: 0.794 Thread 0x000002e222a9a2d0 DEOPT PACKING pc=0x000002e23368d10c sp=0x000000eaa99fe9e0
Event: 0.794 Thread 0x000002e222a9a2d0 DEOPT UNPACKING pc=0x000002e22bc023a3 sp=0x000000eaa99fe968 mode 2
Event: 0.794 Thread 0x000002e222a9a2d0 Uncommon trap: trap_request=0xffffffc6 fr.pc=0x000002e23368d10c relative=0x0000000000000aec
Event: 0.794 Thread 0x000002e222a9a2d0 Uncommon trap: reason=bimorphic_or_optimized_type_check action=maybe_recompile pc=0x000002e23368d10c method=java.util.HashMap.putVal(ILjava/lang/Object;Ljava/lang/Object;ZZ)Ljava/lang/Object; @ 56 c2
Event: 0.794 Thread 0x000002e222a9a2d0 DEOPT PACKING pc=0x000002e23368d10c sp=0x000000eaa99fe9e0
Event: 0.794 Thread 0x000002e222a9a2d0 DEOPT UNPACKING pc=0x000002e22bc023a3 sp=0x000000eaa99fe968 mode 2
Event: 0.794 Thread 0x000002e222a9a2d0 Uncommon trap: trap_request=0xffffffc6 fr.pc=0x000002e23368d10c relative=0x0000000000000aec
Event: 0.794 Thread 0x000002e222a9a2d0 Uncommon trap: reason=bimorphic_or_optimized_type_check action=maybe_recompile pc=0x000002e23368d10c method=java.util.HashMap.putVal(ILjava/lang/Object;Ljava/lang/Object;ZZ)Ljava/lang/Object; @ 56 c2
Event: 0.794 Thread 0x000002e222a9a2d0 DEOPT PACKING pc=0x000002e23368d10c sp=0x000000eaa99fe9e0
Event: 0.794 Thread 0x000002e222a9a2d0 DEOPT UNPACKING pc=0x000002e22bc023a3 sp=0x000000eaa99fe968 mode 2

Classes loaded (20 events):
Event: 0.809 Loading class javax/swing/SwingDefaultFocusTraversalPolicy done
Event: 0.809 Loading class javax/swing/LayoutComparator
Event: 0.809 Loading class javax/swing/LayoutComparator done
Event: 0.809 Loading class javax/swing/plaf/metal/MetalRootPaneUI
Event: 0.810 Loading class javax/swing/plaf/basic/BasicRootPaneUI
Event: 0.810 Loading class javax/swing/plaf/RootPaneUI
Event: 0.810 Loading class javax/swing/plaf/RootPaneUI done
Event: 0.810 Loading class javax/swing/plaf/basic/BasicRootPaneUI done
Event: 0.810 Loading class javax/swing/plaf/metal/MetalRootPaneUI done
Event: 0.811 Loading class javax/swing/plaf/basic/BasicRootPaneUI$RootPaneInputMap
Event: 0.811 Loading class javax/swing/plaf/ComponentInputMapUIResource
Event: 0.811 Loading class javax/swing/ComponentInputMap
Event: 0.811 Loading class javax/swing/InputMap
Event: 0.811 Loading class javax/swing/InputMap done
Event: 0.812 Loading class javax/swing/ComponentInputMap done
Event: 0.812 Loading class javax/swing/plaf/ComponentInputMapUIResource done
Event: 0.812 Loading class javax/swing/plaf/basic/BasicRootPaneUI$RootPaneInputMap done
Event: 0.812 Loading class javax/swing/plaf/InputMapUIResource
Event: 0.812 Loading class javax/swing/plaf/InputMapUIResource done
Event: 0.812 Loading class java/awt/VKCollection

Classes unloaded (0 events):
No events

Classes redefined (0 events):
No events

Internal exceptions (12 events):
Event: 0.199 Thread 0x000002e222a9a2d0 Exception <a 'java/lang/NoSuchMethodError'{0x0000000719217e18}: 'void java.lang.invoke.DirectMethodHandle$Holder.invokeStatic(java.lang.Object, java.lang.Object, java.lang.Object)'> (0x0000000719217e18) 
thrown [s\open\src\hotspot\share\interpreter\linkResolver.cpp, line 766]
Event: 0.211 Thread 0x000002e222a9a2d0 Exception <a 'java/lang/NoSuchMethodError'{0x0000000719230b30}: 'java.lang.Object java.lang.invoke.Invokers$Holder.invokeExact_MT(java.lang.Object, java.lang.Object, java.lang.Object, java.lang.Object, java.lang.Object)'> (0x0000000719230b30) 
thrown [s\open\src\hotspot\share\interpreter\linkResolver.cpp, line 766]
Event: 0.241 Thread 0x000002e24b683660 Exception <a 'java/lang/NoSuchMethodError'{0x0000000719277e00}: 'void java.lang.invoke.DirectMethodHandle$Holder.invokeStatic(java.lang.Object, java.lang.Object)'> (0x0000000719277e00) 
thrown [s\open\src\hotspot\share\interpreter\linkResolver.cpp, line 766]
Event: 0.258 Thread 0x000002e222a9a2d0 Exception <a 'java/lang/ClassNotFoundException'{0x0000000719251080}: sun/awt/resources/spi/awtProvider> (0x0000000719251080) 
thrown [s\open\src\hotspot\share\classfile\systemDictionary.cpp, line 255]
Event: 0.310 Thread 0x000002e222a9a2d0 Exception <a 'java/io/FileNotFoundException'{0x0000000719312e18}> (0x0000000719312e18) 
thrown [s\open\src\hotspot\share\prims\jni.cpp, line 516]
Event: 0.325 Thread 0x000002e222a9a2d0 Exception <a 'java/io/FileNotFoundException'{0x000000071933fbe8}> (0x000000071933fbe8) 
thrown [s\open\src\hotspot\share\prims\jni.cpp, line 516]
Event: 0.442 Thread 0x000002e222a9a2d0 Exception <a 'java/lang/NoSuchMethodError'{0x00000007193831c0}: 'java.lang.Object java.lang.invoke.DirectMethodHandle$Holder.invokeStaticInit(java.lang.Object)'> (0x00000007193831c0) 
thrown [s\open\src\hotspot\share\interpreter\linkResolver.cpp, line 766]
Event: 0.697 Thread 0x000002e222a9a2d0 Exception <a 'java/lang/NoSuchMethodError'{0x000000071900a4a8}: 'void java.lang.invoke.DirectMethodHandle$Holder.invokeSpecial(java.lang.Object, java.lang.Object, java.lang.Object)'> (0x000000071900a4a8) 
thrown [s\open\src\hotspot\share\interpreter\linkResolver.cpp, line 766]
Event: 0.719 Thread 0x000002e222a9a2d0 Exception <a 'java/lang/NoSuchMethodError'{0x0000000719035288}: 'java.lang.Object java.lang.invoke.DirectMethodHandle$Holder.newInvokeSpecial(java.lang.Object, java.lang.Object, java.lang.Object, java.lang.Object, java.lang.Object)'> (0x0000000719035288) 
thrown [s\open\src\hotspot\share\interpreter\linkResolver.cpp, line 766]
Event: 0.735 Thread 0x000002e222a9a2d0 Exception <a 'java/lang/NoSuchMethodError'{0x0000000719066b98}: 'java.lang.Object java.lang.invoke.DirectMethodHandle$Holder.invokeStatic(java.lang.Object, int, java.lang.Object)'> (0x0000000719066b98) 
thrown [s\open\src\hotspot\share\interpreter\linkResolver.cpp, line 766]
Event: 0.793 Thread 0x000002e222a9a2d0 Exception <a 'java/lang/ClassNotFoundException'{0x0000000719123840}: com/sun/swing/internal/plaf/metal/resources/spi/metalProvider> (0x0000000719123840) 
thrown [s\open\src\hotspot\share\classfile\systemDictionary.cpp, line 255]
Event: 0.795 Thread 0x000002e222a9a2d0 Exception <a 'java/lang/ClassNotFoundException'{0x00000007191278c8}: com/sun/swing/internal/plaf/basic/resources/spi/basicProvider> (0x00000007191278c8) 
thrown [s\open\src\hotspot\share\classfile\systemDictionary.cpp, line 255]

VM Operations (4 events):
Event: 0.136 Executing VM operation: HandshakeAllThreads
Event: 0.136 Executing VM operation: HandshakeAllThreads done
Event: 0.227 Executing VM operation: HandshakeAllThreads
Event: 0.227 Executing VM operation: HandshakeAllThreads done

Events (20 events):
Event: 0.076 Thread 0x000002e2472c11a0 Thread added: 0x000002e2472c11a0
Event: 0.076 Thread 0x000002e2472c22e0 Thread added: 0x000002e2472c22e0
Event: 0.076 Thread 0x000002e2472c3420 Thread added: 0x000002e2472c3420
Event: 0.076 Thread 0x000002e2472c7d90 Thread added: 0x000002e2472c7d90
Event: 0.076 Thread 0x000002e2472ca4a0 Thread added: 0x000002e2472ca4a0
Event: 0.077 Thread 0x000002e2472d05b0 Thread added: 0x000002e2472d05b0
Event: 0.119 Thread 0x000002e24b58a6d0 Thread added: 0x000002e24b58a6d0
Event: 0.160 Loaded shared library C:\Program Files\Java\jdk-18.0.1.1\bin\zip.dll
Event: 0.168 Loaded shared library C:\Program Files\Java\jdk-18.0.1.1\bin\instrument.dll
Event: 0.183 Loaded shared library C:\Program Files\Java\jdk-18.0.1.1\bin\net.dll
Event: 0.189 Loaded shared library C:\Program Files\Java\jdk-18.0.1.1\bin\nio.dll
Event: 0.196 Loaded shared library C:\Program Files\Java\jdk-18.0.1.1\bin\zip.dll
Event: 0.221 Loaded shared library C:\Program Files\JetBrains\IntelliJ IDEA Community Edition 2023.2\bin\breakgen64.dll
Event: 0.223 Thread 0x000002e24b683660 Thread added: 0x000002e24b683660
Event: 0.223 Thread 0x000002e24b683f20 Thread added: 0x000002e24b683f20
Event: 0.246 Loaded shared library C:\Program Files\Java\jdk-18.0.1.1\bin\jimage.dll
Event: 0.285 Loaded shared library C:\Program Files\Java\jdk-18.0.1.1\bin\awt.dll
Event: 0.444 Thread 0x000002e24b823500 Thread added: 0x000002e24b823500
Event: 0.446 Thread 0x000002e24b827110 Thread added: 0x000002e24b827110
Event: 0.448 Thread 0x000002e24b82a510 Thread added: 0x000002e24b82a510


Dynamic libraries:
0x00007ff613920000 - 0x00007ff613930000 	C:\Program Files\Java\jdk-18.0.1.1\bin\java.exe
0x00007ffbb8850000 - 0x00007ffbb8a67000 	C:\WINDOWS\SYSTEM32\ntdll.dll
0x00007ffb78de0000 - 0x00007ffb78df9000 	C:\Program Files\Avast Software\Avast\aswhook.dll
0x00007ffbb83c0000 - 0x00007ffbb8484000 	C:\WINDOWS\System32\KERNEL32.DLL
0x00007ffbb5ec0000 - 0x00007ffbb6267000 	C:\WINDOWS\System32\KERNELBASE.dll
0x00007ffbb6270000 - 0x00007ffbb6381000 	C:\WINDOWS\System32\ucrtbase.dll
0x00007ffbb06c0000 - 0x00007ffbb06d8000 	C:\Program Files\Java\jdk-18.0.1.1\bin\jli.dll
0x00007ffbaee40000 - 0x00007ffbaee5a000 	C:\Program Files\Java\jdk-18.0.1.1\bin\VCRUNTIME140.dll
0x00007ffbb7f70000 - 0x00007ffbb8022000 	C:\WINDOWS\System32\ADVAPI32.dll
0x00007ffbb8510000 - 0x00007ffbb85b7000 	C:\WINDOWS\System32\msvcrt.dll
0x00007ffbb67e0000 - 0x00007ffbb6888000 	C:\WINDOWS\System32\sechost.dll
0x00007ffbb5d70000 - 0x00007ffbb5d98000 	C:\WINDOWS\System32\bcrypt.dll
0x00007ffbb8670000 - 0x00007ffbb8785000 	C:\WINDOWS\System32\RPCRT4.dll
0x00007ffbb75a0000 - 0x00007ffbb774e000 	C:\WINDOWS\System32\USER32.dll
0x00007ffbb5ca0000 - 0x00007ffbb5cc6000 	C:\WINDOWS\System32\win32u.dll
0x00007ffb91ba0000 - 0x00007ffb91e33000 	C:\WINDOWS\WinSxS\amd64_microsoft.windows.common-controls_6595b64144ccf1df_6.0.22621.3527_none_270e469b73872a76\COMCTL32.dll
0x00007ffbb85e0000 - 0x00007ffbb8609000 	C:\WINDOWS\System32\GDI32.dll
0x00007ffbb5da0000 - 0x00007ffbb5eb9000 	C:\WINDOWS\System32\gdi32full.dll
0x00007ffbb5cd0000 - 0x00007ffbb5d6a000 	C:\WINDOWS\System32\msvcp_win.dll
0x00007ffbac710000 - 0x00007ffbac71a000 	C:\WINDOWS\SYSTEM32\VERSION.dll
0x00007ffbb6890000 - 0x00007ffbb68c1000 	C:\WINDOWS\System32\IMM32.DLL
0x00007ffbb0a30000 - 0x00007ffbb0a3c000 	C:\Program Files\Java\jdk-18.0.1.1\bin\vcruntime140_1.dll
0x00007ffb9ee30000 - 0x00007ffb9eebd000 	C:\Program Files\Java\jdk-18.0.1.1\bin\msvcp140.dll
0x00007ffb6c930000 - 0x00007ffb6d540000 	C:\Program Files\Java\jdk-18.0.1.1\bin\server\jvm.dll
0x00007ffbb7500000 - 0x00007ffbb7508000 	C:\WINDOWS\System32\PSAPI.DLL
0x00007ffba54b0000 - 0x00007ffba54b9000 	C:\WINDOWS\SYSTEM32\WSOCK32.dll
0x00007ffbada60000 - 0x00007ffbada94000 	C:\WINDOWS\SYSTEM32\WINMM.dll
0x00007ffbb7750000 - 0x00007ffbb77c1000 	C:\WINDOWS\System32\WS2_32.dll
0x00007ffbb4b90000 - 0x00007ffbb4ba8000 	C:\WINDOWS\SYSTEM32\kernel.appcore.dll
0x00007ffba6aa0000 - 0x00007ffba6aaa000 	C:\Program Files\Java\jdk-18.0.1.1\bin\jimage.dll
0x00007ffbb3290000 - 0x00007ffbb34c2000 	C:\WINDOWS\SYSTEM32\DBGHELP.DLL
0x00007ffbb8030000 - 0x00007ffbb83b8000 	C:\WINDOWS\System32\combase.dll
0x00007ffbb66e0000 - 0x00007ffbb67b7000 	C:\WINDOWS\System32\OLEAUT32.dll
0x00007ffba8540000 - 0x00007ffba8572000 	C:\WINDOWS\SYSTEM32\dbgcore.DLL
0x00007ffbb6500000 - 0x00007ffbb6579000 	C:\WINDOWS\System32\bcryptPrimitives.dll
0x00007ffba69e0000 - 0x00007ffba69ee000 	C:\Program Files\Java\jdk-18.0.1.1\bin\instrument.dll
0x00007ffb9ee00000 - 0x00007ffb9ee25000 	C:\Program Files\Java\jdk-18.0.1.1\bin\java.dll
0x00007ffb9e600000 - 0x00007ffb9e6d6000 	C:\Program Files\Java\jdk-18.0.1.1\bin\jsvml.dll
0x00007ffbb6ba0000 - 0x00007ffbb73fc000 	C:\WINDOWS\System32\SHELL32.dll
0x00007ffbb3ab0000 - 0x00007ffbb43a6000 	C:\WINDOWS\SYSTEM32\windows.storage.dll
0x00007ffbb3970000 - 0x00007ffbb3aae000 	C:\WINDOWS\SYSTEM32\wintypes.dll
0x00007ffbb7400000 - 0x00007ffbb74f5000 	C:\WINDOWS\System32\SHCORE.dll
0x00007ffbb7a90000 - 0x00007ffbb7aee000 	C:\WINDOWS\System32\shlwapi.dll
0x00007ffbb5aa0000 - 0x00007ffbb5ac1000 	C:\WINDOWS\SYSTEM32\profapi.dll
0x00007ffba69c0000 - 0x00007ffba69d8000 	C:\Program Files\Java\jdk-18.0.1.1\bin\zip.dll
0x00007ffba64e0000 - 0x00007ffba64f3000 	C:\Program Files\Java\jdk-18.0.1.1\bin\net.dll
0x00007ffbacf90000 - 0x00007ffbad0c6000 	C:\WINDOWS\SYSTEM32\WINHTTP.dll
0x00007ffbb5000000 - 0x00007ffbb5069000 	C:\WINDOWS\system32\mswsock.dll
0x00007ffb9ef90000 - 0x00007ffb9efa6000 	C:\Program Files\Java\jdk-18.0.1.1\bin\nio.dll
0x00007ffb9ed60000 - 0x00007ffb9ed7a000 	C:\Program Files\JetBrains\IntelliJ IDEA Community Edition 2023.2\bin\breakgen64.dll
0x00007ffb773f0000 - 0x00007ffb7757f000 	C:\Program Files\Java\jdk-18.0.1.1\bin\awt.dll
0x00007ffbb2b00000 - 0x00007ffbb2b97000 	C:\WINDOWS\SYSTEM32\apphelp.dll
0x00007ffbb2e50000 - 0x00007ffbb2e7b000 	C:\WINDOWS\system32\DWMAPI.DLL
0x00007ffbb2c20000 - 0x00007ffbb2ccb000 	C:\WINDOWS\system32\uxtheme.dll
0x00007ffb4ad10000 - 0x00007ffb4ae10000 	C:\WINDOWS\system32\opengl32.dll
0x00007ffb5bbb0000 - 0x00007ffb5bbdd000 	C:\WINDOWS\SYSTEM32\GLU32.dll
0x00007ffbb2d00000 - 0x00007ffbb2d39000 	C:\WINDOWS\SYSTEM32\dxcore.dll
0x00007ffbb6580000 - 0x00007ffbb66d3000 	C:\WINDOWS\System32\MSCTF.dll
0x00007ffbb78e0000 - 0x00007ffbb7a85000 	C:\WINDOWS\System32\ole32.dll
0x00007ffb71d40000 - 0x00007ffb71ee9000 	C:\WINDOWS\system32\d3d9.dll
0x00007ffbac740000 - 0x00007ffbac8fb000 	C:\WINDOWS\System32\DriverStore\FileRepository\u0392096.inf_amd64_e701ad57178c2fbb\B390740\aticfx64.dll
0x00007ffb54800000 - 0x00007ffb54834000 	C:\WINDOWS\System32\DriverStore\FileRepository\u0392096.inf_amd64_e701ad57178c2fbb\B390740\atiu9p64.dll
0x00007ffb06410000 - 0x00007ffb07165000 	C:\WINDOWS\System32\DriverStore\FileRepository\u0392096.inf_amd64_e701ad57178c2fbb\B390740\atiumd64.dll
0x000000006c870000 - 0x000000006d798000 	C:\WINDOWS\System32\DriverStore\FileRepository\u0392096.inf_amd64_e701ad57178c2fbb\B390740\atiumd6a.dll
0x00007ffbb7af0000 - 0x00007ffbb7f64000 	C:\WINDOWS\System32\SETUPAPI.dll
0x00007ffbb55f0000 - 0x00007ffbb563d000 	C:\WINDOWS\SYSTEM32\POWRPROF.dll
0x00007ffbb54d0000 - 0x00007ffbb54e3000 	C:\WINDOWS\SYSTEM32\UMPDC.dll
0x00007ffbaa100000 - 0x00007ffbaa135000 	C:\WINDOWS\SYSTEM32\amdihk64.dll
0x00007ffbb0840000 - 0x00007ffbb088a000 	C:\WINDOWS\SYSTEM32\directxdatabasehelper.dll

dbghelp: loaded successfully - version: 4.0.5 - missing functions: none
symbol engine: initialized successfully - sym options: 0x614 - pdb path: .;C:\Program Files\Java\jdk-18.0.1.1\bin;C:\WINDOWS\SYSTEM32;C:\Program Files\Avast Software\Avast;C:\WINDOWS\WinSxS\amd64_microsoft.windows.common-controls_6595b64144ccf1df_6.0.22621.3527_none_270e469b73872a76;C:\Program Files\Java\jdk-18.0.1.1\bin\server;C:\Program Files\JetBrains\IntelliJ IDEA Community Edition 2023.2\bin;C:\WINDOWS\System32\DriverStore\FileRepository\u0392096.inf_amd64_e701ad57178c2fbb\B390740

VM Arguments:
jvm_args: -javaagent:C:\Program Files\JetBrains\IntelliJ IDEA Community Edition 2023.2\lib\idea_rt.jar=58494:C:\Program Files\JetBrains\IntelliJ IDEA Community Edition 2023.2\bin -Dfile.encoding=UTF-8 -Dsun.stdout.encoding=UTF-8 -Dsun.stderr.encoding=UTF-8 
java_command: TableHockey
java_class_path (initial): C:\Users\stidr\IdeaProjects\FinalProjCSA\out\production\FinalProjCSA
Launcher Type: SUN_STANDARD

[Global flags]
     intx CICompilerCount                          = 4                                         {product} {ergonomic}
     uint ConcGCThreads                            = 2                                         {product} {ergonomic}
     uint G1ConcRefinementThreads                  = 8                                         {product} {ergonomic}
   size_t G1HeapRegionSize                         = 2097152                                   {product} {ergonomic}
    uintx GCDrainStackTargetSize                   = 64                                        {product} {ergonomic}
   size_t InitialHeapSize                          = 257949696                                 {product} {ergonomic}
   size_t MarkStackSize                            = 4194304                                   {product} {ergonomic}
   size_t MaxHeapSize                              = 4127195136                                {product} {ergonomic}
   size_t MaxNewSize                               = 2474639360                                {product} {ergonomic}
   size_t MinHeapDeltaBytes                        = 2097152                                   {product} {ergonomic}
   size_t MinHeapSize                              = 8388608                                   {product} {ergonomic}
    uintx NonNMethodCodeHeapSize                   = 5839372                                {pd product} {ergonomic}
    uintx NonProfiledCodeHeapSize                  = 122909434                              {pd product} {ergonomic}
    uintx ProfiledCodeHeapSize                     = 122909434                              {pd product} {ergonomic}
    uintx ReservedCodeCacheSize                    = 251658240                              {pd product} {ergonomic}
     bool SegmentedCodeCache                       = true                                      {product} {ergonomic}
   size_t SoftMaxHeapSize                          = 4127195136                             {manageable} {ergonomic}
     bool UseCompressedClassPointers               = true                           {product lp64_product} {ergonomic}
     bool UseCompressedOops                        = true                           {product lp64_product} {ergonomic}
     bool UseG1GC                                  = true                                      {product} {ergonomic}
     bool UseLargePagesIndividualAllocation        = false                                  {pd product} {ergonomic}

Logging:
Log output configuration:
 #0: stdout all=warning uptime,level,tags foldmultilines=false
 #1: stderr all=off uptime,level,tags foldmultilines=false

Environment Variables:
JAVA_HOME=C:\Program Files\Eclipse Adoptium\jdk-17.0.11.9-hotspot\
PATH=C:\Program Files\Eclipse Adoptium\jdk-17.0.11.9-hotspot\bin;C:\Program Files\Common Files\Oracle\Java\javapath;C:\Program Files (x86)\Common Files\Oracle\Java\javapath;C:\WINDOWS\system32;C:\WINDOWS;C:\WINDOWS\System32\Wbem;C:\WINDOWS\System32\WindowsPowerShell\v1.0\;C:\WINDOWS\System32\OpenSSH\;C:\Program Files\Git\cmd;C:\Program Files\nodejs\;C:\Program Files\GitHub CLI\;C:\Users\stidr\AppData\Local\Programs\Python\Python39\Scripts\;C:\Users\stidr\AppData\Local\Programs\Python\Python39\;C:\Users\stidr\AppData\Local\Microsoft\WindowsApps;C:\Users\stidr\AppData\Local\Programs\Microsoft VS Code\bin;C:\Users\stidr\AppData\Roaming\npm;C:\mingw64\bin;C:\Program Files\JetBrains\PyCharm Community Edition 2022.3.2\bin;C:\MinGW\bin;c:\users\stidr\appdata\local\programs\python\python39\lib\site-packages\deepspeech;C:\Users\stidr\.detaspace\bin;C:\Program Files\JetBrains\IntelliJ IDEA Community Edition 2023.2\bin;;C:\chromedriver_win32;C:\edgedriver_win32;C:\Users\stidr\AppData\Local\GitHubDesktop\bin;C:\Users\stidr\Anaconda3;c:\users\stidr\appdata\local\programs\python\python39\lib\site-packages;
USERNAME=stidr
OS=Windows_NT
PROCESSOR_IDENTIFIER=AMD64 Family 23 Model 96 Stepping 1, AuthenticAMD



---------------  S Y S T E M  ---------------

OS:
 Windows 11 , 64 bit Build 22621 (10.0.22621.3527)
OS uptime: 5 days 22:07 hours

CPU: total 8 (initial active 8) (8 cores per cpu, 1 threads per core) family 23 model 96 stepping 1 microcode 0x0, cx8, cmov, fxsr, mmx, 3dnowpref, sse, sse2, sse3, ssse3, sse4a, sse4.1, sse4.2, popcnt, lzcnt, tsc, tscinvbit, avx, avx2, aes, clmul, bmi1, bmi2, adx, sha, fma, vzeroupper, clflush, clflushopt

Memory: 4k page, system-wide physical 15742M (1883M free)
TotalPageFile size 32809M (AvailPageFile size 3M)
current process WorkingSet (physical memory assigned to process): 58M, peak: 58M
current process commit charge ("private bytes"): 356M, peak: 356M

vm_info: Java HotSpot(TM) 64-Bit Server VM (18.0.1.1+2-6) for windows-amd64 JRE (18.0.1.1+2-6), built on Apr 25 2022 21:53:15 by "mach5one" with MS VC++ 16.8 / 16.9 (VS2019)

END.
