#
# There is insufficient memory for the Java Runtime Environment to continue.
# Native memory allocation (mmap) failed to map 299892736 bytes for G1 virtual space
# Possible reasons:
#   The system is out of physical RAM or swap space
#   The process is running with CompressedOops enabled, and the Java Heap may be blocking the growth of the native heap
# Possible solutions:
#   Reduce memory load on the system
#   Increase physical memory or swap space
#   Check if swap backing store is full
#   Decrease Java heap size (-Xmx/-Xms)
#   Decrease number of Java threads
#   Decrease Java thread stack sizes (-Xss)
#   Set larger code cache with -XX:ReservedCodeCacheSize=
#   JVM is running with Zero Based Compressed Oops mode in which the Java heap is
#     placed in the first 32GB address space. The Java Heap base address is the
#     maximum limit for the native heap growth. Please use -XX:HeapBaseMinAddress
#     to set the Java Heap base and to place the Java Heap above 32GB virtual address.
# This output file may be truncated or incomplete.
#
#  Out of Memory Error (os_windows.cpp:3530), pid=41648, tid=33800
#
# JRE version: Java(TM) SE Runtime Environment (18.0.1.1+2) (build 18.0.1.1+2-6)
# Java VM: Java HotSpot(TM) 64-Bit Server VM (18.0.1.1+2-6, mixed mode, sharing, tiered, compressed oops, compressed class ptrs, g1 gc, windows-amd64)
# No core dump will be written. Minidumps are not enabled by default on client versions of Windows
#

---------------  S U M M A R Y ------------

Command Line: -javaagent:C:\Program Files\JetBrains\IntelliJ IDEA Community Edition 2023.2\lib\idea_rt.jar=58548:C:\Program Files\JetBrains\IntelliJ IDEA Community Edition 2023.2\bin -Dfile.encoding=UTF-8 -Dsun.stdout.encoding=UTF-8 -Dsun.stderr.encoding=UTF-8 TableHockey

Host: AMD Ryzen 7 4700U with Radeon Graphics         , 8 cores, 15G,  Windows 11 , 64 bit Build 22621 (10.0.22621.3527)
Time: Thu May 30 10:00:46 2024 Pacific Daylight Time elapsed time: 5.827474 seconds (0d 0h 0m 5s)

---------------  T H R E A D  ---------------

Current thread (0x0000026226894410):  VMThread "VM Thread" [stack: 0x00000096cea00000,0x00000096ceb00000] [id=33800]

Stack: [0x00000096cea00000,0x00000096ceb00000]
Native frames: (J=compiled Java code, j=interpreted, Vv=VM code, C=native code)
V  [jvm.dll+0x69887a]
V  [jvm.dll+0x7f38bd]
V  [jvm.dll+0x7f51ce]
V  [jvm.dll+0x7f5883]
V  [jvm.dll+0x25ca3f]
V  [jvm.dll+0x6957c9]
V  [jvm.dll+0x68a2fa]
V  [jvm.dll+0x321efb]
V  [jvm.dll+0x3298d6]
V  [jvm.dll+0x37e47e]
V  [jvm.dll+0x37e6af]
V  [jvm.dll+0x2f9c7a]
V  [jvm.dll+0x2f9d27]
V  [jvm.dll+0x33e262]
V  [jvm.dll+0x33c804]
V  [jvm.dll+0x2f9450]
V  [jvm.dll+0x33c0fd]
V  [jvm.dll+0x7fa66b]
V  [jvm.dll+0x7fb404]
V  [jvm.dll+0x7fb93c]
V  [jvm.dll+0x7fbd94]
V  [jvm.dll+0x7fbe57]
V  [jvm.dll+0x7a03ea]
V  [jvm.dll+0x697725]
C  [ucrtbase.dll+0x29333]
C  [KERNEL32.DLL+0x1257d]
C  [ntdll.dll+0x5aa48]

VM_Operation (0x00000096d08fda20): G1TryInitiateConcMark, mode: safepoint, requested by thread 0x000002624dd79d20


---------------  P R O C E S S  ---------------

Threads class SMR info:
_java_thread_list=0x000002624de17c10, length=19, elements={
0x0000026249076b10, 0x0000026249077770, 0x0000026249092810, 0x00000262490930c0,
0x0000026249093a60, 0x0000026249094400, 0x000002624909a5e0, 0x00000262490a3a40,
0x00000262490b20b0, 0x0000026249061e00, 0x000002624d5498c0, 0x000002624d549d80,
0x000002624d714450, 0x000002624d6ca520, 0x000002624d6cae60, 0x000002624dd72ad0,
0x000002624dd79d20, 0x000002622680aca0, 0x000002624d522b10
}

Java Threads: ( => current thread )
  0x0000026249076b10 JavaThread "Reference Handler" daemon [_thread_blocked, id=41324, stack(0x00000096ceb00000,0x00000096cec00000)]
  0x0000026249077770 JavaThread "Finalizer" daemon [_thread_blocked, id=33244, stack(0x00000096cec00000,0x00000096ced00000)]
  0x0000026249092810 JavaThread "Signal Dispatcher" daemon [_thread_blocked, id=20992, stack(0x00000096ced00000,0x00000096cee00000)]
  0x00000262490930c0 JavaThread "Attach Listener" daemon [_thread_blocked, id=35880, stack(0x00000096cee00000,0x00000096cef00000)]
  0x0000026249093a60 JavaThread "Service Thread" daemon [_thread_blocked, id=27120, stack(0x00000096cef00000,0x00000096cf000000)]
  0x0000026249094400 JavaThread "Monitor Deflation Thread" daemon [_thread_blocked, id=23464, stack(0x00000096cf000000,0x00000096cf100000)]
  0x000002624909a5e0 JavaThread "C2 CompilerThread0" daemon [_thread_blocked, id=26608, stack(0x00000096cf100000,0x00000096cf200000)]
  0x00000262490a3a40 JavaThread "C1 CompilerThread0" daemon [_thread_blocked, id=7240, stack(0x00000096cf200000,0x00000096cf300000)]
  0x00000262490b20b0 JavaThread "Sweeper thread" daemon [_thread_blocked, id=41112, stack(0x00000096cf300000,0x00000096cf400000)]
  0x0000026249061e00 JavaThread "Common-Cleaner" daemon [_thread_blocked, id=11828, stack(0x00000096cf400000,0x00000096cf500000)]
  0x000002624d5498c0 JavaThread "Monitor Ctrl-Break" daemon [_thread_in_native, id=26724, stack(0x00000096cf500000,0x00000096cf600000)]
  0x000002624d549d80 JavaThread "Notification Thread" daemon [_thread_blocked, id=40600, stack(0x00000096cf600000,0x00000096cf700000)]
  0x000002624d714450 JavaThread "Java2D Disposer" daemon [_thread_blocked, id=12792, stack(0x00000096cf800000,0x00000096cf900000)]
  0x000002624d6ca520 JavaThread "AWT-Shutdown" [_thread_blocked, id=19444, stack(0x00000096cf900000,0x00000096cfa00000)]
  0x000002624d6cae60 JavaThread "AWT-Windows" daemon [_thread_blocked, id=22552, stack(0x00000096cfa00000,0x00000096cfb00000)]
  0x000002624dd72ad0 JavaThread "Thread-0" [_thread_blocked, id=5304, stack(0x00000096d0700000,0x00000096d0800000)]
  0x000002624dd79d20 JavaThread "AWT-EventQueue-0" [_thread_blocked, id=12656, stack(0x00000096d0800000,0x00000096d0900000)]
  0x000002622680aca0 JavaThread "DestroyJavaVM" [_thread_blocked, id=20700, stack(0x00000096ce400000,0x00000096ce500000)]
  0x000002624d522b10 JavaThread "D3D Screen Updater" daemon [_thread_in_native, id=26080, stack(0x00000096d0900000,0x00000096d0a00000)]

Other Threads:
=>0x0000026226894410 VMThread "VM Thread" [stack: 0x00000096cea00000,0x00000096ceb00000] [id=33800]
  0x000002624d525190 WatcherThread "VM Periodic Task Thread" [stack: 0x00000096cf700000,0x00000096cf800000] [id=15692]
  0x0000026226878210 WorkerThread "GC Thread#0" [stack: 0x00000096ce500000,0x00000096ce600000] [id=31896]
  0x000002624dda79a0 WorkerThread "GC Thread#1" [stack: 0x00000096d0a00000,0x00000096d0b00000] [id=11772]
  0x000002624dda7c40 WorkerThread "GC Thread#2" [stack: 0x00000096d0b00000,0x00000096d0c00000] [id=13012]
  0x000002624dfe1220 WorkerThread "GC Thread#3" [stack: 0x00000096d0c00000,0x00000096d0d00000] [id=3540]
  0x000002624dfe16d0 WorkerThread "GC Thread#4" [stack: 0x00000096d0d00000,0x00000096d0e00000] [id=36796]
  0x000002624dfe1d80 WorkerThread "GC Thread#5" [stack: 0x00000096d0e00000,0x00000096d0f00000] [id=6764]
  0x000002624dfe4240 WorkerThread "GC Thread#6" [stack: 0x00000096d0f00000,0x00000096d1000000] [id=7852]
  0x000002624dfe48f0 WorkerThread "GC Thread#7" [stack: 0x00000096d1000000,0x00000096d1100000] [id=16220]
  0x0000026226889750 ConcurrentGCThread "G1 Main Marker" [stack: 0x00000096ce600000,0x00000096ce700000] [id=39540]
  0x000002622688c7f0 WorkerThread "G1 Conc#0" [stack: 0x00000096ce700000,0x00000096ce800000] [id=36952]
  0x00000262268bdfe0 ConcurrentGCThread "G1 Refine#0" [stack: 0x00000096ce800000,0x00000096ce900000] [id=11880]
  0x00000262268be8f0 ConcurrentGCThread "G1 Service" [stack: 0x00000096ce900000,0x00000096cea00000] [id=20716]

Threads with active compile tasks:
C1 CompilerThread0     5905 1524       3       javax.swing.SwingUtilities::getPaintingOrigin (33 bytes)

VM state: at safepoint (normal execution)

VM Mutex/Monitor currently owned by a thread:  ([mutex/lock_event])
[0x00000262268062c0] Threads_lock - owner thread: 0x0000026226894410
[0x00000262268066b0] Heap_lock - owner thread: 0x000002624dd79d20

Heap address: 0x000000070a000000, size: 3936 MB, Compressed Oops mode: Zero based, Oop shift amount: 3

CDS archive(s) mapped at: [0x0000000800000000-0x0000000800ba0000-0x0000000800ba0000), size 12189696, SharedBaseAddress: 0x0000000800000000, ArchiveRelocationMode: 0.
Compressed class space mapped at: 0x0000000800c00000-0x0000000840c00000, reserved size: 1073741824
Narrow klass base: 0x0000000800000000, Narrow klass shift: 0, Narrow klass range: 0x100000000

GC Precious Log:
 CardTable entry size: 512
 Card Set container configuration: InlinePtr #cards 4 size 8 Array Of Cards #cards 16 size 48 Howl #buckets 8 coarsen threshold 3686 Howl Bitmap #cards 512 size 80 coarsen threshold 460 Card regions per heap region 1 cards per card region 4096
 CPUs: 8 total, 8 available
 Memory: 15742M
 Large Page Support: Disabled
 NUMA Support: Disabled
 Compressed Oops: Enabled (Zero based)
 Heap Region Size: 2M
 Heap Min Capacity: 8M
 Heap Initial Capacity: 246M
 Heap Max Capacity: 3936M
 Pre-touch: Disabled
 Parallel Workers: 8
 Concurrent Workers: 2
 Concurrent Refinement Workers: 8
 Periodic GC: Disabled

Heap:
 garbage-first heap   total 251904K, used 109641K [0x000000070a000000, 0x0000000800000000)
  region size 2048K, 1 young (2048K), 1 survivors (2048K)
 Metaspace       used 7346K, committed 7552K, reserved 1114112K
  class space    used 745K, committed 896K, reserved 1048576K

Heap Regions: E=young(eden), S=young(survivor), O=old, HS=humongous(starts), HC=humongous(continues), CS=collection set, F=free, OA=open archive, CA=closed archive, TAMS=top-at-mark-start (previous, next)
|   0|0x000000070a000000, 0x000000070a200000, 0x000000070a200000|100%|HS|  |TAMS 0x000000070a000000, 0x000000070a200000| Complete 
|   1|0x000000070a200000, 0x000000070a400000, 0x000000070a400000|100%|HS|  |TAMS 0x000000070a200000, 0x000000070a400000| Complete 
|   2|0x000000070a400000, 0x000000070a600000, 0x000000070a600000|100%|HS|  |TAMS 0x000000070a400000, 0x000000070a600000| Complete 
|   3|0x000000070a600000, 0x000000070a800000, 0x000000070a800000|100%|HS|  |TAMS 0x000000070a600000, 0x000000070a800000| Complete 
|   4|0x000000070a800000, 0x000000070aa00000, 0x000000070aa00000|100%|HS|  |TAMS 0x000000070a800000, 0x000000070aa00000| Complete 
|   5|0x000000070aa00000, 0x000000070ac00000, 0x000000070ac00000|100%|HS|  |TAMS 0x000000070aa00000, 0x000000070ac00000| Complete 
|   6|0x000000070ac00000, 0x000000070ae00000, 0x000000070ae00000|100%|HS|  |TAMS 0x000000070ac00000, 0x000000070ae00000| Complete 
|   7|0x000000070ae00000, 0x000000070b000000, 0x000000070b000000|100%|HS|  |TAMS 0x000000070ae00000, 0x000000070b000000| Complete 
|   8|0x000000070b000000, 0x000000070b200000, 0x000000070b200000|100%|HS|  |TAMS 0x000000070b000000, 0x000000070b200000| Complete 
|   9|0x000000070b200000, 0x000000070b400000, 0x000000070b400000|100%|HS|  |TAMS 0x000000070b200000, 0x000000070b400000| Complete 
|  10|0x000000070b400000, 0x000000070b600000, 0x000000070b600000|100%|HS|  |TAMS 0x000000070b400000, 0x000000070b600000| Complete 
|  11|0x000000070b600000, 0x000000070b800000, 0x000000070b800000|100%|HS|  |TAMS 0x000000070b600000, 0x000000070b800000| Complete 
|  12|0x000000070b800000, 0x000000070ba00000, 0x000000070ba00000|100%|HS|  |TAMS 0x000000070b800000, 0x000000070ba00000| Complete 
|  13|0x000000070ba00000, 0x000000070bc00000, 0x000000070bc00000|100%|HS|  |TAMS 0x000000070ba00000, 0x000000070bc00000| Complete 
|  14|0x000000070bc00000, 0x000000070be00000, 0x000000070be00000|100%|HS|  |TAMS 0x000000070bc00000, 0x000000070be00000| Complete 
|  15|0x000000070be00000, 0x000000070c000000, 0x000000070c000000|100%|HS|  |TAMS 0x000000070be00000, 0x000000070c000000| Complete 
|  16|0x000000070c000000, 0x000000070c200000, 0x000000070c200000|100%|HS|  |TAMS 0x000000070c000000, 0x000000070c200000| Complete 
|  17|0x000000070c200000, 0x000000070c400000, 0x000000070c400000|100%|HS|  |TAMS 0x000000070c200000, 0x000000070c400000| Complete 
|  18|0x000000070c400000, 0x000000070c600000, 0x000000070c600000|100%|HS|  |TAMS 0x000000070c400000, 0x000000070c600000| Complete 
|  19|0x000000070c600000, 0x000000070c800000, 0x000000070c800000|100%|HS|  |TAMS 0x000000070c600000, 0x000000070c800000| Complete 
|  20|0x000000070c800000, 0x000000070ca00000, 0x000000070ca00000|100%|HS|  |TAMS 0x000000070c800000, 0x000000070ca00000| Complete 
|  21|0x000000070ca00000, 0x000000070cc00000, 0x000000070cc00000|100%|HS|  |TAMS 0x000000070ca00000, 0x000000070cc00000| Complete 
|  22|0x000000070cc00000, 0x000000070ce00000, 0x000000070ce00000|100%|HS|  |TAMS 0x000000070cc00000, 0x000000070ce00000| Complete 
|  23|0x000000070ce00000, 0x000000070d000000, 0x000000070d000000|100%|HS|  |TAMS 0x000000070ce00000, 0x000000070d000000| Complete 
|  24|0x000000070d000000, 0x000000070d200000, 0x000000070d200000|100%|HS|  |TAMS 0x000000070d000000, 0x000000070d200000| Complete 
|  25|0x000000070d200000, 0x000000070d400000, 0x000000070d400000|100%|HS|  |TAMS 0x000000070d200000, 0x000000070d400000| Complete 
|  26|0x000000070d400000, 0x000000070d600000, 0x000000070d600000|100%|HS|  |TAMS 0x000000070d400000, 0x000000070d600000| Complete 
|  27|0x000000070d600000, 0x000000070d800000, 0x000000070d800000|100%|HS|  |TAMS 0x000000070d600000, 0x000000070d800000| Complete 
|  28|0x000000070d800000, 0x000000070da00000, 0x000000070da00000|100%|HS|  |TAMS 0x000000070d800000, 0x000000070da00000| Complete 
|  29|0x000000070da00000, 0x000000070dc00000, 0x000000070dc00000|100%|HS|  |TAMS 0x000000070da00000, 0x000000070dc00000| Complete 
|  30|0x000000070dc00000, 0x000000070de00000, 0x000000070de00000|100%|HS|  |TAMS 0x000000070dc00000, 0x000000070de00000| Complete 
|  31|0x000000070de00000, 0x000000070e000000, 0x000000070e000000|100%|HS|  |TAMS 0x000000070de00000, 0x000000070e000000| Complete 
|  32|0x000000070e000000, 0x000000070e200000, 0x000000070e200000|100%|HS|  |TAMS 0x000000070e000000, 0x000000070e200000| Complete 
|  33|0x000000070e200000, 0x000000070e400000, 0x000000070e400000|100%|HS|  |TAMS 0x000000070e200000, 0x000000070e400000| Complete 
|  34|0x000000070e400000, 0x000000070e600000, 0x000000070e600000|100%|HS|  |TAMS 0x000000070e400000, 0x000000070e600000| Complete 
|  35|0x000000070e600000, 0x000000070e800000, 0x000000070e800000|100%|HS|  |TAMS 0x000000070e600000, 0x000000070e800000| Complete 
|  36|0x000000070e800000, 0x000000070ea00000, 0x000000070ea00000|100%|HS|  |TAMS 0x000000070e800000, 0x000000070ea00000| Complete 
|  37|0x000000070ea00000, 0x000000070ec00000, 0x000000070ec00000|100%|HS|  |TAMS 0x000000070ea00000, 0x000000070ec00000| Complete 
|  38|0x000000070ec00000, 0x000000070ee00000, 0x000000070ee00000|100%|HS|  |TAMS 0x000000070ec00000, 0x000000070ee00000| Complete 
|  39|0x000000070ee00000, 0x000000070f000000, 0x000000070f000000|100%|HS|  |TAMS 0x000000070ee00000, 0x000000070f000000| Complete 
|  40|0x000000070f000000, 0x000000070f200000, 0x000000070f200000|100%|HS|  |TAMS 0x000000070f000000, 0x000000070f200000| Complete 
|  41|0x000000070f200000, 0x000000070f400000, 0x000000070f400000|100%|HS|  |TAMS 0x000000070f200000, 0x000000070f400000| Complete 
|  42|0x000000070f400000, 0x000000070f600000, 0x000000070f600000|100%|HS|  |TAMS 0x000000070f400000, 0x000000070f600000| Complete 
|  43|0x000000070f600000, 0x000000070f800000, 0x000000070f800000|100%|HS|  |TAMS 0x000000070f600000, 0x000000070f800000| Complete 
|  44|0x000000070f800000, 0x000000070fa00000, 0x000000070fa00000|100%|HS|  |TAMS 0x000000070f800000, 0x000000070fa00000| Complete 
|  45|0x000000070fa00000, 0x000000070fc00000, 0x000000070fc00000|100%|HS|  |TAMS 0x000000070fa00000, 0x000000070fc00000| Complete 
|  46|0x000000070fc00000, 0x000000070fe00000, 0x000000070fe00000|100%|HS|  |TAMS 0x000000070fc00000, 0x000000070fe00000| Complete 
|  47|0x000000070fe00000, 0x0000000710000000, 0x0000000710000000|100%|HS|  |TAMS 0x000000070fe00000, 0x0000000710000000| Complete 
|  48|0x0000000710000000, 0x0000000710200000, 0x0000000710200000|100%|HS|  |TAMS 0x0000000710000000, 0x0000000710200000| Complete 
|  49|0x0000000710200000, 0x0000000710400000, 0x0000000710400000|100%|HS|  |TAMS 0x0000000710200000, 0x0000000710400000| Complete 
|  50|0x0000000710400000, 0x0000000710400000, 0x0000000710600000|  0%| F|  |TAMS 0x0000000710400000, 0x0000000710400000| Untracked 
|  51|0x0000000710600000, 0x0000000710600000, 0x0000000710800000|  0%| F|  |TAMS 0x0000000710600000, 0x0000000710600000| Untracked 
|  52|0x0000000710800000, 0x0000000710800000, 0x0000000710a00000|  0%| F|  |TAMS 0x0000000710800000, 0x0000000710800000| Untracked 
|  53|0x0000000710a00000, 0x0000000710a00000, 0x0000000710c00000|  0%| F|  |TAMS 0x0000000710a00000, 0x0000000710a00000| Untracked 
|  54|0x0000000710c00000, 0x0000000710e00000, 0x0000000710e00000|100%|HS|  |TAMS 0x0000000710c00000, 0x0000000710e00000| Complete 
|  55|0x0000000710e00000, 0x0000000711000000, 0x0000000711000000|100%|HS|  |TAMS 0x0000000710e00000, 0x0000000711000000| Complete 
|  56|0x0000000711000000, 0x0000000711200000, 0x0000000711200000|100%| O|  |TAMS 0x0000000711000000, 0x0000000711200000| Untracked 
|  57|0x0000000711200000, 0x000000071130bc00, 0x0000000711400000| 52%| O|  |TAMS 0x0000000711200000, 0x000000071130bc00| Untracked 
|  58|0x0000000711400000, 0x0000000711400000, 0x0000000711600000|  0%| F|  |TAMS 0x0000000711400000, 0x0000000711400000| Untracked 
|  59|0x0000000711600000, 0x0000000711600000, 0x0000000711800000|  0%| F|  |TAMS 0x0000000711600000, 0x0000000711600000| Untracked 
|  60|0x0000000711800000, 0x0000000711800000, 0x0000000711a00000|  0%| F|  |TAMS 0x0000000711800000, 0x0000000711800000| Untracked 
|  61|0x0000000711a00000, 0x0000000711a00000, 0x0000000711c00000|  0%| F|  |TAMS 0x0000000711a00000, 0x0000000711a00000| Untracked 
|  62|0x0000000711c00000, 0x0000000711c00000, 0x0000000711e00000|  0%| F|  |TAMS 0x0000000711c00000, 0x0000000711c00000| Untracked 
|  63|0x0000000711e00000, 0x0000000711e00000, 0x0000000712000000|  0%| F|  |TAMS 0x0000000711e00000, 0x0000000711e00000| Untracked 
|  64|0x0000000712000000, 0x0000000712000000, 0x0000000712200000|  0%| F|  |TAMS 0x0000000712000000, 0x0000000712000000| Untracked 
|  65|0x0000000712200000, 0x0000000712200000, 0x0000000712400000|  0%| F|  |TAMS 0x0000000712200000, 0x0000000712200000| Untracked 
|  66|0x0000000712400000, 0x0000000712400000, 0x0000000712600000|  0%| F|  |TAMS 0x0000000712400000, 0x0000000712400000| Untracked 
|  67|0x0000000712600000, 0x0000000712600000, 0x0000000712800000|  0%| F|  |TAMS 0x0000000712600000, 0x0000000712600000| Untracked 
|  68|0x0000000712800000, 0x0000000712800000, 0x0000000712a00000|  0%| F|  |TAMS 0x0000000712800000, 0x0000000712800000| Untracked 
|  69|0x0000000712a00000, 0x0000000712a00000, 0x0000000712c00000|  0%| F|  |TAMS 0x0000000712a00000, 0x0000000712a00000| Untracked 
|  70|0x0000000712c00000, 0x0000000712c00000, 0x0000000712e00000|  0%| F|  |TAMS 0x0000000712c00000, 0x0000000712c00000| Untracked 
|  71|0x0000000712e00000, 0x0000000712e00000, 0x0000000713000000|  0%| F|  |TAMS 0x0000000712e00000, 0x0000000712e00000| Untracked 
|  72|0x0000000713000000, 0x0000000713000000, 0x0000000713200000|  0%| F|  |TAMS 0x0000000713000000, 0x0000000713000000| Untracked 
|  73|0x0000000713200000, 0x0000000713200000, 0x0000000713400000|  0%| F|  |TAMS 0x0000000713200000, 0x0000000713200000| Untracked 
|  74|0x0000000713400000, 0x0000000713400000, 0x0000000713600000|  0%| F|  |TAMS 0x0000000713400000, 0x0000000713400000| Untracked 
|  75|0x0000000713600000, 0x0000000713600000, 0x0000000713800000|  0%| F|  |TAMS 0x0000000713600000, 0x0000000713600000| Untracked 
|  76|0x0000000713800000, 0x0000000713800000, 0x0000000713a00000|  0%| F|  |TAMS 0x0000000713800000, 0x0000000713800000| Untracked 
|  77|0x0000000713a00000, 0x0000000713a00000, 0x0000000713c00000|  0%| F|  |TAMS 0x0000000713a00000, 0x0000000713a00000| Untracked 
|  78|0x0000000713c00000, 0x0000000713c00000, 0x0000000713e00000|  0%| F|  |TAMS 0x0000000713c00000, 0x0000000713c00000| Untracked 
|  79|0x0000000713e00000, 0x0000000713e00000, 0x0000000714000000|  0%| F|  |TAMS 0x0000000713e00000, 0x0000000713e00000| Untracked 
|  80|0x0000000714000000, 0x0000000714000000, 0x0000000714200000|  0%| F|  |TAMS 0x0000000714000000, 0x0000000714000000| Untracked 
|  81|0x0000000714200000, 0x0000000714200000, 0x0000000714400000|  0%| F|  |TAMS 0x0000000714200000, 0x0000000714200000| Untracked 
|  82|0x0000000714400000, 0x0000000714400000, 0x0000000714600000|  0%| F|  |TAMS 0x0000000714400000, 0x0000000714400000| Untracked 
|  83|0x0000000714600000, 0x0000000714600000, 0x0000000714800000|  0%| F|  |TAMS 0x0000000714600000, 0x0000000714600000| Untracked 
|  84|0x0000000714800000, 0x0000000714800000, 0x0000000714a00000|  0%| F|  |TAMS 0x0000000714800000, 0x0000000714800000| Untracked 
|  85|0x0000000714a00000, 0x0000000714a00000, 0x0000000714c00000|  0%| F|  |TAMS 0x0000000714a00000, 0x0000000714a00000| Untracked 
|  86|0x0000000714c00000, 0x0000000714c00000, 0x0000000714e00000|  0%| F|  |TAMS 0x0000000714c00000, 0x0000000714c00000| Untracked 
|  87|0x0000000714e00000, 0x0000000714e00000, 0x0000000715000000|  0%| F|  |TAMS 0x0000000714e00000, 0x0000000714e00000| Untracked 
|  88|0x0000000715000000, 0x0000000715000000, 0x0000000715200000|  0%| F|  |TAMS 0x0000000715000000, 0x0000000715000000| Untracked 
|  89|0x0000000715200000, 0x0000000715200000, 0x0000000715400000|  0%| F|  |TAMS 0x0000000715200000, 0x0000000715200000| Untracked 
|  90|0x0000000715400000, 0x0000000715400000, 0x0000000715600000|  0%| F|  |TAMS 0x0000000715400000, 0x0000000715400000| Untracked 
|  91|0x0000000715600000, 0x0000000715600000, 0x0000000715800000|  0%| F|  |TAMS 0x0000000715600000, 0x0000000715600000| Untracked 
|  92|0x0000000715800000, 0x0000000715800000, 0x0000000715a00000|  0%| F|  |TAMS 0x0000000715800000, 0x0000000715800000| Untracked 
|  93|0x0000000715a00000, 0x0000000715a00000, 0x0000000715c00000|  0%| F|  |TAMS 0x0000000715a00000, 0x0000000715a00000| Untracked 
|  94|0x0000000715c00000, 0x0000000715c00000, 0x0000000715e00000|  0%| F|  |TAMS 0x0000000715c00000, 0x0000000715c00000| Untracked 
|  95|0x0000000715e00000, 0x0000000715e00000, 0x0000000716000000|  0%| F|  |TAMS 0x0000000715e00000, 0x0000000715e00000| Untracked 
|  96|0x0000000716000000, 0x0000000716000000, 0x0000000716200000|  0%| F|  |TAMS 0x0000000716000000, 0x0000000716000000| Untracked 
|  97|0x0000000716200000, 0x0000000716200000, 0x0000000716400000|  0%| F|  |TAMS 0x0000000716200000, 0x0000000716200000| Untracked 
|  98|0x0000000716400000, 0x0000000716400000, 0x0000000716600000|  0%| F|  |TAMS 0x0000000716400000, 0x0000000716400000| Untracked 
|  99|0x0000000716600000, 0x0000000716600000, 0x0000000716800000|  0%| F|  |TAMS 0x0000000716600000, 0x0000000716600000| Untracked 
| 100|0x0000000716800000, 0x0000000716800000, 0x0000000716a00000|  0%| F|  |TAMS 0x0000000716800000, 0x0000000716800000| Untracked 
| 101|0x0000000716a00000, 0x0000000716a00000, 0x0000000716c00000|  0%| F|  |TAMS 0x0000000716a00000, 0x0000000716a00000| Untracked 
| 102|0x0000000716c00000, 0x0000000716c00000, 0x0000000716e00000|  0%| F|  |TAMS 0x0000000716c00000, 0x0000000716c00000| Untracked 
| 103|0x0000000716e00000, 0x0000000716e00000, 0x0000000717000000|  0%| F|  |TAMS 0x0000000716e00000, 0x0000000716e00000| Untracked 
| 104|0x0000000717000000, 0x0000000717000000, 0x0000000717200000|  0%| F|  |TAMS 0x0000000717000000, 0x0000000717000000| Untracked 
| 105|0x0000000717200000, 0x0000000717200000, 0x0000000717400000|  0%| F|  |TAMS 0x0000000717200000, 0x0000000717200000| Untracked 
| 106|0x0000000717400000, 0x0000000717400000, 0x0000000717600000|  0%| F|  |TAMS 0x0000000717400000, 0x0000000717400000| Untracked 
| 107|0x0000000717600000, 0x0000000717600000, 0x0000000717800000|  0%| F|  |TAMS 0x0000000717600000, 0x0000000717600000| Untracked 
| 108|0x0000000717800000, 0x0000000717800000, 0x0000000717a00000|  0%| F|  |TAMS 0x0000000717800000, 0x0000000717800000| Untracked 
| 109|0x0000000717a00000, 0x0000000717a00000, 0x0000000717c00000|  0%| F|  |TAMS 0x0000000717a00000, 0x0000000717a00000| Untracked 
| 110|0x0000000717c00000, 0x0000000717c00000, 0x0000000717e00000|  0%| F|  |TAMS 0x0000000717c00000, 0x0000000717c00000| Untracked 
| 111|0x0000000717e00000, 0x0000000717e00000, 0x0000000718000000|  0%| F|  |TAMS 0x0000000717e00000, 0x0000000717e00000| Untracked 
| 112|0x0000000718000000, 0x0000000718000000, 0x0000000718200000|  0%| F|  |TAMS 0x0000000718000000, 0x0000000718000000| Untracked 
| 113|0x0000000718200000, 0x0000000718200000, 0x0000000718400000|  0%| F|  |TAMS 0x0000000718200000, 0x0000000718200000| Untracked 
| 114|0x0000000718400000, 0x0000000718400000, 0x0000000718600000|  0%| F|  |TAMS 0x0000000718400000, 0x0000000718400000| Untracked 
| 115|0x0000000718600000, 0x0000000718600000, 0x0000000718800000|  0%| F|  |TAMS 0x0000000718600000, 0x0000000718600000| Untracked 
| 116|0x0000000718800000, 0x0000000718800000, 0x0000000718a00000|  0%| F|  |TAMS 0x0000000718800000, 0x0000000718800000| Untracked 
| 117|0x0000000718a00000, 0x0000000718a00000, 0x0000000718c00000|  0%| F|  |TAMS 0x0000000718a00000, 0x0000000718a00000| Untracked 
| 118|0x0000000718c00000, 0x0000000718c00000, 0x0000000718e00000|  0%| F|  |TAMS 0x0000000718c00000, 0x0000000718c00000| Untracked 
| 119|0x0000000718e00000, 0x0000000718e068d0, 0x0000000719000000|  1%| S|CS|TAMS 0x0000000718e00000, 0x0000000718e00000| Complete 
| 120|0x0000000719000000, 0x0000000719000000, 0x0000000719200000|  0%| F|  |TAMS 0x0000000719000000, 0x0000000719000000| Untracked 
| 121|0x0000000719200000, 0x0000000719200000, 0x0000000719400000|  0%| F|  |TAMS 0x0000000719200000, 0x0000000719200000| Untracked 
| 122|0x0000000719400000, 0x0000000719400000, 0x0000000719600000|  0%| F|  |TAMS 0x0000000719400000, 0x0000000719400000| Untracked 

Card table byte_map: [0x000002623dc10000,0x000002623e3c0000] _byte_map_base: 0x000002623a3c0000

Marking Bits (Prev, Next): (CMBitMap*) 0x0000026226879820, (CMBitMap*) 0x0000026226879860
 Prev Bits: [0x000002623eb70000, 0x00000262428f0000)
 Next Bits: [0x00000262428f0000, 0x0000026246670000)

Polling page: 0x0000026225fc0000

Metaspace:

Usage:
  Non-class:      6.45 MB used.
      Class:    745.48 KB used.
       Both:      7.17 MB used.

Virtual space:
  Non-class space:       64.00 MB reserved,       6.50 MB ( 10%) committed,  1 nodes.
      Class space:        1.00 GB reserved,     896.00 KB ( <1%) committed,  1 nodes.
             Both:        1.06 GB reserved,       7.38 MB ( <1%) committed. 

Chunk freelists:
   Non-Class:  1.00 MB
       Class:  3.11 MB
        Both:  4.11 MB

MaxMetaspaceSize: unlimited
CompressedClassSpaceSize: 1.00 GB
Initial GC threshold: 21.00 MB
Current GC threshold: 21.00 MB
CDS: on
MetaspaceReclaimPolicy: balanced
 - commit_granule_bytes: 65536.
 - commit_granule_words: 8192.
 - virtual_space_node_default_size: 8388608.
 - enlarge_chunks_in_place: 1.
 - new_chunks_are_fully_committed: 0.
 - uncommit_free_chunks: 1.
 - use_allocation_guard: 0.


Internal statistics:

num_allocs_failed_limit: 0.
num_arena_births: 132.
num_arena_deaths: 0.
num_vsnodes_births: 2.
num_vsnodes_deaths: 0.
num_space_committed: 118.
num_space_uncommitted: 0.
num_chunks_returned_to_freelist: 0.
num_chunks_taken_from_freelist: 189.
num_chunk_merges: 0.
num_chunk_splits: 103.
num_chunks_enlarged: 33.
num_inconsistent_stats: 0.

CodeHeap 'non-profiled nmethods': size=120000Kb used=432Kb max_used=432Kb free=119567Kb
 bounds [0x0000026235c00000, 0x0000026235e70000, 0x000002623d130000]
CodeHeap 'profiled nmethods': size=120000Kb used=2472Kb max_used=2472Kb free=117527Kb
 bounds [0x000002622e6d0000, 0x000002622e940000, 0x0000026235c00000]
CodeHeap 'non-nmethods': size=5760Kb used=1268Kb max_used=1297Kb free=4492Kb
 bounds [0x000002622e130000, 0x000002622e3a0000, 0x000002622e6d0000]
 total_blobs=2102 nmethods=1521 adapters=494
 compilation: enabled
              stopped_count=0, restarted_count=0
 full_count=0

Compilation events (20 events):
Event: 5.766 Thread 0x00000262490a3a40 nmethod 1515 0x000002622e931d90 code [0x000002622e931fa0, 0x000002622e9328b8]
Event: 5.766 Thread 0x00000262490a3a40 1516       3       sun.java2d.SunGraphics2D::drawImage (11 bytes)
Event: 5.766 Thread 0x00000262490a3a40 nmethod 1516 0x000002622e932b10 code [0x000002622e932cc0, 0x000002622e932e08]
Event: 5.766 Thread 0x00000262490a3a40 1517   !   3       sun.java2d.SunGraphics2D::drawImage (150 bytes)
Event: 5.767 Thread 0x00000262490a3a40 nmethod 1517 0x000002622e932e90 code [0x000002622e933100, 0x000002622e933cd8]
Event: 5.767 Thread 0x00000262490a3a40 1518   !   3       sun.java2d.SunGraphics2D::drawHiDPIImage (540 bytes)
Event: 5.770 Thread 0x00000262490a3a40 nmethod 1518 0x000002622e934290 code [0x000002622e934740, 0x000002622e9369e8]
Event: 5.770 Thread 0x00000262490a3a40 1519       3       sun.java2d.pipe.DrawImage::isSimpleTranslate (31 bytes)
Event: 5.770 Thread 0x00000262490a3a40 nmethod 1519 0x000002622e937f10 code [0x000002622e9380c0, 0x000002622e9382f8]
Event: 5.770 Thread 0x00000262490a3a40 1507   !   3       javax.swing.RepaintManager$ProcessingRunnable::run (41 bytes)
Event: 5.771 Thread 0x00000262490a3a40 nmethod 1507 0x000002622e938390 code [0x000002622e938560, 0x000002622e938848]
Event: 5.771 Thread 0x00000262490a3a40 1509       3       sun.java2d.d3d.D3DScreenUpdateManager::createGraphics (76 bytes)
Event: 5.772 Thread 0x00000262490a3a40 nmethod 1509 0x000002622e938990 code [0x000002622e938ba0, 0x000002622e939268]
Event: 5.779 Thread 0x00000262490a3a40 1520       3       java.awt.EventQueue::noEvents (29 bytes)
Event: 5.779 Thread 0x00000262490a3a40 nmethod 1520 0x000002622e939410 code [0x000002622e9395c0, 0x000002622e939838]
Event: 5.779 Thread 0x00000262490a3a40 1521       3       sun.awt.windows.WComponentPeer::getTarget (5 bytes)
Event: 5.779 Thread 0x00000262490a3a40 nmethod 1521 0x000002622e939990 code [0x000002622e939b20, 0x000002622e939c38]
Event: 5.779 Thread 0x00000262490a3a40 1522   !   3       sun.java2d.d3d.D3DScreenUpdateManager::wakeUpUpdateThread (25 bytes)
Event: 5.780 Thread 0x00000262490a3a40 nmethod 1522 0x000002622e939d10 code [0x000002622e939ec0, 0x000002622e93a108]
Event: 5.796 Thread 0x00000262490a3a40 1524       3       javax.swing.SwingUtilities::getPaintingOrigin (33 bytes)

GC Heap History (17 events):
Event: 2.430 GC heap before
{Heap before GC invocations=0 (full 0):
 garbage-first heap   total 251904K, used 129024K [0x000000070a000000, 0x0000000800000000)
  region size 2048K, 9 young (18432K), 0 survivors (0K)
 Metaspace       used 7084K, committed 7296K, reserved 1114112K
  class space    used 745K, committed 896K, reserved 1048576K
}
Event: 2.437 GC heap after
{Heap after GC invocations=1 (full 0):
 garbage-first heap   total 251904K, used 115848K [0x000000070a000000, 0x0000000800000000)
  region size 2048K, 2 young (4096K), 2 survivors (4096K)
 Metaspace       used 7084K, committed 7296K, reserved 1114112K
  class space    used 745K, committed 896K, reserved 1048576K
}
Event: 2.446 GC heap before
{Heap before GC invocations=1 (full 0):
 garbage-first heap   total 251904K, used 117896K [0x000000070a000000, 0x0000000800000000)
  region size 2048K, 3 young (6144K), 2 survivors (4096K)
 Metaspace       used 7087K, committed 7296K, reserved 1114112K
  class space    used 745K, committed 896K, reserved 1048576K
}
Event: 2.452 GC heap after
{Heap after GC invocations=2 (full 0):
 garbage-first heap   total 251904K, used 7514K [0x000000070a000000, 0x0000000800000000)
  region size 2048K, 1 young (2048K), 1 survivors (2048K)
 Metaspace       used 7087K, committed 7296K, reserved 1114112K
  class space    used 745K, committed 896K, reserved 1048576K
}
Event: 3.296 GC heap before
{Heap before GC invocations=2 (full 0):
 garbage-first heap   total 251904K, used 111962K [0x000000070a000000, 0x0000000800000000)
  region size 2048K, 2 young (4096K), 1 survivors (2048K)
 Metaspace       used 7154K, committed 7360K, reserved 1114112K
  class space    used 745K, committed 896K, reserved 1048576K
}
Event: 3.297 GC heap after
{Heap after GC invocations=3 (full 0):
 garbage-first heap   total 251904K, used 111794K [0x000000070a000000, 0x0000000800000000)
  region size 2048K, 1 young (2048K), 1 survivors (2048K)
 Metaspace       used 7154K, committed 7360K, reserved 1114112K
  class space    used 745K, committed 896K, reserved 1048576K
}
Event: 3.313 GC heap before
{Heap before GC invocations=3 (full 0):
 garbage-first heap   total 251904K, used 113842K [0x000000070a000000, 0x0000000800000000)
  region size 2048K, 2 young (4096K), 1 survivors (2048K)
 Metaspace       used 7154K, committed 7360K, reserved 1114112K
  class space    used 745K, committed 896K, reserved 1048576K
}
Event: 3.314 GC heap after
{Heap after GC invocations=4 (full 0):
 garbage-first heap   total 251904K, used 11340K [0x000000070a000000, 0x0000000800000000)
  region size 2048K, 1 young (2048K), 1 survivors (2048K)
 Metaspace       used 7154K, committed 7360K, reserved 1114112K
  class space    used 745K, committed 896K, reserved 1048576K
}
Event: 4.129 GC heap before
{Heap before GC invocations=4 (full 0):
 garbage-first heap   total 251904K, used 113740K [0x000000070a000000, 0x0000000800000000)
  region size 2048K, 3 young (6144K), 1 survivors (2048K)
 Metaspace       used 7197K, committed 7424K, reserved 1114112K
  class space    used 745K, committed 896K, reserved 1048576K
}
Event: 4.131 GC heap after
{Heap after GC invocations=5 (full 0):
 garbage-first heap   total 251904K, used 109635K [0x000000070a000000, 0x0000000800000000)
  region size 2048K, 1 young (2048K), 1 survivors (2048K)
 Metaspace       used 7197K, committed 7424K, reserved 1114112K
  class space    used 745K, committed 896K, reserved 1048576K
}
Event: 4.146 GC heap before
{Heap before GC invocations=5 (full 0):
 garbage-first heap   total 251904K, used 113731K [0x000000070a000000, 0x0000000800000000)
  region size 2048K, 3 young (6144K), 1 survivors (2048K)
 Metaspace       used 7198K, committed 7424K, reserved 1114112K
  class space    used 745K, committed 896K, reserved 1048576K
}
Event: 4.147 GC heap after
{Heap after GC invocations=6 (full 0):
 garbage-first heap   total 251904K, used 11323K [0x000000070a000000, 0x0000000800000000)
  region size 2048K, 1 young (2048K), 1 survivors (2048K)
 Metaspace       used 7198K, committed 7424K, reserved 1114112K
  class space    used 745K, committed 896K, reserved 1048576K
}
Event: 4.963 GC heap before
{Heap before GC invocations=6 (full 0):
 garbage-first heap   total 251904K, used 113723K [0x000000070a000000, 0x0000000800000000)
  region size 2048K, 3 young (6144K), 1 survivors (2048K)
 Metaspace       used 7254K, committed 7488K, reserved 1114112K
  class space    used 745K, committed 896K, reserved 1048576K
}
Event: 4.964 GC heap after
{Heap after GC invocations=7 (full 0):
 garbage-first heap   total 251904K, used 109631K [0x000000070a000000, 0x0000000800000000)
  region size 2048K, 1 young (2048K), 1 survivors (2048K)
 Metaspace       used 7254K, committed 7488K, reserved 1114112K
  class space    used 745K, committed 896K, reserved 1048576K
}
Event: 4.979 GC heap before
{Heap before GC invocations=7 (full 0):
 garbage-first heap   total 251904K, used 113727K [0x000000070a000000, 0x0000000800000000)
  region size 2048K, 3 young (6144K), 1 survivors (2048K)
 Metaspace       used 7254K, committed 7488K, reserved 1114112K
  class space    used 745K, committed 896K, reserved 1048576K
}
Event: 4.981 GC heap after
{Heap after GC invocations=8 (full 0):
 garbage-first heap   total 251904K, used 11323K [0x000000070a000000, 0x0000000800000000)
  region size 2048K, 1 young (2048K), 1 survivors (2048K)
 Metaspace       used 7254K, committed 7488K, reserved 1114112K
  class space    used 745K, committed 896K, reserved 1048576K
}
Event: 5.796 GC heap before
{Heap before GC invocations=8 (full 0):
 garbage-first heap   total 251904K, used 113723K [0x000000070a000000, 0x0000000800000000)
  region size 2048K, 3 young (6144K), 1 survivors (2048K)
 Metaspace       used 7346K, committed 7552K, reserved 1114112K
  class space    used 745K, committed 896K, reserved 1048576K
}

Deoptimization events (20 events):
Event: 0.930 Thread 0x000002624dd79d20 Uncommon trap: trap_request=0xffffff45 fr.pc=0x0000026235c2f858 relative=0x0000000000000498
Event: 0.930 Thread 0x000002624dd79d20 Uncommon trap: reason=unstable_if action=reinterpret pc=0x0000026235c2f858 method=java.lang.StringLatin1.toLowerCase(Ljava/lang/String;[BLjava/util/Locale;)Ljava/lang/String; @ 43 c2
Event: 0.930 Thread 0x000002624dd79d20 DEOPT PACKING pc=0x0000026235c2f858 sp=0x00000096d08fd950
Event: 0.930 Thread 0x000002624dd79d20 DEOPT UNPACKING pc=0x000002622e1823a3 sp=0x00000096d08fd8c0 mode 2
Event: 1.074 Thread 0x00000262490930c0 DEOPT PACKING pc=0x000002622e6f78d1 sp=0x00000096ceefe1b0
Event: 1.074 Thread 0x00000262490930c0 DEOPT UNPACKING pc=0x000002622e182b43 sp=0x00000096ceefd628 mode 0
Event: 1.334 Thread 0x000002624dd79d20 Uncommon trap: trap_request=0xffffff45 fr.pc=0x0000026235c319d8 relative=0x0000000000000958
Event: 1.334 Thread 0x000002624dd79d20 Uncommon trap: reason=unstable_if action=reinterpret pc=0x0000026235c319d8 method=java.util.HashMap.putVal(ILjava/lang/Object;Ljava/lang/Object;ZZ)Ljava/lang/Object; @ 181 c2
Event: 1.334 Thread 0x000002624dd79d20 DEOPT PACKING pc=0x0000026235c319d8 sp=0x00000096d08fd790
Event: 1.334 Thread 0x000002624dd79d20 DEOPT UNPACKING pc=0x000002622e1823a3 sp=0x00000096d08fd6b0 mode 2
Event: 1.336 Thread 0x000002624dd79d20 Uncommon trap: trap_request=0xffffff45 fr.pc=0x0000026235c087b8 relative=0x0000000000000098
Event: 1.336 Thread 0x000002624dd79d20 Uncommon trap: reason=unstable_if action=reinterpret pc=0x0000026235c087b8 method=java.lang.String.isLatin1()Z @ 10 c2
Event: 1.336 Thread 0x000002624dd79d20 DEOPT PACKING pc=0x0000026235c087b8 sp=0x00000096d08fd740
Event: 1.336 Thread 0x000002624dd79d20 DEOPT UNPACKING pc=0x000002622e1823a3 sp=0x00000096d08fd670 mode 2
Event: 1.386 Thread 0x000002624dd79d20 Uncommon trap: trap_request=0xffffff45 fr.pc=0x0000026235c3f860 relative=0x00000000000003a0
Event: 1.386 Thread 0x000002624dd79d20 Uncommon trap: reason=unstable_if action=reinterpret pc=0x0000026235c3f860 method=java.lang.Character.isSurrogate(C)Z @ 3 c2
Event: 1.386 Thread 0x000002624dd79d20 DEOPT PACKING pc=0x0000026235c3f860 sp=0x00000096d08fd430
Event: 1.386 Thread 0x000002624dd79d20 DEOPT UNPACKING pc=0x000002622e1823a3 sp=0x00000096d08fd348 mode 2
Event: 1.574 Thread 0x000002624dd72ad0 DEOPT PACKING pc=0x0000026235c28f17 sp=0x00000096d07ff5b0
Event: 1.574 Thread 0x000002624dd72ad0 DEOPT UNPACKING pc=0x000002622e182b43 sp=0x00000096d07fea40 mode 0

Classes loaded (20 events):
Event: 1.572 Loading class sun/awt/im/CompositionAreaHandler
Event: 1.572 Loading class sun/awt/im/CompositionAreaHandler done
Event: 1.572 Loading class java/text/AttributedString
Event: 1.573 Loading class java/text/AttributedString done
Event: 1.573 Loading class java/text/AttributedString$AttributedStringIterator
Event: 1.573 Loading class java/text/AttributedCharacterIterator
Event: 1.573 Loading class java/text/CharacterIterator
Event: 1.573 Loading class java/text/CharacterIterator done
Event: 1.573 Loading class java/text/AttributedCharacterIterator done
Event: 1.573 Loading class java/text/AttributedString$AttributedStringIterator done
Event: 1.573 Loading class java/awt/TextComponent
Event: 1.574 Loading class java/awt/TextComponent done
Event: 1.574 Loading class javax/swing/text/JTextComponent
Event: 1.575 Loading class javax/swing/Scrollable
Event: 1.575 Loading class javax/swing/Scrollable done
Event: 1.576 Loading class javax/swing/text/JTextComponent done
Event: 1.593 Loading class java/util/concurrent/locks/AbstractQueuedSynchronizer$ConditionNode
Event: 1.593 Loading class java/util/concurrent/ForkJoinPool$ManagedBlocker
Event: 1.593 Loading class java/util/concurrent/ForkJoinPool$ManagedBlocker done
Event: 1.593 Loading class java/util/concurrent/locks/AbstractQueuedSynchronizer$ConditionNode done

Classes unloaded (0 events):
No events

Classes redefined (0 events):
No events

Internal exceptions (16 events):
Event: 0.167 Thread 0x000002622680aca0 Exception <a 'java/lang/NoSuchMethodError'{0x0000000719217e18}: 'void java.lang.invoke.DirectMethodHandle$Holder.invokeStatic(java.lang.Object, java.lang.Object, java.lang.Object)'> (0x0000000719217e18) 
thrown [s\open\src\hotspot\share\interpreter\linkResolver.cpp, line 766]
Event: 0.175 Thread 0x000002622680aca0 Exception <a 'java/lang/NoSuchMethodError'{0x0000000719230b30}: 'java.lang.Object java.lang.invoke.Invokers$Holder.invokeExact_MT(java.lang.Object, java.lang.Object, java.lang.Object, java.lang.Object, java.lang.Object)'> (0x0000000719230b30) 
thrown [s\open\src\hotspot\share\interpreter\linkResolver.cpp, line 766]
Event: 0.200 Thread 0x000002624d5498c0 Exception <a 'java/lang/NoSuchMethodError'{0x0000000719277e00}: 'void java.lang.invoke.DirectMethodHandle$Holder.invokeStatic(java.lang.Object, java.lang.Object)'> (0x0000000719277e00) 
thrown [s\open\src\hotspot\share\interpreter\linkResolver.cpp, line 766]
Event: 0.215 Thread 0x000002622680aca0 Exception <a 'java/lang/ClassNotFoundException'{0x0000000719251080}: sun/awt/resources/spi/awtProvider> (0x0000000719251080) 
thrown [s\open\src\hotspot\share\classfile\systemDictionary.cpp, line 255]
Event: 0.254 Thread 0x000002622680aca0 Exception <a 'java/io/FileNotFoundException'{0x0000000719312e18}> (0x0000000719312e18) 
thrown [s\open\src\hotspot\share\prims\jni.cpp, line 516]
Event: 0.267 Thread 0x000002622680aca0 Exception <a 'java/io/FileNotFoundException'{0x000000071933fbe8}> (0x000000071933fbe8) 
thrown [s\open\src\hotspot\share\prims\jni.cpp, line 516]
Event: 0.343 Thread 0x000002622680aca0 Exception <a 'java/lang/NoSuchMethodError'{0x00000007193831c0}: 'java.lang.Object java.lang.invoke.DirectMethodHandle$Holder.invokeStaticInit(java.lang.Object)'> (0x00000007193831c0) 
thrown [s\open\src\hotspot\share\interpreter\linkResolver.cpp, line 766]
Event: 0.567 Thread 0x000002622680aca0 Exception <a 'java/lang/NoSuchMethodError'{0x000000071900a4a8}: 'void java.lang.invoke.DirectMethodHandle$Holder.invokeSpecial(java.lang.Object, java.lang.Object, java.lang.Object)'> (0x000000071900a4a8) 
thrown [s\open\src\hotspot\share\interpreter\linkResolver.cpp, line 766]
Event: 0.582 Thread 0x000002622680aca0 Exception <a 'java/lang/NoSuchMethodError'{0x0000000719035288}: 'java.lang.Object java.lang.invoke.DirectMethodHandle$Holder.newInvokeSpecial(java.lang.Object, java.lang.Object, java.lang.Object, java.lang.Object, java.lang.Object)'> (0x0000000719035288) 
thrown [s\open\src\hotspot\share\interpreter\linkResolver.cpp, line 766]
Event: 0.595 Thread 0x000002622680aca0 Exception <a 'java/lang/NoSuchMethodError'{0x0000000719066b98}: 'java.lang.Object java.lang.invoke.DirectMethodHandle$Holder.invokeStatic(java.lang.Object, int, java.lang.Object)'> (0x0000000719066b98) 
thrown [s\open\src\hotspot\share\interpreter\linkResolver.cpp, line 766]
Event: 0.650 Thread 0x000002622680aca0 Exception <a 'java/lang/ClassNotFoundException'{0x0000000719123c10}: com/sun/swing/internal/plaf/metal/resources/spi/metalProvider> (0x0000000719123c10) 
thrown [s\open\src\hotspot\share\classfile\systemDictionary.cpp, line 255]
Event: 0.651 Thread 0x000002622680aca0 Exception <a 'java/lang/ClassNotFoundException'{0x0000000719127c98}: com/sun/swing/internal/plaf/basic/resources/spi/basicProvider> (0x0000000719127c98) 
thrown [s\open\src\hotspot\share\classfile\systemDictionary.cpp, line 255]
Event: 0.666 Thread 0x000002622680aca0 Exception <a 'java/lang/NoSuchMethodError'{0x0000000719144c30}: 'int java.lang.invoke.Invokers$Holder.invokeExact_MT(java.lang.Object, java.lang.Object)'> (0x0000000719144c30) 
thrown [s\open\src\hotspot\share\interpreter\linkResolver.cpp, line 766]
Event: 0.691 Thread 0x000002624d6cae60 Exception <a 'java/lang/NoSuchMethodError'{0x00000007193d28a8}: 'void java.lang.invoke.DirectMethodHandle$Holder.invokeVirtual(java.lang.Object, java.lang.Object)'> (0x00000007193d28a8) 
thrown [s\open\src\hotspot\share\interpreter\linkResolver.cpp, line 766]
Event: 0.720 Thread 0x000002622680aca0 Exception <a 'java/lang/NoSuchMethodError'{0x0000000719174b60}: 'void java.lang.invoke.DirectMethodHandle$Holder.invokeStaticInit(java.lang.Object)'> (0x0000000719174b60) 
thrown [s\open\src\hotspot\share\interpreter\linkResolver.cpp, line 766]
Event: 1.102 Thread 0x00000262490930c0 Exception <a 'java/lang/NoSuchMethodError'{0x0000000718cfbbd8}: 'java.lang.Object java.lang.invoke.Invokers$Holder.invokeExact_MT(java.lang.Object, java.lang.Object, java.lang.Object, java.lang.Object, java.lang.Object, java.lang.Object)'> (0x0000000718cfbbd8) 
thrown [s\open\src\hotspot\share\interpreter\linkResolver.cpp, line 766]

VM Operations (20 events):
Event: 1.543 Executing VM operation: HandshakeAllThreads done
Event: 1.574 Executing VM operation: HandshakeAllThreads
Event: 1.574 Executing VM operation: HandshakeAllThreads done
Event: 2.429 Executing VM operation: G1TryInitiateConcMark
Event: 2.437 Executing VM operation: G1TryInitiateConcMark done
Event: 2.446 Executing VM operation: G1TryInitiateConcMark
Event: 2.452 Executing VM operation: G1TryInitiateConcMark done
Event: 3.296 Executing VM operation: G1TryInitiateConcMark
Event: 3.297 Executing VM operation: G1TryInitiateConcMark done
Event: 3.313 Executing VM operation: G1TryInitiateConcMark
Event: 3.314 Executing VM operation: G1TryInitiateConcMark done
Event: 4.129 Executing VM operation: G1TryInitiateConcMark
Event: 4.131 Executing VM operation: G1TryInitiateConcMark done
Event: 4.146 Executing VM operation: G1TryInitiateConcMark
Event: 4.147 Executing VM operation: G1TryInitiateConcMark done
Event: 4.963 Executing VM operation: G1TryInitiateConcMark
Event: 4.964 Executing VM operation: G1TryInitiateConcMark done
Event: 4.979 Executing VM operation: G1TryInitiateConcMark
Event: 4.981 Executing VM operation: G1TryInitiateConcMark done
Event: 5.796 Executing VM operation: G1TryInitiateConcMark

Events (20 events):
Event: 0.154 Loaded shared library C:\Program Files\Java\jdk-18.0.1.1\bin\net.dll
Event: 0.159 Loaded shared library C:\Program Files\Java\jdk-18.0.1.1\bin\nio.dll
Event: 0.165 Loaded shared library C:\Program Files\Java\jdk-18.0.1.1\bin\zip.dll
Event: 0.182 Loaded shared library C:\Program Files\JetBrains\IntelliJ IDEA Community Edition 2023.2\bin\breakgen64.dll
Event: 0.183 Thread 0x000002624d5498c0 Thread added: 0x000002624d5498c0
Event: 0.183 Thread 0x000002624d549d80 Thread added: 0x000002624d549d80
Event: 0.205 Loaded shared library C:\Program Files\Java\jdk-18.0.1.1\bin\jimage.dll
Event: 0.234 Loaded shared library C:\Program Files\Java\jdk-18.0.1.1\bin\awt.dll
Event: 0.345 Thread 0x000002624d714450 Thread added: 0x000002624d714450
Event: 0.347 Thread 0x000002624d6ca520 Thread added: 0x000002624d6ca520
Event: 0.349 Thread 0x000002624d6cae60 Thread added: 0x000002624d6cae60
Event: 0.678 Thread 0x000002624dd72ad0 Thread added: 0x000002624dd72ad0
Event: 0.695 Thread 0x000002624dd79d20 Thread added: 0x000002624dd79d20
Event: 0.728 Loaded shared library C:\Program Files\Java\jdk-18.0.1.1\bin\freetype.dll
Event: 0.730 Loaded shared library C:\Program Files\Java\jdk-18.0.1.1\bin\fontmanager.dll
Event: 0.865 Thread 0x000002622680aca0 Thread exited: 0x000002622680aca0
Event: 0.866 Thread 0x000002622680aca0 Thread added: 0x000002622680aca0
Event: 0.869 Thread 0x000002624d522b10 Thread added: 0x000002624d522b10
Event: 1.511 Thread 0x00000262490a3020 Thread added: 0x00000262490a3020
Event: 1.646 Thread 0x00000262490a3020 Thread exited: 0x00000262490a3020


Dynamic libraries:
0x00007ff6ef1e0000 - 0x00007ff6ef1f0000 	C:\Program Files\Java\jdk-18.0.1.1\bin\java.exe
0x00007ffbb8850000 - 0x00007ffbb8a67000 	C:\WINDOWS\SYSTEM32\ntdll.dll
0x00007ffb78de0000 - 0x00007ffb78df9000 	C:\Program Files\Avast Software\Avast\aswhook.dll
0x00007ffbb83c0000 - 0x00007ffbb8484000 	C:\WINDOWS\System32\KERNEL32.DLL
0x00007ffbb5ec0000 - 0x00007ffbb6267000 	C:\WINDOWS\System32\KERNELBASE.dll
0x00007ffbb6270000 - 0x00007ffbb6381000 	C:\WINDOWS\System32\ucrtbase.dll
0x00007ffbaee40000 - 0x00007ffbaee5a000 	C:\Program Files\Java\jdk-18.0.1.1\bin\VCRUNTIME140.dll
0x00007ffbb06c0000 - 0x00007ffbb06d8000 	C:\Program Files\Java\jdk-18.0.1.1\bin\jli.dll
0x00007ffbb7f70000 - 0x00007ffbb8022000 	C:\WINDOWS\System32\ADVAPI32.dll
0x00007ffbb8510000 - 0x00007ffbb85b7000 	C:\WINDOWS\System32\msvcrt.dll
0x00007ffbb67e0000 - 0x00007ffbb6888000 	C:\WINDOWS\System32\sechost.dll
0x00007ffbb5d70000 - 0x00007ffbb5d98000 	C:\WINDOWS\System32\bcrypt.dll
0x00007ffbb8670000 - 0x00007ffbb8785000 	C:\WINDOWS\System32\RPCRT4.dll
0x00007ffbb75a0000 - 0x00007ffbb774e000 	C:\WINDOWS\System32\USER32.dll
0x00007ffbb5ca0000 - 0x00007ffbb5cc6000 	C:\WINDOWS\System32\win32u.dll
0x00007ffb91ba0000 - 0x00007ffb91e33000 	C:\WINDOWS\WinSxS\amd64_microsoft.windows.common-controls_6595b64144ccf1df_6.0.22621.3527_none_270e469b73872a76\COMCTL32.dll
0x00007ffbb85e0000 - 0x00007ffbb8609000 	C:\WINDOWS\System32\GDI32.dll
0x00007ffbb5da0000 - 0x00007ffbb5eb9000 	C:\WINDOWS\System32\gdi32full.dll
0x00007ffbb5cd0000 - 0x00007ffbb5d6a000 	C:\WINDOWS\System32\msvcp_win.dll
0x00007ffbac710000 - 0x00007ffbac71a000 	C:\WINDOWS\SYSTEM32\VERSION.dll
0x00007ffbb6890000 - 0x00007ffbb68c1000 	C:\WINDOWS\System32\IMM32.DLL
0x00007ffbb0a30000 - 0x00007ffbb0a3c000 	C:\Program Files\Java\jdk-18.0.1.1\bin\vcruntime140_1.dll
0x00007ffb9ee30000 - 0x00007ffb9eebd000 	C:\Program Files\Java\jdk-18.0.1.1\bin\msvcp140.dll
0x00007ffb6c930000 - 0x00007ffb6d540000 	C:\Program Files\Java\jdk-18.0.1.1\bin\server\jvm.dll
0x00007ffbb7500000 - 0x00007ffbb7508000 	C:\WINDOWS\System32\PSAPI.DLL
0x00007ffbada60000 - 0x00007ffbada94000 	C:\WINDOWS\SYSTEM32\WINMM.dll
0x00007ffba54b0000 - 0x00007ffba54b9000 	C:\WINDOWS\SYSTEM32\WSOCK32.dll
0x00007ffbb7750000 - 0x00007ffbb77c1000 	C:\WINDOWS\System32\WS2_32.dll
0x00007ffbb4b90000 - 0x00007ffbb4ba8000 	C:\WINDOWS\SYSTEM32\kernel.appcore.dll
0x00007ffba6aa0000 - 0x00007ffba6aaa000 	C:\Program Files\Java\jdk-18.0.1.1\bin\jimage.dll
0x00007ffbb3290000 - 0x00007ffbb34c2000 	C:\WINDOWS\SYSTEM32\DBGHELP.DLL
0x00007ffbb8030000 - 0x00007ffbb83b8000 	C:\WINDOWS\System32\combase.dll
0x00007ffbb66e0000 - 0x00007ffbb67b7000 	C:\WINDOWS\System32\OLEAUT32.dll
0x00007ffba8540000 - 0x00007ffba8572000 	C:\WINDOWS\SYSTEM32\dbgcore.DLL
0x00007ffbb6500000 - 0x00007ffbb6579000 	C:\WINDOWS\System32\bcryptPrimitives.dll
0x00007ffba6980000 - 0x00007ffba698e000 	C:\Program Files\Java\jdk-18.0.1.1\bin\instrument.dll
0x00007ffba69c0000 - 0x00007ffba69e5000 	C:\Program Files\Java\jdk-18.0.1.1\bin\java.dll
0x00007ffb9e600000 - 0x00007ffb9e6d6000 	C:\Program Files\Java\jdk-18.0.1.1\bin\jsvml.dll
0x00007ffbb6ba0000 - 0x00007ffbb73fc000 	C:\WINDOWS\System32\SHELL32.dll
0x00007ffbb3ab0000 - 0x00007ffbb43a6000 	C:\WINDOWS\SYSTEM32\windows.storage.dll
0x00007ffbb3970000 - 0x00007ffbb3aae000 	C:\WINDOWS\SYSTEM32\wintypes.dll
0x00007ffbb7400000 - 0x00007ffbb74f5000 	C:\WINDOWS\System32\SHCORE.dll
0x00007ffbb7a90000 - 0x00007ffbb7aee000 	C:\WINDOWS\System32\shlwapi.dll
0x00007ffbb5aa0000 - 0x00007ffbb5ac1000 	C:\WINDOWS\SYSTEM32\profapi.dll
0x00007ffb9ee10000 - 0x00007ffb9ee28000 	C:\Program Files\Java\jdk-18.0.1.1\bin\zip.dll
0x00007ffba64e0000 - 0x00007ffba64f3000 	C:\Program Files\Java\jdk-18.0.1.1\bin\net.dll
0x00007ffbacf90000 - 0x00007ffbad0c6000 	C:\WINDOWS\SYSTEM32\WINHTTP.dll
0x00007ffbb5000000 - 0x00007ffbb5069000 	C:\WINDOWS\system32\mswsock.dll
0x00007ffb9ef90000 - 0x00007ffb9efa6000 	C:\Program Files\Java\jdk-18.0.1.1\bin\nio.dll
0x00007ffb9ed60000 - 0x00007ffb9ed7a000 	C:\Program Files\JetBrains\IntelliJ IDEA Community Edition 2023.2\bin\breakgen64.dll
0x00007ffb773f0000 - 0x00007ffb7757f000 	C:\Program Files\Java\jdk-18.0.1.1\bin\awt.dll
0x00007ffbb2b00000 - 0x00007ffbb2b97000 	C:\WINDOWS\SYSTEM32\apphelp.dll
0x00007ffbb2e50000 - 0x00007ffbb2e7b000 	C:\WINDOWS\system32\DWMAPI.DLL
0x00007ffbb2c20000 - 0x00007ffbb2ccb000 	C:\WINDOWS\system32\uxtheme.dll
0x00007ffb4ad10000 - 0x00007ffb4ae10000 	C:\WINDOWS\system32\opengl32.dll
0x00007ffb5bbb0000 - 0x00007ffb5bbdd000 	C:\WINDOWS\SYSTEM32\GLU32.dll
0x00007ffbb2d00000 - 0x00007ffbb2d39000 	C:\WINDOWS\SYSTEM32\dxcore.dll
0x00007ffbb6580000 - 0x00007ffbb66d3000 	C:\WINDOWS\System32\MSCTF.dll
0x00007ffbb78e0000 - 0x00007ffbb7a85000 	C:\WINDOWS\System32\ole32.dll
0x00007ffb71d40000 - 0x00007ffb71ee9000 	C:\WINDOWS\system32\d3d9.dll
0x00007ffbac740000 - 0x00007ffbac8fb000 	C:\WINDOWS\System32\DriverStore\FileRepository\u0392096.inf_amd64_e701ad57178c2fbb\B390740\aticfx64.dll
0x00007ffb54800000 - 0x00007ffb54834000 	C:\WINDOWS\System32\DriverStore\FileRepository\u0392096.inf_amd64_e701ad57178c2fbb\B390740\atiu9p64.dll
0x00007ffb06410000 - 0x00007ffb07165000 	C:\WINDOWS\System32\DriverStore\FileRepository\u0392096.inf_amd64_e701ad57178c2fbb\B390740\atiumd64.dll
0x000000006c870000 - 0x000000006d798000 	C:\WINDOWS\System32\DriverStore\FileRepository\u0392096.inf_amd64_e701ad57178c2fbb\B390740\atiumd6a.dll
0x00007ffbb7af0000 - 0x00007ffbb7f64000 	C:\WINDOWS\System32\SETUPAPI.dll
0x00007ffbb55f0000 - 0x00007ffbb563d000 	C:\WINDOWS\SYSTEM32\POWRPROF.dll
0x00007ffbb54d0000 - 0x00007ffbb54e3000 	C:\WINDOWS\SYSTEM32\UMPDC.dll
0x00007ffbaa100000 - 0x00007ffbaa135000 	C:\WINDOWS\SYSTEM32\amdihk64.dll
0x00007ffbb0840000 - 0x00007ffbb088a000 	C:\WINDOWS\SYSTEM32\directxdatabasehelper.dll
0x00007ffb98d20000 - 0x00007ffb98da9000 	C:\Program Files\Java\jdk-18.0.1.1\bin\freetype.dll
0x00007ffb98c20000 - 0x00007ffb98cc8000 	C:\Program Files\Java\jdk-18.0.1.1\bin\fontmanager.dll
0x00007ffbaa2e0000 - 0x00007ffbaa42b000 	C:\WINDOWS\SYSTEM32\textinputframework.dll
0x00007ffb82c10000 - 0x00007ffb82c79000 	C:\WINDOWS\system32\Oleacc.dll
0x00007ffbb6af0000 - 0x00007ffbb6ba0000 	C:\WINDOWS\System32\clbcatq.dll
0x00007ffb84550000 - 0x00007ffb8459b000 	C:\WINDOWS\system32\ApplicationTargetedFeatureDatabase.dll
0x00007ffbaf070000 - 0x00007ffbaf2fb000 	C:\Windows\System32\twinapi.appcore.dll
0x00007ffbb2710000 - 0x00007ffbb2843000 	C:\WINDOWS\SYSTEM32\CoreMessaging.dll
0x00007ffbaffa0000 - 0x00007ffbb030c000 	C:\WINDOWS\SYSTEM32\CoreUIComponents.dll
0x00007ffbb5280000 - 0x00007ffbb528c000 	C:\WINDOWS\SYSTEM32\CRYPTBASE.DLL

dbghelp: loaded successfully - version: 4.0.5 - missing functions: none
symbol engine: initialized successfully - sym options: 0x614 - pdb path: .;C:\Program Files\Java\jdk-18.0.1.1\bin;C:\WINDOWS\SYSTEM32;C:\Program Files\Avast Software\Avast;C:\WINDOWS\WinSxS\amd64_microsoft.windows.common-controls_6595b64144ccf1df_6.0.22621.3527_none_270e469b73872a76;C:\Program Files\Java\jdk-18.0.1.1\bin\server;C:\Program Files\JetBrains\IntelliJ IDEA Community Edition 2023.2\bin;C:\WINDOWS\System32\DriverStore\FileRepository\u0392096.inf_amd64_e701ad57178c2fbb\B390740

VM Arguments:
jvm_args: -javaagent:C:\Program Files\JetBrains\IntelliJ IDEA Community Edition 2023.2\lib\idea_rt.jar=58548:C:\Program Files\JetBrains\IntelliJ IDEA Community Edition 2023.2\bin -Dfile.encoding=UTF-8 -Dsun.stdout.encoding=UTF-8 -Dsun.stderr.encoding=UTF-8 
java_command: TableHockey
java_class_path (initial): C:\Users\stidr\IdeaProjects\FinalProjCSA\out\production\FinalProjCSA
Launcher Type: SUN_STANDARD

[Global flags]
     intx CICompilerCount                          = 4                                         {product} {ergonomic}
     uint ConcGCThreads                            = 2                                         {product} {ergonomic}
     uint G1ConcRefinementThreads                  = 8                                         {product} {ergonomic}
   size_t G1HeapRegionSize                         = 2097152                                   {product} {ergonomic}
    uintx GCDrainStackTargetSize                   = 64                                        {product} {ergonomic}
   size_t InitialHeapSize                          = 257949696                                 {product} {ergonomic}
   size_t MarkStackSize                            = 4194304                                   {product} {ergonomic}
   size_t MaxHeapSize                              = 4127195136                                {product} {ergonomic}
   size_t MaxNewSize                               = 2474639360                                {product} {ergonomic}
   size_t MinHeapDeltaBytes                        = 2097152                                   {product} {ergonomic}
   size_t MinHeapSize                              = 8388608                                   {product} {ergonomic}
    uintx NonNMethodCodeHeapSize                   = 5839372                                {pd product} {ergonomic}
    uintx NonProfiledCodeHeapSize                  = 122909434                              {pd product} {ergonomic}
    uintx ProfiledCodeHeapSize                     = 122909434                              {pd product} {ergonomic}
    uintx ReservedCodeCacheSize                    = 251658240                              {pd product} {ergonomic}
     bool SegmentedCodeCache                       = true                                      {product} {ergonomic}
   size_t SoftMaxHeapSize                          = 4127195136                             {manageable} {ergonomic}
     bool UseCompressedClassPointers               = true                           {product lp64_product} {ergonomic}
     bool UseCompressedOops                        = true                           {product lp64_product} {ergonomic}
     bool UseG1GC                                  = true                                      {product} {ergonomic}
     bool UseLargePagesIndividualAllocation        = false                                  {pd product} {ergonomic}

Logging:
Log output configuration:
 #0: stdout all=warning uptime,level,tags foldmultilines=false
 #1: stderr all=off uptime,level,tags foldmultilines=false

Environment Variables:
JAVA_HOME=C:\Program Files\Eclipse Adoptium\jdk-17.0.11.9-hotspot\
PATH=C:\Program Files\Eclipse Adoptium\jdk-17.0.11.9-hotspot\bin;C:\Program Files\Common Files\Oracle\Java\javapath;C:\Program Files (x86)\Common Files\Oracle\Java\javapath;C:\WINDOWS\system32;C:\WINDOWS;C:\WINDOWS\System32\Wbem;C:\WINDOWS\System32\WindowsPowerShell\v1.0\;C:\WINDOWS\System32\OpenSSH\;C:\Program Files\Git\cmd;C:\Program Files\nodejs\;C:\Program Files\GitHub CLI\;C:\Users\stidr\AppData\Local\Programs\Python\Python39\Scripts\;C:\Users\stidr\AppData\Local\Programs\Python\Python39\;C:\Users\stidr\AppData\Local\Microsoft\WindowsApps;C:\Users\stidr\AppData\Local\Programs\Microsoft VS Code\bin;C:\Users\stidr\AppData\Roaming\npm;C:\mingw64\bin;C:\Program Files\JetBrains\PyCharm Community Edition 2022.3.2\bin;C:\MinGW\bin;c:\users\stidr\appdata\local\programs\python\python39\lib\site-packages\deepspeech;C:\Users\stidr\.detaspace\bin;C:\Program Files\JetBrains\IntelliJ IDEA Community Edition 2023.2\bin;;C:\chromedriver_win32;C:\edgedriver_win32;C:\Users\stidr\AppData\Local\GitHubDesktop\bin;C:\Users\stidr\Anaconda3;c:\users\stidr\appdata\local\programs\python\python39\lib\site-packages;
USERNAME=stidr
OS=Windows_NT
PROCESSOR_IDENTIFIER=AMD64 Family 23 Model 96 Stepping 1, AuthenticAMD



---------------  S Y S T E M  ---------------

OS:
 Windows 11 , 64 bit Build 22621 (10.0.22621.3527)
OS uptime: 5 days 22:11 hours

CPU: total 8 (initial active 8) (8 cores per cpu, 1 threads per core) family 23 model 96 stepping 1 microcode 0x0, cx8, cmov, fxsr, mmx, 3dnowpref, sse, sse2, sse3, ssse3, sse4a, sse4.1, sse4.2, popcnt, lzcnt, tsc, tscinvbit, avx, avx2, aes, clmul, bmi1, bmi2, adx, sha, fma, vzeroupper, clflush, clflushopt

Memory: 4k page, system-wide physical 15742M (1105M free)
TotalPageFile size 32809M (AvailPageFile size 168M)
current process WorkingSet (physical memory assigned to process): 197M, peak: 203M
current process commit charge ("private bytes"): 391M, peak: 677M

vm_info: Java HotSpot(TM) 64-Bit Server VM (18.0.1.1+2-6) for windows-amd64 JRE (18.0.1.1+2-6), built on Apr 25 2022 21:53:15 by "mach5one" with MS VC++ 16.8 / 16.9 (VS2019)

END.
