#
# There is insufficient memory for the Java Runtime Environment to continue.
# Native memory allocation (mmap) failed to map 327155712 bytes for G1 virtual space
# Possible reasons:
#   The system is out of physical RAM or swap space
#   The process is running with CompressedOops enabled, and the Java Heap may be blocking the growth of the native heap
# Possible solutions:
#   Reduce memory load on the system
#   Increase physical memory or swap space
#   Check if swap backing store is full
#   Decrease Java heap size (-Xmx/-Xms)
#   Decrease number of Java threads
#   Decrease Java thread stack sizes (-Xss)
#   Set larger code cache with -XX:ReservedCodeCacheSize=
#   JVM is running with Zero Based Compressed Oops mode in which the Java heap is
#     placed in the first 32GB address space. The Java Heap base address is the
#     maximum limit for the native heap growth. Please use -XX:HeapBaseMinAddress
#     to set the Java Heap base and to place the Java Heap above 32GB virtual address.
# This output file may be truncated or incomplete.
#
#  Out of Memory Error (os_windows.cpp:3530), pid=35244, tid=23508
#
# JRE version: Java(TM) SE Runtime Environment (18.0.1.1+2) (build 18.0.1.1+2-6)
# Java VM: Java HotSpot(TM) 64-Bit Server VM (18.0.1.1+2-6, mixed mode, sharing, tiered, compressed oops, compressed class ptrs, g1 gc, windows-amd64)
# No core dump will be written. Minidumps are not enabled by default on client versions of Windows
#

---------------  S U M M A R Y ------------

Command Line: -javaagent:C:\Program Files\JetBrains\IntelliJ IDEA Community Edition 2023.2\lib\idea_rt.jar=58542:C:\Program Files\JetBrains\IntelliJ IDEA Community Edition 2023.2\bin -Dfile.encoding=UTF-8 -Dsun.stdout.encoding=UTF-8 -Dsun.stderr.encoding=UTF-8 TableHockey

Host: AMD Ryzen 7 4700U with Radeon Graphics         , 8 cores, 15G,  Windows 11 , 64 bit Build 22621 (10.0.22621.3527)
Time: Thu May 30 10:00:23 2024 Pacific Daylight Time elapsed time: 6.365020 seconds (0d 0h 0m 6s)

---------------  T H R E A D  ---------------

Current thread (0x0000029fc12e1ab0):  VMThread "VM Thread" [stack: 0x000000a1f7500000,0x000000a1f7600000] [id=23508]

Stack: [0x000000a1f7500000,0x000000a1f7600000]
Native frames: (J=compiled Java code, j=interpreted, Vv=VM code, C=native code)
V  [jvm.dll+0x69887a]
V  [jvm.dll+0x7f38bd]
V  [jvm.dll+0x7f51ce]
V  [jvm.dll+0x7f5883]
V  [jvm.dll+0x25ca3f]
V  [jvm.dll+0x6957c9]
V  [jvm.dll+0x68a2fa]
V  [jvm.dll+0x321efb]
V  [jvm.dll+0x3298d6]
V  [jvm.dll+0x37e47e]
V  [jvm.dll+0x37e6af]
V  [jvm.dll+0x2f9c7a]
V  [jvm.dll+0x2f9d27]
V  [jvm.dll+0x33e262]
V  [jvm.dll+0x33c804]
V  [jvm.dll+0x2f9450]
V  [jvm.dll+0x33c0fd]
V  [jvm.dll+0x7fa66b]
V  [jvm.dll+0x7fb404]
V  [jvm.dll+0x7fb93c]
V  [jvm.dll+0x7fbd94]
V  [jvm.dll+0x7fbe57]
V  [jvm.dll+0x7a03ea]
V  [jvm.dll+0x697725]
C  [ucrtbase.dll+0x29333]
C  [KERNEL32.DLL+0x1257d]
C  [ntdll.dll+0x5aa48]

VM_Operation (0x000000a1f93fdeb0): G1TryInitiateConcMark, mode: safepoint, requested by thread 0x0000029fea6c8060


---------------  P R O C E S S  ---------------

Threads class SMR info:
_java_thread_list=0x0000029fea890c40, length=19, elements={
0x0000029fe5a26ca0, 0x0000029fe5a27810, 0x0000029fe5a426f0, 0x0000029fe5a42fa0,
0x0000029fe5a43850, 0x0000029fe5a44100, 0x0000029fe5a481e0, 0x0000029fe5a53100,
0x0000029fe5a55a00, 0x0000029fe5a14e40, 0x0000029fe9d3a330, 0x0000029fe9d452a0,
0x0000029fe9f18ba0, 0x0000029fe9f1bfa0, 0x0000029fe9f1f3a0, 0x0000029fea6c10a0,
0x0000029fea6c8060, 0x0000029fc124d760, 0x0000029fe9d4bbf0
}

Java Threads: ( => current thread )
  0x0000029fe5a26ca0 JavaThread "Reference Handler" daemon [_thread_blocked, id=3796, stack(0x000000a1f7600000,0x000000a1f7700000)]
  0x0000029fe5a27810 JavaThread "Finalizer" daemon [_thread_blocked, id=37440, stack(0x000000a1f7700000,0x000000a1f7800000)]
  0x0000029fe5a426f0 JavaThread "Signal Dispatcher" daemon [_thread_blocked, id=36504, stack(0x000000a1f7800000,0x000000a1f7900000)]
  0x0000029fe5a42fa0 JavaThread "Attach Listener" daemon [_thread_blocked, id=36752, stack(0x000000a1f7900000,0x000000a1f7a00000)]
  0x0000029fe5a43850 JavaThread "Service Thread" daemon [_thread_blocked, id=15176, stack(0x000000a1f7a00000,0x000000a1f7b00000)]
  0x0000029fe5a44100 JavaThread "Monitor Deflation Thread" daemon [_thread_blocked, id=1428, stack(0x000000a1f7b00000,0x000000a1f7c00000)]
  0x0000029fe5a481e0 JavaThread "C2 CompilerThread0" daemon [_thread_blocked, id=15288, stack(0x000000a1f7c00000,0x000000a1f7d00000)]
  0x0000029fe5a53100 JavaThread "C1 CompilerThread0" daemon [_thread_blocked, id=35952, stack(0x000000a1f7d00000,0x000000a1f7e00000)]
  0x0000029fe5a55a00 JavaThread "Sweeper thread" daemon [_thread_blocked, id=3776, stack(0x000000a1f7e00000,0x000000a1f7f00000)]
  0x0000029fe5a14e40 JavaThread "Common-Cleaner" daemon [_thread_blocked, id=35428, stack(0x000000a1f7f00000,0x000000a1f8000000)]
  0x0000029fe9d3a330 JavaThread "Monitor Ctrl-Break" daemon [_thread_in_native, id=33172, stack(0x000000a1f8000000,0x000000a1f8100000)]
  0x0000029fe9d452a0 JavaThread "Notification Thread" daemon [_thread_blocked, id=10592, stack(0x000000a1f8100000,0x000000a1f8200000)]
  0x0000029fe9f18ba0 JavaThread "Java2D Disposer" daemon [_thread_blocked, id=14724, stack(0x000000a1f8300000,0x000000a1f8400000)]
  0x0000029fe9f1bfa0 JavaThread "AWT-Shutdown" [_thread_blocked, id=30316, stack(0x000000a1f8400000,0x000000a1f8500000)]
  0x0000029fe9f1f3a0 JavaThread "AWT-Windows" daemon [_thread_blocked, id=26604, stack(0x000000a1f8500000,0x000000a1f8600000)]
  0x0000029fea6c10a0 JavaThread "Thread-0" [_thread_blocked, id=6124, stack(0x000000a1f9200000,0x000000a1f9300000)]
  0x0000029fea6c8060 JavaThread "AWT-EventQueue-0" [_thread_blocked, id=17604, stack(0x000000a1f9300000,0x000000a1f9400000)]
  0x0000029fc124d760 JavaThread "DestroyJavaVM" [_thread_blocked, id=9552, stack(0x000000a1f6f00000,0x000000a1f7000000)]
  0x0000029fe9d4bbf0 JavaThread "D3D Screen Updater" daemon [_thread_in_native, id=7496, stack(0x000000a1f9400000,0x000000a1f9500000)]

Other Threads:
=>0x0000029fc12e1ab0 VMThread "VM Thread" [stack: 0x000000a1f7500000,0x000000a1f7600000] [id=23508]
  0x0000029fe9d39df0 WatcherThread "VM Periodic Task Thread" [stack: 0x000000a1f8200000,0x000000a1f8300000] [id=39396]
  0x0000029fc12babe0 WorkerThread "GC Thread#0" [stack: 0x000000a1f7000000,0x000000a1f7100000] [id=33152]
  0x0000029fea88d360 WorkerThread "GC Thread#1" [stack: 0x000000a1f9500000,0x000000a1f9600000] [id=32816]
  0x0000029fea88d600 WorkerThread "GC Thread#2" [stack: 0x000000a1f9600000,0x000000a1f9700000] [id=29104]
  0x0000029fea715e70 WorkerThread "GC Thread#3" [stack: 0x000000a1f9700000,0x000000a1f9800000] [id=40776]
  0x0000029fea716110 WorkerThread "GC Thread#4" [stack: 0x000000a1f9800000,0x000000a1f9900000] [id=11220]
  0x0000029fea7163b0 WorkerThread "GC Thread#5" [stack: 0x000000a1f9900000,0x000000a1f9a00000] [id=39572]
  0x0000029fefcab3c0 WorkerThread "GC Thread#6" [stack: 0x000000a1f9a00000,0x000000a1f9b00000] [id=11000]
  0x0000029fea93b4f0 WorkerThread "GC Thread#7" [stack: 0x000000a1f9b00000,0x000000a1f9c00000] [id=8772]
  0x0000029fc12cc030 ConcurrentGCThread "G1 Main Marker" [stack: 0x000000a1f7100000,0x000000a1f7200000] [id=34516]
  0x0000029fc12cefe0 WorkerThread "G1 Conc#0" [stack: 0x000000a1f7200000,0x000000a1f7300000] [id=38832]
  0x0000029fc12fe280 ConcurrentGCThread "G1 Refine#0" [stack: 0x000000a1f7300000,0x000000a1f7400000] [id=1624]
  0x0000029fc12feaa0 ConcurrentGCThread "G1 Service" [stack: 0x000000a1f7400000,0x000000a1f7500000] [id=41036]

Threads with active compile tasks:
C1 CompilerThread0     6456 1538       3       javax.swing.SwingUtilities::getPaintingOrigin (33 bytes)

VM state: at safepoint (normal execution)

VM Mutex/Monitor currently owned by a thread:  ([mutex/lock_event])
[0x0000029fc1248d80] Threads_lock - owner thread: 0x0000029fc12e1ab0
[0x0000029fc1248e10] Heap_lock - owner thread: 0x0000029fea6c8060

Heap address: 0x000000070a000000, size: 3936 MB, Compressed Oops mode: Zero based, Oop shift amount: 3

CDS archive(s) mapped at: [0x0000000800000000-0x0000000800ba0000-0x0000000800ba0000), size 12189696, SharedBaseAddress: 0x0000000800000000, ArchiveRelocationMode: 0.
Compressed class space mapped at: 0x0000000800c00000-0x0000000840c00000, reserved size: 1073741824
Narrow klass base: 0x0000000800000000, Narrow klass shift: 0, Narrow klass range: 0x100000000

GC Precious Log:
 CardTable entry size: 512
 Card Set container configuration: InlinePtr #cards 4 size 8 Array Of Cards #cards 16 size 48 Howl #buckets 8 coarsen threshold 3686 Howl Bitmap #cards 512 size 80 coarsen threshold 460 Card regions per heap region 1 cards per card region 4096
 CPUs: 8 total, 8 available
 Memory: 15742M
 Large Page Support: Disabled
 NUMA Support: Disabled
 Compressed Oops: Enabled (Zero based)
 Heap Region Size: 2M
 Heap Min Capacity: 8M
 Heap Initial Capacity: 246M
 Heap Max Capacity: 3936M
 Pre-touch: Disabled
 Parallel Workers: 8
 Concurrent Workers: 2
 Concurrent Refinement Workers: 8
 Periodic GC: Disabled

Heap:
 garbage-first heap   total 251904K, used 109646K [0x000000070a000000, 0x0000000800000000)
  region size 2048K, 1 young (2048K), 1 survivors (2048K)
 Metaspace       used 7384K, committed 7616K, reserved 1114112K
  class space    used 746K, committed 896K, reserved 1048576K

Heap Regions: E=young(eden), S=young(survivor), O=old, HS=humongous(starts), HC=humongous(continues), CS=collection set, F=free, OA=open archive, CA=closed archive, TAMS=top-at-mark-start (previous, next)
|   0|0x000000070a000000, 0x000000070a200000, 0x000000070a200000|100%|HS|  |TAMS 0x000000070a000000, 0x000000070a200000| Complete 
|   1|0x000000070a200000, 0x000000070a400000, 0x000000070a400000|100%|HS|  |TAMS 0x000000070a200000, 0x000000070a400000| Complete 
|   2|0x000000070a400000, 0x000000070a600000, 0x000000070a600000|100%|HS|  |TAMS 0x000000070a400000, 0x000000070a600000| Complete 
|   3|0x000000070a600000, 0x000000070a800000, 0x000000070a800000|100%|HS|  |TAMS 0x000000070a600000, 0x000000070a800000| Complete 
|   4|0x000000070a800000, 0x000000070aa00000, 0x000000070aa00000|100%|HS|  |TAMS 0x000000070a800000, 0x000000070aa00000| Complete 
|   5|0x000000070aa00000, 0x000000070ac00000, 0x000000070ac00000|100%|HS|  |TAMS 0x000000070aa00000, 0x000000070ac00000| Complete 
|   6|0x000000070ac00000, 0x000000070ae00000, 0x000000070ae00000|100%|HS|  |TAMS 0x000000070ac00000, 0x000000070ae00000| Complete 
|   7|0x000000070ae00000, 0x000000070b000000, 0x000000070b000000|100%|HS|  |TAMS 0x000000070ae00000, 0x000000070b000000| Complete 
|   8|0x000000070b000000, 0x000000070b200000, 0x000000070b200000|100%|HS|  |TAMS 0x000000070b000000, 0x000000070b200000| Complete 
|   9|0x000000070b200000, 0x000000070b400000, 0x000000070b400000|100%|HS|  |TAMS 0x000000070b200000, 0x000000070b400000| Complete 
|  10|0x000000070b400000, 0x000000070b600000, 0x000000070b600000|100%|HS|  |TAMS 0x000000070b400000, 0x000000070b600000| Complete 
|  11|0x000000070b600000, 0x000000070b800000, 0x000000070b800000|100%|HS|  |TAMS 0x000000070b600000, 0x000000070b800000| Complete 
|  12|0x000000070b800000, 0x000000070ba00000, 0x000000070ba00000|100%|HS|  |TAMS 0x000000070b800000, 0x000000070ba00000| Complete 
|  13|0x000000070ba00000, 0x000000070bc00000, 0x000000070bc00000|100%|HS|  |TAMS 0x000000070ba00000, 0x000000070bc00000| Complete 
|  14|0x000000070bc00000, 0x000000070be00000, 0x000000070be00000|100%|HS|  |TAMS 0x000000070bc00000, 0x000000070be00000| Complete 
|  15|0x000000070be00000, 0x000000070c000000, 0x000000070c000000|100%|HS|  |TAMS 0x000000070be00000, 0x000000070c000000| Complete 
|  16|0x000000070c000000, 0x000000070c200000, 0x000000070c200000|100%|HS|  |TAMS 0x000000070c000000, 0x000000070c200000| Complete 
|  17|0x000000070c200000, 0x000000070c400000, 0x000000070c400000|100%|HS|  |TAMS 0x000000070c200000, 0x000000070c400000| Complete 
|  18|0x000000070c400000, 0x000000070c600000, 0x000000070c600000|100%|HS|  |TAMS 0x000000070c400000, 0x000000070c600000| Complete 
|  19|0x000000070c600000, 0x000000070c800000, 0x000000070c800000|100%|HS|  |TAMS 0x000000070c600000, 0x000000070c800000| Complete 
|  20|0x000000070c800000, 0x000000070ca00000, 0x000000070ca00000|100%|HS|  |TAMS 0x000000070c800000, 0x000000070ca00000| Complete 
|  21|0x000000070ca00000, 0x000000070cc00000, 0x000000070cc00000|100%|HS|  |TAMS 0x000000070ca00000, 0x000000070cc00000| Complete 
|  22|0x000000070cc00000, 0x000000070ce00000, 0x000000070ce00000|100%|HS|  |TAMS 0x000000070cc00000, 0x000000070ce00000| Complete 
|  23|0x000000070ce00000, 0x000000070d000000, 0x000000070d000000|100%|HS|  |TAMS 0x000000070ce00000, 0x000000070d000000| Complete 
|  24|0x000000070d000000, 0x000000070d200000, 0x000000070d200000|100%|HS|  |TAMS 0x000000070d000000, 0x000000070d200000| Complete 
|  25|0x000000070d200000, 0x000000070d400000, 0x000000070d400000|100%|HS|  |TAMS 0x000000070d200000, 0x000000070d400000| Complete 
|  26|0x000000070d400000, 0x000000070d600000, 0x000000070d600000|100%|HS|  |TAMS 0x000000070d400000, 0x000000070d600000| Complete 
|  27|0x000000070d600000, 0x000000070d800000, 0x000000070d800000|100%|HS|  |TAMS 0x000000070d600000, 0x000000070d800000| Complete 
|  28|0x000000070d800000, 0x000000070da00000, 0x000000070da00000|100%|HS|  |TAMS 0x000000070d800000, 0x000000070da00000| Complete 
|  29|0x000000070da00000, 0x000000070dc00000, 0x000000070dc00000|100%|HS|  |TAMS 0x000000070da00000, 0x000000070dc00000| Complete 
|  30|0x000000070dc00000, 0x000000070de00000, 0x000000070de00000|100%|HS|  |TAMS 0x000000070dc00000, 0x000000070de00000| Complete 
|  31|0x000000070de00000, 0x000000070e000000, 0x000000070e000000|100%|HS|  |TAMS 0x000000070de00000, 0x000000070e000000| Complete 
|  32|0x000000070e000000, 0x000000070e200000, 0x000000070e200000|100%|HS|  |TAMS 0x000000070e000000, 0x000000070e200000| Complete 
|  33|0x000000070e200000, 0x000000070e400000, 0x000000070e400000|100%|HS|  |TAMS 0x000000070e200000, 0x000000070e400000| Complete 
|  34|0x000000070e400000, 0x000000070e600000, 0x000000070e600000|100%|HS|  |TAMS 0x000000070e400000, 0x000000070e600000| Complete 
|  35|0x000000070e600000, 0x000000070e800000, 0x000000070e800000|100%|HS|  |TAMS 0x000000070e600000, 0x000000070e800000| Complete 
|  36|0x000000070e800000, 0x000000070ea00000, 0x000000070ea00000|100%|HS|  |TAMS 0x000000070e800000, 0x000000070ea00000| Complete 
|  37|0x000000070ea00000, 0x000000070ec00000, 0x000000070ec00000|100%|HS|  |TAMS 0x000000070ea00000, 0x000000070ec00000| Complete 
|  38|0x000000070ec00000, 0x000000070ee00000, 0x000000070ee00000|100%|HS|  |TAMS 0x000000070ec00000, 0x000000070ee00000| Complete 
|  39|0x000000070ee00000, 0x000000070f000000, 0x000000070f000000|100%|HS|  |TAMS 0x000000070ee00000, 0x000000070f000000| Complete 
|  40|0x000000070f000000, 0x000000070f200000, 0x000000070f200000|100%|HS|  |TAMS 0x000000070f000000, 0x000000070f200000| Complete 
|  41|0x000000070f200000, 0x000000070f400000, 0x000000070f400000|100%|HS|  |TAMS 0x000000070f200000, 0x000000070f400000| Complete 
|  42|0x000000070f400000, 0x000000070f600000, 0x000000070f600000|100%|HS|  |TAMS 0x000000070f400000, 0x000000070f600000| Complete 
|  43|0x000000070f600000, 0x000000070f800000, 0x000000070f800000|100%|HS|  |TAMS 0x000000070f600000, 0x000000070f800000| Complete 
|  44|0x000000070f800000, 0x000000070fa00000, 0x000000070fa00000|100%|HS|  |TAMS 0x000000070f800000, 0x000000070fa00000| Complete 
|  45|0x000000070fa00000, 0x000000070fc00000, 0x000000070fc00000|100%|HS|  |TAMS 0x000000070fa00000, 0x000000070fc00000| Complete 
|  46|0x000000070fc00000, 0x000000070fe00000, 0x000000070fe00000|100%|HS|  |TAMS 0x000000070fc00000, 0x000000070fe00000| Complete 
|  47|0x000000070fe00000, 0x0000000710000000, 0x0000000710000000|100%|HS|  |TAMS 0x000000070fe00000, 0x0000000710000000| Complete 
|  48|0x0000000710000000, 0x0000000710200000, 0x0000000710200000|100%|HS|  |TAMS 0x0000000710000000, 0x0000000710200000| Complete 
|  49|0x0000000710200000, 0x0000000710400000, 0x0000000710400000|100%|HS|  |TAMS 0x0000000710200000, 0x0000000710400000| Complete 
|  50|0x0000000710400000, 0x0000000710400000, 0x0000000710600000|  0%| F|  |TAMS 0x0000000710400000, 0x0000000710400000| Untracked 
|  51|0x0000000710600000, 0x0000000710600000, 0x0000000710800000|  0%| F|  |TAMS 0x0000000710600000, 0x0000000710600000| Untracked 
|  52|0x0000000710800000, 0x0000000710800000, 0x0000000710a00000|  0%| F|  |TAMS 0x0000000710800000, 0x0000000710800000| Untracked 
|  53|0x0000000710a00000, 0x0000000710a00000, 0x0000000710c00000|  0%| F|  |TAMS 0x0000000710a00000, 0x0000000710a00000| Untracked 
|  54|0x0000000710c00000, 0x0000000710e00000, 0x0000000710e00000|100%|HS|  |TAMS 0x0000000710c00000, 0x0000000710e00000| Complete 
|  55|0x0000000710e00000, 0x0000000711000000, 0x0000000711000000|100%|HS|  |TAMS 0x0000000710e00000, 0x0000000711000000| Complete 
|  56|0x0000000711000000, 0x0000000711200000, 0x0000000711200000|100%| O|  |TAMS 0x0000000711000000, 0x0000000711200000| Untracked 
|  57|0x0000000711200000, 0x000000071130d800, 0x0000000711400000| 52%| O|  |TAMS 0x0000000711200000, 0x000000071130d800| Untracked 
|  58|0x0000000711400000, 0x0000000711400000, 0x0000000711600000|  0%| F|  |TAMS 0x0000000711400000, 0x0000000711400000| Untracked 
|  59|0x0000000711600000, 0x0000000711600000, 0x0000000711800000|  0%| F|  |TAMS 0x0000000711600000, 0x0000000711600000| Untracked 
|  60|0x0000000711800000, 0x0000000711800000, 0x0000000711a00000|  0%| F|  |TAMS 0x0000000711800000, 0x0000000711800000| Untracked 
|  61|0x0000000711a00000, 0x0000000711a00000, 0x0000000711c00000|  0%| F|  |TAMS 0x0000000711a00000, 0x0000000711a00000| Untracked 
|  62|0x0000000711c00000, 0x0000000711c00000, 0x0000000711e00000|  0%| F|  |TAMS 0x0000000711c00000, 0x0000000711c00000| Untracked 
|  63|0x0000000711e00000, 0x0000000711e00000, 0x0000000712000000|  0%| F|  |TAMS 0x0000000711e00000, 0x0000000711e00000| Untracked 
|  64|0x0000000712000000, 0x0000000712000000, 0x0000000712200000|  0%| F|  |TAMS 0x0000000712000000, 0x0000000712000000| Untracked 
|  65|0x0000000712200000, 0x0000000712200000, 0x0000000712400000|  0%| F|  |TAMS 0x0000000712200000, 0x0000000712200000| Untracked 
|  66|0x0000000712400000, 0x0000000712400000, 0x0000000712600000|  0%| F|  |TAMS 0x0000000712400000, 0x0000000712400000| Untracked 
|  67|0x0000000712600000, 0x0000000712600000, 0x0000000712800000|  0%| F|  |TAMS 0x0000000712600000, 0x0000000712600000| Untracked 
|  68|0x0000000712800000, 0x0000000712800000, 0x0000000712a00000|  0%| F|  |TAMS 0x0000000712800000, 0x0000000712800000| Untracked 
|  69|0x0000000712a00000, 0x0000000712a00000, 0x0000000712c00000|  0%| F|  |TAMS 0x0000000712a00000, 0x0000000712a00000| Untracked 
|  70|0x0000000712c00000, 0x0000000712c00000, 0x0000000712e00000|  0%| F|  |TAMS 0x0000000712c00000, 0x0000000712c00000| Untracked 
|  71|0x0000000712e00000, 0x0000000712e00000, 0x0000000713000000|  0%| F|  |TAMS 0x0000000712e00000, 0x0000000712e00000| Untracked 
|  72|0x0000000713000000, 0x0000000713000000, 0x0000000713200000|  0%| F|  |TAMS 0x0000000713000000, 0x0000000713000000| Untracked 
|  73|0x0000000713200000, 0x0000000713200000, 0x0000000713400000|  0%| F|  |TAMS 0x0000000713200000, 0x0000000713200000| Untracked 
|  74|0x0000000713400000, 0x0000000713400000, 0x0000000713600000|  0%| F|  |TAMS 0x0000000713400000, 0x0000000713400000| Untracked 
|  75|0x0000000713600000, 0x0000000713600000, 0x0000000713800000|  0%| F|  |TAMS 0x0000000713600000, 0x0000000713600000| Untracked 
|  76|0x0000000713800000, 0x0000000713800000, 0x0000000713a00000|  0%| F|  |TAMS 0x0000000713800000, 0x0000000713800000| Untracked 
|  77|0x0000000713a00000, 0x0000000713a00000, 0x0000000713c00000|  0%| F|  |TAMS 0x0000000713a00000, 0x0000000713a00000| Untracked 
|  78|0x0000000713c00000, 0x0000000713c00000, 0x0000000713e00000|  0%| F|  |TAMS 0x0000000713c00000, 0x0000000713c00000| Untracked 
|  79|0x0000000713e00000, 0x0000000713e00000, 0x0000000714000000|  0%| F|  |TAMS 0x0000000713e00000, 0x0000000713e00000| Untracked 
|  80|0x0000000714000000, 0x0000000714000000, 0x0000000714200000|  0%| F|  |TAMS 0x0000000714000000, 0x0000000714000000| Untracked 
|  81|0x0000000714200000, 0x0000000714200000, 0x0000000714400000|  0%| F|  |TAMS 0x0000000714200000, 0x0000000714200000| Untracked 
|  82|0x0000000714400000, 0x0000000714400000, 0x0000000714600000|  0%| F|  |TAMS 0x0000000714400000, 0x0000000714400000| Untracked 
|  83|0x0000000714600000, 0x0000000714600000, 0x0000000714800000|  0%| F|  |TAMS 0x0000000714600000, 0x0000000714600000| Untracked 
|  84|0x0000000714800000, 0x0000000714800000, 0x0000000714a00000|  0%| F|  |TAMS 0x0000000714800000, 0x0000000714800000| Untracked 
|  85|0x0000000714a00000, 0x0000000714a00000, 0x0000000714c00000|  0%| F|  |TAMS 0x0000000714a00000, 0x0000000714a00000| Untracked 
|  86|0x0000000714c00000, 0x0000000714c00000, 0x0000000714e00000|  0%| F|  |TAMS 0x0000000714c00000, 0x0000000714c00000| Untracked 
|  87|0x0000000714e00000, 0x0000000714e00000, 0x0000000715000000|  0%| F|  |TAMS 0x0000000714e00000, 0x0000000714e00000| Untracked 
|  88|0x0000000715000000, 0x0000000715000000, 0x0000000715200000|  0%| F|  |TAMS 0x0000000715000000, 0x0000000715000000| Untracked 
|  89|0x0000000715200000, 0x0000000715200000, 0x0000000715400000|  0%| F|  |TAMS 0x0000000715200000, 0x0000000715200000| Untracked 
|  90|0x0000000715400000, 0x0000000715400000, 0x0000000715600000|  0%| F|  |TAMS 0x0000000715400000, 0x0000000715400000| Untracked 
|  91|0x0000000715600000, 0x0000000715600000, 0x0000000715800000|  0%| F|  |TAMS 0x0000000715600000, 0x0000000715600000| Untracked 
|  92|0x0000000715800000, 0x0000000715800000, 0x0000000715a00000|  0%| F|  |TAMS 0x0000000715800000, 0x0000000715800000| Untracked 
|  93|0x0000000715a00000, 0x0000000715a00000, 0x0000000715c00000|  0%| F|  |TAMS 0x0000000715a00000, 0x0000000715a00000| Untracked 
|  94|0x0000000715c00000, 0x0000000715c00000, 0x0000000715e00000|  0%| F|  |TAMS 0x0000000715c00000, 0x0000000715c00000| Untracked 
|  95|0x0000000715e00000, 0x0000000715e00000, 0x0000000716000000|  0%| F|  |TAMS 0x0000000715e00000, 0x0000000715e00000| Untracked 
|  96|0x0000000716000000, 0x0000000716000000, 0x0000000716200000|  0%| F|  |TAMS 0x0000000716000000, 0x0000000716000000| Untracked 
|  97|0x0000000716200000, 0x0000000716200000, 0x0000000716400000|  0%| F|  |TAMS 0x0000000716200000, 0x0000000716200000| Untracked 
|  98|0x0000000716400000, 0x0000000716400000, 0x0000000716600000|  0%| F|  |TAMS 0x0000000716400000, 0x0000000716400000| Untracked 
|  99|0x0000000716600000, 0x0000000716600000, 0x0000000716800000|  0%| F|  |TAMS 0x0000000716600000, 0x0000000716600000| Untracked 
| 100|0x0000000716800000, 0x0000000716800000, 0x0000000716a00000|  0%| F|  |TAMS 0x0000000716800000, 0x0000000716800000| Untracked 
| 101|0x0000000716a00000, 0x0000000716a00000, 0x0000000716c00000|  0%| F|  |TAMS 0x0000000716a00000, 0x0000000716a00000| Untracked 
| 102|0x0000000716c00000, 0x0000000716c00000, 0x0000000716e00000|  0%| F|  |TAMS 0x0000000716c00000, 0x0000000716c00000| Untracked 
| 103|0x0000000716e00000, 0x0000000716e00000, 0x0000000717000000|  0%| F|  |TAMS 0x0000000716e00000, 0x0000000716e00000| Untracked 
| 104|0x0000000717000000, 0x0000000717000000, 0x0000000717200000|  0%| F|  |TAMS 0x0000000717000000, 0x0000000717000000| Untracked 
| 105|0x0000000717200000, 0x0000000717200000, 0x0000000717400000|  0%| F|  |TAMS 0x0000000717200000, 0x0000000717200000| Untracked 
| 106|0x0000000717400000, 0x0000000717400000, 0x0000000717600000|  0%| F|  |TAMS 0x0000000717400000, 0x0000000717400000| Untracked 
| 107|0x0000000717600000, 0x0000000717600000, 0x0000000717800000|  0%| F|  |TAMS 0x0000000717600000, 0x0000000717600000| Untracked 
| 108|0x0000000717800000, 0x0000000717800000, 0x0000000717a00000|  0%| F|  |TAMS 0x0000000717800000, 0x0000000717800000| Untracked 
| 109|0x0000000717a00000, 0x0000000717a00000, 0x0000000717c00000|  0%| F|  |TAMS 0x0000000717a00000, 0x0000000717a00000| Untracked 
| 110|0x0000000717c00000, 0x0000000717c00000, 0x0000000717e00000|  0%| F|  |TAMS 0x0000000717c00000, 0x0000000717c00000| Untracked 
| 111|0x0000000717e00000, 0x0000000717e00000, 0x0000000718000000|  0%| F|  |TAMS 0x0000000717e00000, 0x0000000717e00000| Untracked 
| 112|0x0000000718000000, 0x0000000718000000, 0x0000000718200000|  0%| F|  |TAMS 0x0000000718000000, 0x0000000718000000| Untracked 
| 113|0x0000000718200000, 0x0000000718200000, 0x0000000718400000|  0%| F|  |TAMS 0x0000000718200000, 0x0000000718200000| Untracked 
| 114|0x0000000718400000, 0x0000000718400000, 0x0000000718600000|  0%| F|  |TAMS 0x0000000718400000, 0x0000000718400000| Untracked 
| 115|0x0000000718600000, 0x0000000718600000, 0x0000000718800000|  0%| F|  |TAMS 0x0000000718600000, 0x0000000718600000| Untracked 
| 116|0x0000000718800000, 0x0000000718800000, 0x0000000718a00000|  0%| F|  |TAMS 0x0000000718800000, 0x0000000718800000| Untracked 
| 117|0x0000000718a00000, 0x0000000718a00000, 0x0000000718c00000|  0%| F|  |TAMS 0x0000000718a00000, 0x0000000718a00000| Untracked 
| 118|0x0000000718c00000, 0x0000000718c00000, 0x0000000718e00000|  0%| F|  |TAMS 0x0000000718c00000, 0x0000000718c00000| Untracked 
| 119|0x0000000718e00000, 0x0000000718e06190, 0x0000000719000000|  1%| S|CS|TAMS 0x0000000718e00000, 0x0000000718e00000| Complete 
| 120|0x0000000719000000, 0x0000000719000000, 0x0000000719200000|  0%| F|  |TAMS 0x0000000719000000, 0x0000000719000000| Untracked 
| 121|0x0000000719200000, 0x0000000719200000, 0x0000000719400000|  0%| F|  |TAMS 0x0000000719200000, 0x0000000719200000| Untracked 
| 122|0x0000000719400000, 0x0000000719400000, 0x0000000719600000|  0%| F|  |TAMS 0x0000000719400000, 0x0000000719400000| Untracked 

Card table byte_map: [0x0000029fda560000,0x0000029fdad10000] _byte_map_base: 0x0000029fd6d10000

Marking Bits (Prev, Next): (CMBitMap*) 0x0000029fc12bc100, (CMBitMap*) 0x0000029fc12bc140
 Prev Bits: [0x0000029fdb4c0000, 0x0000029fdf240000)
 Next Bits: [0x0000029fdf240000, 0x0000029fe2fc0000)

Polling page: 0x0000029fca320000

Metaspace:

Usage:
  Non-class:      6.48 MB used.
      Class:    746.23 KB used.
       Both:      7.21 MB used.

Virtual space:
  Non-class space:       64.00 MB reserved,       6.56 MB ( 10%) committed,  1 nodes.
      Class space:        1.00 GB reserved,     896.00 KB ( <1%) committed,  1 nodes.
             Both:        1.06 GB reserved,       7.44 MB ( <1%) committed. 

Chunk freelists:
   Non-Class:  1.00 MB
       Class:  3.11 MB
        Both:  4.11 MB

MaxMetaspaceSize: unlimited
CompressedClassSpaceSize: 1.00 GB
Initial GC threshold: 21.00 MB
Current GC threshold: 21.00 MB
CDS: on
MetaspaceReclaimPolicy: balanced
 - commit_granule_bytes: 65536.
 - commit_granule_words: 8192.
 - virtual_space_node_default_size: 8388608.
 - enlarge_chunks_in_place: 1.
 - new_chunks_are_fully_committed: 0.
 - uncommit_free_chunks: 1.
 - use_allocation_guard: 0.


Internal statistics:

num_allocs_failed_limit: 0.
num_arena_births: 132.
num_arena_deaths: 0.
num_vsnodes_births: 2.
num_vsnodes_deaths: 0.
num_space_committed: 119.
num_space_uncommitted: 0.
num_chunks_returned_to_freelist: 0.
num_chunks_taken_from_freelist: 190.
num_chunk_merges: 0.
num_chunk_splits: 104.
num_chunks_enlarged: 32.
num_inconsistent_stats: 0.

CodeHeap 'non-profiled nmethods': size=120000Kb used=438Kb max_used=438Kb free=119562Kb
 bounds [0x0000029fd1e10000, 0x0000029fd2080000, 0x0000029fd9340000]
CodeHeap 'profiled nmethods': size=120000Kb used=2529Kb max_used=2529Kb free=117470Kb
 bounds [0x0000029fca8e0000, 0x0000029fcab60000, 0x0000029fd1e10000]
CodeHeap 'non-nmethods': size=5760Kb used=1270Kb max_used=1300Kb free=4489Kb
 bounds [0x0000029fca340000, 0x0000029fca5b0000, 0x0000029fca8e0000]
 total_blobs=2119 nmethods=1536 adapters=496
 compilation: enabled
              stopped_count=0, restarted_count=0
 full_count=0

Compilation events (20 events):
Event: 6.331 Thread 0x0000029fe5a53100 nmethod 1529 0x0000029fcab51b10 code [0x0000029fcab51d20, 0x0000029fcab52348]
Event: 6.331 Thread 0x0000029fe5a53100 1530       3       sun.java2d.pipe.DrawImage::tryCopyOrScale (260 bytes)
Event: 6.332 Thread 0x0000029fe5a53100 nmethod 1530 0x0000029fcab52510 code [0x0000029fcab52860, 0x0000029fcab53978]
Event: 6.332 Thread 0x0000029fe5a53100 1531       3       sun.java2d.pipe.DrawImage::closeToInteger (20 bytes)
Event: 6.333 Thread 0x0000029fe5a53100 nmethod 1531 0x0000029fcab53e10 code [0x0000029fcab53fe0, 0x0000029fcab54178]
Event: 6.333 Thread 0x0000029fe5a53100 1532   !   3       sun.java2d.pipe.DrawImage::renderImageScale (158 bytes)
Event: 6.334 Thread 0x0000029fe5a53100 nmethod 1532 0x0000029fcab54210 code [0x0000029fcab54480, 0x0000029fcab553a8]
Event: 6.334 Thread 0x0000029fe5a53100 1533       3       sun.java2d.SurfaceData::getSourceSurfaceData (110 bytes)
Event: 6.335 Thread 0x0000029fe5a53100 nmethod 1533 0x0000029fcab55b10 code [0x0000029fcab55d40, 0x0000029fcab56898]
Event: 6.335 Thread 0x0000029fe5a53100 1518       3       sun.awt.image.BufImgSurfaceData::initSolidLoops (12 bytes)
Event: 6.335 Thread 0x0000029fe5a53100 nmethod 1518 0x0000029fcab56c10 code [0x0000029fcab56dc0, 0x0000029fcab56f88]
Event: 6.335 Thread 0x0000029fe5a53100 1519       3       sun.awt.image.OffScreenImage::getGraphics (5 bytes)
Event: 6.336 Thread 0x0000029fe5a53100 nmethod 1519 0x0000029fcab57010 code [0x0000029fcab571c0, 0x0000029fcab57308]
Event: 6.341 Thread 0x0000029fe5a53100 1534       3       sun.awt.windows.WComponentPeer::getTarget (5 bytes)
Event: 6.342 Thread 0x0000029fe5a53100 nmethod 1534 0x0000029fcab57390 code [0x0000029fcab57520, 0x0000029fcab57638]
Event: 6.342 Thread 0x0000029fe5a53100 1535   !   3       sun.java2d.d3d.D3DScreenUpdateManager::wakeUpUpdateThread (25 bytes)
Event: 6.342 Thread 0x0000029fe5a53100 nmethod 1535 0x0000029fcab57710 code [0x0000029fcab578c0, 0x0000029fcab57b08]
Event: 6.343 Thread 0x0000029fe5a53100 1536   !   3       sun.font.FontStrikeDesc::equals (53 bytes)
Event: 6.343 Thread 0x0000029fe5a53100 nmethod 1536 0x0000029fcab57c90 code [0x0000029fcab57e60, 0x0000029fcab58258]
Event: 6.358 Thread 0x0000029fe5a53100 1538       3       javax.swing.SwingUtilities::getPaintingOrigin (33 bytes)

GC Heap History (17 events):
Event: 2.992 GC heap before
{Heap before GC invocations=0 (full 0):
 garbage-first heap   total 251904K, used 129024K [0x000000070a000000, 0x0000000800000000)
  region size 2048K, 9 young (18432K), 0 survivors (0K)
 Metaspace       used 7114K, committed 7360K, reserved 1114112K
  class space    used 746K, committed 896K, reserved 1048576K
}
Event: 3.000 GC heap after
{Heap after GC invocations=1 (full 0):
 garbage-first heap   total 251904K, used 115863K [0x000000070a000000, 0x0000000800000000)
  region size 2048K, 2 young (4096K), 2 survivors (4096K)
 Metaspace       used 7114K, committed 7360K, reserved 1114112K
  class space    used 746K, committed 896K, reserved 1048576K
}
Event: 3.009 GC heap before
{Heap before GC invocations=1 (full 0):
 garbage-first heap   total 251904K, used 117911K [0x000000070a000000, 0x0000000800000000)
  region size 2048K, 3 young (6144K), 2 survivors (4096K)
 Metaspace       used 7117K, committed 7360K, reserved 1114112K
  class space    used 746K, committed 896K, reserved 1048576K
}
Event: 3.015 GC heap after
{Heap after GC invocations=2 (full 0):
 garbage-first heap   total 251904K, used 7595K [0x000000070a000000, 0x0000000800000000)
  region size 2048K, 1 young (2048K), 1 survivors (2048K)
 Metaspace       used 7117K, committed 7360K, reserved 1114112K
  class space    used 746K, committed 896K, reserved 1048576K
}
Event: 3.859 GC heap before
{Heap before GC invocations=2 (full 0):
 garbage-first heap   total 251904K, used 112043K [0x000000070a000000, 0x0000000800000000)
  region size 2048K, 2 young (4096K), 1 survivors (2048K)
 Metaspace       used 7179K, committed 7424K, reserved 1114112K
  class space    used 746K, committed 896K, reserved 1048576K
}
Event: 3.860 GC heap after
{Heap after GC invocations=3 (full 0):
 garbage-first heap   total 251904K, used 111726K [0x000000070a000000, 0x0000000800000000)
  region size 2048K, 1 young (2048K), 1 survivors (2048K)
 Metaspace       used 7179K, committed 7424K, reserved 1114112K
  class space    used 746K, committed 896K, reserved 1048576K
}
Event: 3.875 GC heap before
{Heap before GC invocations=3 (full 0):
 garbage-first heap   total 251904K, used 113774K [0x000000070a000000, 0x0000000800000000)
  region size 2048K, 2 young (4096K), 1 survivors (2048K)
 Metaspace       used 7179K, committed 7424K, reserved 1114112K
  class space    used 746K, committed 896K, reserved 1048576K
}
Event: 3.876 GC heap after
{Heap after GC invocations=4 (full 0):
 garbage-first heap   total 251904K, used 11337K [0x000000070a000000, 0x0000000800000000)
  region size 2048K, 1 young (2048K), 1 survivors (2048K)
 Metaspace       used 7179K, committed 7424K, reserved 1114112K
  class space    used 746K, committed 896K, reserved 1048576K
}
Event: 4.692 GC heap before
{Heap before GC invocations=4 (full 0):
 garbage-first heap   total 251904K, used 113737K [0x000000070a000000, 0x0000000800000000)
  region size 2048K, 3 young (6144K), 1 survivors (2048K)
 Metaspace       used 7218K, committed 7424K, reserved 1114112K
  class space    used 746K, committed 896K, reserved 1048576K
}
Event: 4.693 GC heap after
{Heap after GC invocations=5 (full 0):
 garbage-first heap   total 251904K, used 109640K [0x000000070a000000, 0x0000000800000000)
  region size 2048K, 1 young (2048K), 1 survivors (2048K)
 Metaspace       used 7218K, committed 7424K, reserved 1114112K
  class space    used 746K, committed 896K, reserved 1048576K
}
Event: 4.708 GC heap before
{Heap before GC invocations=5 (full 0):
 garbage-first heap   total 251904K, used 113736K [0x000000070a000000, 0x0000000800000000)
  region size 2048K, 3 young (6144K), 1 survivors (2048K)
 Metaspace       used 7218K, committed 7424K, reserved 1114112K
  class space    used 746K, committed 896K, reserved 1048576K
}
Event: 4.710 GC heap after
{Heap after GC invocations=6 (full 0):
 garbage-first heap   total 251904K, used 11328K [0x000000070a000000, 0x0000000800000000)
  region size 2048K, 1 young (2048K), 1 survivors (2048K)
 Metaspace       used 7218K, committed 7424K, reserved 1114112K
  class space    used 746K, committed 896K, reserved 1048576K
}
Event: 5.525 GC heap before
{Heap before GC invocations=6 (full 0):
 garbage-first heap   total 251904K, used 113728K [0x000000070a000000, 0x0000000800000000)
  region size 2048K, 3 young (6144K), 1 survivors (2048K)
 Metaspace       used 7289K, committed 7488K, reserved 1114112K
  class space    used 746K, committed 896K, reserved 1048576K
}
Event: 5.526 GC heap after
{Heap after GC invocations=7 (full 0):
 garbage-first heap   total 251904K, used 109640K [0x000000070a000000, 0x0000000800000000)
  region size 2048K, 1 young (2048K), 1 survivors (2048K)
 Metaspace       used 7289K, committed 7488K, reserved 1114112K
  class space    used 746K, committed 896K, reserved 1048576K
}
Event: 5.542 GC heap before
{Heap before GC invocations=7 (full 0):
 garbage-first heap   total 251904K, used 113736K [0x000000070a000000, 0x0000000800000000)
  region size 2048K, 3 young (6144K), 1 survivors (2048K)
 Metaspace       used 7290K, committed 7488K, reserved 1114112K
  class space    used 746K, committed 896K, reserved 1048576K
}
Event: 5.543 GC heap after
{Heap after GC invocations=8 (full 0):
 garbage-first heap   total 251904K, used 11330K [0x000000070a000000, 0x0000000800000000)
  region size 2048K, 1 young (2048K), 1 survivors (2048K)
 Metaspace       used 7290K, committed 7488K, reserved 1114112K
  class space    used 746K, committed 896K, reserved 1048576K
}
Event: 6.358 GC heap before
{Heap before GC invocations=8 (full 0):
 garbage-first heap   total 251904K, used 113730K [0x000000070a000000, 0x0000000800000000)
  region size 2048K, 3 young (6144K), 1 survivors (2048K)
 Metaspace       used 7384K, committed 7616K, reserved 1114112K
  class space    used 746K, committed 896K, reserved 1048576K
}

Deoptimization events (20 events):
Event: 1.146 Thread 0x0000029fea6c8060 DEOPT PACKING pc=0x0000029fd1e3fd58 sp=0x000000a1f93fd2f0
Event: 1.146 Thread 0x0000029fea6c8060 DEOPT UNPACKING pc=0x0000029fca3923a3 sp=0x000000a1f93fd228 mode 2
Event: 1.152 Thread 0x0000029fea6c8060 Uncommon trap: trap_request=0xffffff45 fr.pc=0x0000029fd1e43bd8 relative=0x0000000000000498
Event: 1.152 Thread 0x0000029fea6c8060 Uncommon trap: reason=unstable_if action=reinterpret pc=0x0000029fd1e43bd8 method=java.lang.StringLatin1.toLowerCase(Ljava/lang/String;[BLjava/util/Locale;)Ljava/lang/String; @ 43 c2
Event: 1.152 Thread 0x0000029fea6c8060 DEOPT PACKING pc=0x0000029fd1e43bd8 sp=0x000000a1f93fd710
Event: 1.152 Thread 0x0000029fea6c8060 DEOPT UNPACKING pc=0x0000029fca3923a3 sp=0x000000a1f93fd680 mode 2
Event: 1.862 Thread 0x0000029fea6c8060 Uncommon trap: trap_request=0xffffff45 fr.pc=0x0000029fd1e362c4 relative=0x00000000000008e4
Event: 1.862 Thread 0x0000029fea6c8060 Uncommon trap: reason=unstable_if action=reinterpret pc=0x0000029fd1e362c4 method=java.util.HashMap.putVal(ILjava/lang/Object;Ljava/lang/Object;ZZ)Ljava/lang/Object; @ 181 c2
Event: 1.862 Thread 0x0000029fea6c8060 DEOPT PACKING pc=0x0000029fd1e362c4 sp=0x000000a1f93fd4b0
Event: 1.862 Thread 0x0000029fea6c8060 DEOPT UNPACKING pc=0x0000029fca3923a3 sp=0x000000a1f93fd450 mode 2
Event: 1.864 Thread 0x0000029fea6c8060 Uncommon trap: trap_request=0xffffff45 fr.pc=0x0000029fd1e181b8 relative=0x0000000000000098
Event: 1.864 Thread 0x0000029fea6c8060 Uncommon trap: reason=unstable_if action=reinterpret pc=0x0000029fd1e181b8 method=java.lang.String.isLatin1()Z @ 10 c2
Event: 1.864 Thread 0x0000029fea6c8060 DEOPT PACKING pc=0x0000029fd1e181b8 sp=0x000000a1f93fd520
Event: 1.864 Thread 0x0000029fea6c8060 DEOPT UNPACKING pc=0x0000029fca3923a3 sp=0x000000a1f93fd450 mode 2
Event: 1.924 Thread 0x0000029fea6c8060 Uncommon trap: trap_request=0xffffff45 fr.pc=0x0000029fd1e50a5c relative=0x000000000000039c
Event: 1.924 Thread 0x0000029fea6c8060 Uncommon trap: reason=unstable_if action=reinterpret pc=0x0000029fd1e50a5c method=java.lang.Character.isSurrogate(C)Z @ 3 c2
Event: 1.924 Thread 0x0000029fea6c8060 DEOPT PACKING pc=0x0000029fd1e50a5c sp=0x000000a1f93fd1f0
Event: 1.925 Thread 0x0000029fea6c8060 DEOPT UNPACKING pc=0x0000029fca3923a3 sp=0x000000a1f93fd108 mode 2
Event: 2.070 Thread 0x0000029fea6c10a0 DEOPT PACKING pc=0x0000029fd1e38797 sp=0x000000a1f92ff4b0
Event: 2.070 Thread 0x0000029fea6c10a0 DEOPT UNPACKING pc=0x0000029fca392b43 sp=0x000000a1f92fe940 mode 0

Classes loaded (20 events):
Event: 2.074 Loading class java/util/concurrent/locks/AbstractQueuedSynchronizer$ExclusiveNode
Event: 2.075 Loading class java/util/concurrent/locks/AbstractQueuedSynchronizer$Node
Event: 2.075 Loading class java/util/concurrent/locks/AbstractQueuedSynchronizer$Node done
Event: 2.075 Loading class java/util/concurrent/locks/AbstractQueuedSynchronizer$ExclusiveNode done
Event: 2.088 Loading class java/awt/KeyboardFocusManager$3
Event: 2.088 Loading class java/awt/KeyboardFocusManager$3 done
Event: 2.105 Loading class sun/awt/im/CompositionAreaHandler
Event: 2.106 Loading class sun/awt/im/CompositionAreaHandler done
Event: 2.106 Loading class java/text/AttributedString
Event: 2.106 Loading class java/text/AttributedString done
Event: 2.107 Loading class java/text/AttributedString$AttributedStringIterator
Event: 2.107 Loading class java/text/AttributedCharacterIterator
Event: 2.107 Loading class java/text/CharacterIterator
Event: 2.107 Loading class java/text/CharacterIterator done
Event: 2.108 Loading class java/text/AttributedCharacterIterator done
Event: 2.108 Loading class java/text/AttributedString$AttributedStringIterator done
Event: 2.152 Loading class java/util/concurrent/locks/AbstractQueuedSynchronizer$ConditionNode
Event: 2.152 Loading class java/util/concurrent/ForkJoinPool$ManagedBlocker
Event: 2.152 Loading class java/util/concurrent/ForkJoinPool$ManagedBlocker done
Event: 2.153 Loading class java/util/concurrent/locks/AbstractQueuedSynchronizer$ConditionNode done

Classes unloaded (0 events):
No events

Classes redefined (0 events):
No events

Internal exceptions (16 events):
Event: 0.189 Thread 0x0000029fc124d760 Exception <a 'java/lang/NoSuchMethodError'{0x0000000719217e00}: 'void java.lang.invoke.DirectMethodHandle$Holder.invokeStatic(java.lang.Object, java.lang.Object, java.lang.Object)'> (0x0000000719217e00) 
thrown [s\open\src\hotspot\share\interpreter\linkResolver.cpp, line 766]
Event: 0.199 Thread 0x0000029fc124d760 Exception <a 'java/lang/NoSuchMethodError'{0x0000000719230b18}: 'java.lang.Object java.lang.invoke.Invokers$Holder.invokeExact_MT(java.lang.Object, java.lang.Object, java.lang.Object, java.lang.Object, java.lang.Object)'> (0x0000000719230b18) 
thrown [s\open\src\hotspot\share\interpreter\linkResolver.cpp, line 766]
Event: 0.226 Thread 0x0000029fe9d3a330 Exception <a 'java/lang/NoSuchMethodError'{0x0000000719277e00}: 'void java.lang.invoke.DirectMethodHandle$Holder.invokeStatic(java.lang.Object, java.lang.Object)'> (0x0000000719277e00) 
thrown [s\open\src\hotspot\share\interpreter\linkResolver.cpp, line 766]
Event: 0.249 Thread 0x0000029fc124d760 Exception <a 'java/lang/ClassNotFoundException'{0x0000000719251068}: sun/awt/resources/spi/awtProvider> (0x0000000719251068) 
thrown [s\open\src\hotspot\share\classfile\systemDictionary.cpp, line 255]
Event: 0.301 Thread 0x0000029fc124d760 Exception <a 'java/io/FileNotFoundException'{0x0000000719312e18}> (0x0000000719312e18) 
thrown [s\open\src\hotspot\share\prims\jni.cpp, line 516]
Event: 0.316 Thread 0x0000029fc124d760 Exception <a 'java/io/FileNotFoundException'{0x000000071933fbe8}> (0x000000071933fbe8) 
thrown [s\open\src\hotspot\share\prims\jni.cpp, line 516]
Event: 0.440 Thread 0x0000029fc124d760 Exception <a 'java/lang/NoSuchMethodError'{0x00000007193831c0}: 'java.lang.Object java.lang.invoke.DirectMethodHandle$Holder.invokeStaticInit(java.lang.Object)'> (0x00000007193831c0) 
thrown [s\open\src\hotspot\share\interpreter\linkResolver.cpp, line 766]
Event: 0.684 Thread 0x0000029fc124d760 Exception <a 'java/lang/NoSuchMethodError'{0x000000071900a4a8}: 'void java.lang.invoke.DirectMethodHandle$Holder.invokeSpecial(java.lang.Object, java.lang.Object, java.lang.Object)'> (0x000000071900a4a8) 
thrown [s\open\src\hotspot\share\interpreter\linkResolver.cpp, line 766]
Event: 0.704 Thread 0x0000029fc124d760 Exception <a 'java/lang/NoSuchMethodError'{0x0000000719035288}: 'java.lang.Object java.lang.invoke.DirectMethodHandle$Holder.newInvokeSpecial(java.lang.Object, java.lang.Object, java.lang.Object, java.lang.Object, java.lang.Object)'> (0x0000000719035288) 
thrown [s\open\src\hotspot\share\interpreter\linkResolver.cpp, line 766]
Event: 0.720 Thread 0x0000029fc124d760 Exception <a 'java/lang/NoSuchMethodError'{0x0000000719066b98}: 'java.lang.Object java.lang.invoke.DirectMethodHandle$Holder.invokeStatic(java.lang.Object, int, java.lang.Object)'> (0x0000000719066b98) 
thrown [s\open\src\hotspot\share\interpreter\linkResolver.cpp, line 766]
Event: 0.779 Thread 0x0000029fc124d760 Exception <a 'java/lang/ClassNotFoundException'{0x0000000719123c10}: com/sun/swing/internal/plaf/metal/resources/spi/metalProvider> (0x0000000719123c10) 
thrown [s\open\src\hotspot\share\classfile\systemDictionary.cpp, line 255]
Event: 0.782 Thread 0x0000029fc124d760 Exception <a 'java/lang/ClassNotFoundException'{0x0000000719127c98}: com/sun/swing/internal/plaf/basic/resources/spi/basicProvider> (0x0000000719127c98) 
thrown [s\open\src\hotspot\share\classfile\systemDictionary.cpp, line 255]
Event: 0.806 Thread 0x0000029fc124d760 Exception <a 'java/lang/NoSuchMethodError'{0x0000000719144c30}: 'int java.lang.invoke.Invokers$Holder.invokeExact_MT(java.lang.Object, java.lang.Object)'> (0x0000000719144c30) 
thrown [s\open\src\hotspot\share\interpreter\linkResolver.cpp, line 766]
Event: 0.839 Thread 0x0000029fe9f1f3a0 Exception <a 'java/lang/NoSuchMethodError'{0x00000007193d28a8}: 'void java.lang.invoke.DirectMethodHandle$Holder.invokeVirtual(java.lang.Object, java.lang.Object)'> (0x00000007193d28a8) 
thrown [s\open\src\hotspot\share\interpreter\linkResolver.cpp, line 766]
Event: 0.885 Thread 0x0000029fc124d760 Exception <a 'java/lang/NoSuchMethodError'{0x0000000719174b60}: 'void java.lang.invoke.DirectMethodHandle$Holder.invokeStaticInit(java.lang.Object)'> (0x0000000719174b60) 
thrown [s\open\src\hotspot\share\interpreter\linkResolver.cpp, line 766]
Event: 1.083 Thread 0x0000029fe5a42fa0 Exception <a 'java/lang/NoSuchMethodError'{0x0000000718fdd590}: 'java.lang.Object java.lang.invoke.Invokers$Holder.invokeExact_MT(java.lang.Object, java.lang.Object, java.lang.Object, java.lang.Object, java.lang.Object, java.lang.Object)'> (0x0000000718fdd590) 
thrown [s\open\src\hotspot\share\interpreter\linkResolver.cpp, line 766]

VM Operations (20 events):
Event: 2.057 Executing VM operation: HandshakeAllThreads done
Event: 2.070 Executing VM operation: HandshakeAllThreads
Event: 2.070 Executing VM operation: HandshakeAllThreads done
Event: 2.992 Executing VM operation: G1TryInitiateConcMark
Event: 3.000 Executing VM operation: G1TryInitiateConcMark done
Event: 3.008 Executing VM operation: G1TryInitiateConcMark
Event: 3.015 Executing VM operation: G1TryInitiateConcMark done
Event: 3.858 Executing VM operation: G1TryInitiateConcMark
Event: 3.860 Executing VM operation: G1TryInitiateConcMark done
Event: 3.875 Executing VM operation: G1TryInitiateConcMark
Event: 3.877 Executing VM operation: G1TryInitiateConcMark done
Event: 4.692 Executing VM operation: G1TryInitiateConcMark
Event: 4.693 Executing VM operation: G1TryInitiateConcMark done
Event: 4.708 Executing VM operation: G1TryInitiateConcMark
Event: 4.710 Executing VM operation: G1TryInitiateConcMark done
Event: 5.525 Executing VM operation: G1TryInitiateConcMark
Event: 5.526 Executing VM operation: G1TryInitiateConcMark done
Event: 5.542 Executing VM operation: G1TryInitiateConcMark
Event: 5.543 Executing VM operation: G1TryInitiateConcMark done
Event: 6.358 Executing VM operation: G1TryInitiateConcMark

Events (20 events):
Event: 0.187 Loaded shared library C:\Program Files\Java\jdk-18.0.1.1\bin\zip.dll
Event: 0.206 Loaded shared library C:\Program Files\JetBrains\IntelliJ IDEA Community Edition 2023.2\bin\breakgen64.dll
Event: 0.208 Thread 0x0000029fe9d3a330 Thread added: 0x0000029fe9d3a330
Event: 0.208 Thread 0x0000029fe9d452a0 Thread added: 0x0000029fe9d452a0
Event: 0.235 Loaded shared library C:\Program Files\Java\jdk-18.0.1.1\bin\jimage.dll
Event: 0.278 Loaded shared library C:\Program Files\Java\jdk-18.0.1.1\bin\awt.dll
Event: 0.442 Thread 0x0000029fe9f18ba0 Thread added: 0x0000029fe9f18ba0
Event: 0.443 Thread 0x0000029fe9f1bfa0 Thread added: 0x0000029fe9f1bfa0
Event: 0.446 Thread 0x0000029fe9f1f3a0 Thread added: 0x0000029fe9f1f3a0
Event: 0.824 Thread 0x0000029fea6c10a0 Thread added: 0x0000029fea6c10a0
Event: 0.845 Thread 0x0000029fea6c8060 Thread added: 0x0000029fea6c8060
Event: 0.898 Loaded shared library C:\Program Files\Java\jdk-18.0.1.1\bin\freetype.dll
Event: 0.902 Loaded shared library C:\Program Files\Java\jdk-18.0.1.1\bin\fontmanager.dll
Event: 1.050 Thread 0x0000029fc124d760 Thread exited: 0x0000029fc124d760
Event: 1.050 Thread 0x0000029fc124d760 Thread added: 0x0000029fc124d760
Event: 1.056 Thread 0x0000029fe9d4bbf0 Thread added: 0x0000029fe9d4bbf0
Event: 1.088 Thread 0x0000029fea7687f0 Thread added: 0x0000029fea7687f0
Event: 1.313 Thread 0x0000029fea7687f0 Thread exited: 0x0000029fea7687f0
Event: 2.028 Thread 0x0000029fea88d360 Thread added: 0x0000029fea88d360
Event: 2.192 Thread 0x0000029fea88d360 Thread exited: 0x0000029fea88d360


Dynamic libraries:
0x00007ff6ef1e0000 - 0x00007ff6ef1f0000 	C:\Program Files\Java\jdk-18.0.1.1\bin\java.exe
0x00007ffbb8850000 - 0x00007ffbb8a67000 	C:\WINDOWS\SYSTEM32\ntdll.dll
0x00007ffb78de0000 - 0x00007ffb78df9000 	C:\Program Files\Avast Software\Avast\aswhook.dll
0x00007ffbb83c0000 - 0x00007ffbb8484000 	C:\WINDOWS\System32\KERNEL32.DLL
0x00007ffbb5ec0000 - 0x00007ffbb6267000 	C:\WINDOWS\System32\KERNELBASE.dll
0x00007ffbb6270000 - 0x00007ffbb6381000 	C:\WINDOWS\System32\ucrtbase.dll
0x00007ffbb06c0000 - 0x00007ffbb06da000 	C:\Program Files\Java\jdk-18.0.1.1\bin\VCRUNTIME140.dll
0x00007ffbaee40000 - 0x00007ffbaee58000 	C:\Program Files\Java\jdk-18.0.1.1\bin\jli.dll
0x00007ffbb7f70000 - 0x00007ffbb8022000 	C:\WINDOWS\System32\ADVAPI32.dll
0x00007ffbb8510000 - 0x00007ffbb85b7000 	C:\WINDOWS\System32\msvcrt.dll
0x00007ffbb67e0000 - 0x00007ffbb6888000 	C:\WINDOWS\System32\sechost.dll
0x00007ffbb5d70000 - 0x00007ffbb5d98000 	C:\WINDOWS\System32\bcrypt.dll
0x00007ffbb8670000 - 0x00007ffbb8785000 	C:\WINDOWS\System32\RPCRT4.dll
0x00007ffbb75a0000 - 0x00007ffbb774e000 	C:\WINDOWS\System32\USER32.dll
0x00007ffbb5ca0000 - 0x00007ffbb5cc6000 	C:\WINDOWS\System32\win32u.dll
0x00007ffb91ba0000 - 0x00007ffb91e33000 	C:\WINDOWS\WinSxS\amd64_microsoft.windows.common-controls_6595b64144ccf1df_6.0.22621.3527_none_270e469b73872a76\COMCTL32.dll
0x00007ffbb85e0000 - 0x00007ffbb8609000 	C:\WINDOWS\System32\GDI32.dll
0x00007ffbb5da0000 - 0x00007ffbb5eb9000 	C:\WINDOWS\System32\gdi32full.dll
0x00007ffbb5cd0000 - 0x00007ffbb5d6a000 	C:\WINDOWS\System32\msvcp_win.dll
0x00007ffbac710000 - 0x00007ffbac71a000 	C:\WINDOWS\SYSTEM32\VERSION.dll
0x00007ffbb6890000 - 0x00007ffbb68c1000 	C:\WINDOWS\System32\IMM32.DLL
0x00007ffbb0a30000 - 0x00007ffbb0a3c000 	C:\Program Files\Java\jdk-18.0.1.1\bin\vcruntime140_1.dll
0x00007ffb9ee30000 - 0x00007ffb9eebd000 	C:\Program Files\Java\jdk-18.0.1.1\bin\msvcp140.dll
0x00007ffb6c930000 - 0x00007ffb6d540000 	C:\Program Files\Java\jdk-18.0.1.1\bin\server\jvm.dll
0x00007ffbb7500000 - 0x00007ffbb7508000 	C:\WINDOWS\System32\PSAPI.DLL
0x00007ffba54b0000 - 0x00007ffba54b9000 	C:\WINDOWS\SYSTEM32\WSOCK32.dll
0x00007ffbada60000 - 0x00007ffbada94000 	C:\WINDOWS\SYSTEM32\WINMM.dll
0x00007ffbb7750000 - 0x00007ffbb77c1000 	C:\WINDOWS\System32\WS2_32.dll
0x00007ffbb4b90000 - 0x00007ffbb4ba8000 	C:\WINDOWS\SYSTEM32\kernel.appcore.dll
0x00007ffba6aa0000 - 0x00007ffba6aaa000 	C:\Program Files\Java\jdk-18.0.1.1\bin\jimage.dll
0x00007ffbb3290000 - 0x00007ffbb34c2000 	C:\WINDOWS\SYSTEM32\DBGHELP.DLL
0x00007ffbb8030000 - 0x00007ffbb83b8000 	C:\WINDOWS\System32\combase.dll
0x00007ffbb66e0000 - 0x00007ffbb67b7000 	C:\WINDOWS\System32\OLEAUT32.dll
0x00007ffba8540000 - 0x00007ffba8572000 	C:\WINDOWS\SYSTEM32\dbgcore.DLL
0x00007ffbb6500000 - 0x00007ffbb6579000 	C:\WINDOWS\System32\bcryptPrimitives.dll
0x00007ffba6980000 - 0x00007ffba698e000 	C:\Program Files\Java\jdk-18.0.1.1\bin\instrument.dll
0x00007ffba69c0000 - 0x00007ffba69e5000 	C:\Program Files\Java\jdk-18.0.1.1\bin\java.dll
0x00007ffb9e600000 - 0x00007ffb9e6d6000 	C:\Program Files\Java\jdk-18.0.1.1\bin\jsvml.dll
0x00007ffbb6ba0000 - 0x00007ffbb73fc000 	C:\WINDOWS\System32\SHELL32.dll
0x00007ffbb3ab0000 - 0x00007ffbb43a6000 	C:\WINDOWS\SYSTEM32\windows.storage.dll
0x00007ffbb3970000 - 0x00007ffbb3aae000 	C:\WINDOWS\SYSTEM32\wintypes.dll
0x00007ffbb7400000 - 0x00007ffbb74f5000 	C:\WINDOWS\System32\SHCORE.dll
0x00007ffbb7a90000 - 0x00007ffbb7aee000 	C:\WINDOWS\System32\shlwapi.dll
0x00007ffbb5aa0000 - 0x00007ffbb5ac1000 	C:\WINDOWS\SYSTEM32\profapi.dll
0x00007ffba64e0000 - 0x00007ffba64f8000 	C:\Program Files\Java\jdk-18.0.1.1\bin\zip.dll
0x00007ffb9ef90000 - 0x00007ffb9efa3000 	C:\Program Files\Java\jdk-18.0.1.1\bin\net.dll
0x00007ffbacf90000 - 0x00007ffbad0c6000 	C:\WINDOWS\SYSTEM32\WINHTTP.dll
0x00007ffbb5000000 - 0x00007ffbb5069000 	C:\WINDOWS\system32\mswsock.dll
0x00007ffb9ee10000 - 0x00007ffb9ee26000 	C:\Program Files\Java\jdk-18.0.1.1\bin\nio.dll
0x00007ffb9ed60000 - 0x00007ffb9ed7a000 	C:\Program Files\JetBrains\IntelliJ IDEA Community Edition 2023.2\bin\breakgen64.dll
0x00007ffb773f0000 - 0x00007ffb7757f000 	C:\Program Files\Java\jdk-18.0.1.1\bin\awt.dll
0x00007ffbb2b00000 - 0x00007ffbb2b97000 	C:\WINDOWS\SYSTEM32\apphelp.dll
0x00007ffbb2e50000 - 0x00007ffbb2e7b000 	C:\WINDOWS\system32\DWMAPI.DLL
0x00007ffbb2c20000 - 0x00007ffbb2ccb000 	C:\WINDOWS\system32\uxtheme.dll
0x00007ffb4ad10000 - 0x00007ffb4ae10000 	C:\WINDOWS\system32\opengl32.dll
0x00007ffb5bbb0000 - 0x00007ffb5bbdd000 	C:\WINDOWS\SYSTEM32\GLU32.dll
0x00007ffbb2d00000 - 0x00007ffbb2d39000 	C:\WINDOWS\SYSTEM32\dxcore.dll
0x00007ffbb6580000 - 0x00007ffbb66d3000 	C:\WINDOWS\System32\MSCTF.dll
0x00007ffbb78e0000 - 0x00007ffbb7a85000 	C:\WINDOWS\System32\ole32.dll
0x00007ffb71d40000 - 0x00007ffb71ee9000 	C:\WINDOWS\system32\d3d9.dll
0x00007ffbac740000 - 0x00007ffbac8fb000 	C:\WINDOWS\System32\DriverStore\FileRepository\u0392096.inf_amd64_e701ad57178c2fbb\B390740\aticfx64.dll
0x00007ffb54800000 - 0x00007ffb54834000 	C:\WINDOWS\System32\DriverStore\FileRepository\u0392096.inf_amd64_e701ad57178c2fbb\B390740\atiu9p64.dll
0x00007ffb06410000 - 0x00007ffb07165000 	C:\WINDOWS\System32\DriverStore\FileRepository\u0392096.inf_amd64_e701ad57178c2fbb\B390740\atiumd64.dll
0x000000006c870000 - 0x000000006d798000 	C:\WINDOWS\System32\DriverStore\FileRepository\u0392096.inf_amd64_e701ad57178c2fbb\B390740\atiumd6a.dll
0x00007ffbb7af0000 - 0x00007ffbb7f64000 	C:\WINDOWS\System32\SETUPAPI.dll
0x00007ffbb55f0000 - 0x00007ffbb563d000 	C:\WINDOWS\SYSTEM32\POWRPROF.dll
0x00007ffbb54d0000 - 0x00007ffbb54e3000 	C:\WINDOWS\SYSTEM32\UMPDC.dll
0x00007ffbaa100000 - 0x00007ffbaa135000 	C:\WINDOWS\SYSTEM32\amdihk64.dll
0x00007ffbb0840000 - 0x00007ffbb088a000 	C:\WINDOWS\SYSTEM32\directxdatabasehelper.dll
0x00007ffb98d20000 - 0x00007ffb98da9000 	C:\Program Files\Java\jdk-18.0.1.1\bin\freetype.dll
0x00007ffb98c20000 - 0x00007ffb98cc8000 	C:\Program Files\Java\jdk-18.0.1.1\bin\fontmanager.dll
0x00007ffbaa2e0000 - 0x00007ffbaa42b000 	C:\WINDOWS\SYSTEM32\textinputframework.dll
0x00007ffb82c10000 - 0x00007ffb82c79000 	C:\WINDOWS\system32\Oleacc.dll
0x00007ffbb6af0000 - 0x00007ffbb6ba0000 	C:\WINDOWS\System32\clbcatq.dll
0x00007ffb84550000 - 0x00007ffb8459b000 	C:\WINDOWS\system32\ApplicationTargetedFeatureDatabase.dll
0x00007ffbaf070000 - 0x00007ffbaf2fb000 	C:\Windows\System32\twinapi.appcore.dll
0x00007ffbb2710000 - 0x00007ffbb2843000 	C:\WINDOWS\SYSTEM32\CoreMessaging.dll
0x00007ffbaffa0000 - 0x00007ffbb030c000 	C:\WINDOWS\SYSTEM32\CoreUIComponents.dll
0x00007ffbb5280000 - 0x00007ffbb528c000 	C:\WINDOWS\SYSTEM32\CRYPTBASE.DLL

dbghelp: loaded successfully - version: 4.0.5 - missing functions: none
symbol engine: initialized successfully - sym options: 0x614 - pdb path: .;C:\Program Files\Java\jdk-18.0.1.1\bin;C:\WINDOWS\SYSTEM32;C:\Program Files\Avast Software\Avast;C:\WINDOWS\WinSxS\amd64_microsoft.windows.common-controls_6595b64144ccf1df_6.0.22621.3527_none_270e469b73872a76;C:\Program Files\Java\jdk-18.0.1.1\bin\server;C:\Program Files\JetBrains\IntelliJ IDEA Community Edition 2023.2\bin;C:\WINDOWS\System32\DriverStore\FileRepository\u0392096.inf_amd64_e701ad57178c2fbb\B390740

VM Arguments:
jvm_args: -javaagent:C:\Program Files\JetBrains\IntelliJ IDEA Community Edition 2023.2\lib\idea_rt.jar=58542:C:\Program Files\JetBrains\IntelliJ IDEA Community Edition 2023.2\bin -Dfile.encoding=UTF-8 -Dsun.stdout.encoding=UTF-8 -Dsun.stderr.encoding=UTF-8 
java_command: TableHockey
java_class_path (initial): C:\Users\stidr\IdeaProjects\FinalProjCSA\out\production\FinalProjCSA
Launcher Type: SUN_STANDARD

[Global flags]
     intx CICompilerCount                          = 4                                         {product} {ergonomic}
     uint ConcGCThreads                            = 2                                         {product} {ergonomic}
     uint G1ConcRefinementThreads                  = 8                                         {product} {ergonomic}
   size_t G1HeapRegionSize                         = 2097152                                   {product} {ergonomic}
    uintx GCDrainStackTargetSize                   = 64                                        {product} {ergonomic}
   size_t InitialHeapSize                          = 257949696                                 {product} {ergonomic}
   size_t MarkStackSize                            = 4194304                                   {product} {ergonomic}
   size_t MaxHeapSize                              = 4127195136                                {product} {ergonomic}
   size_t MaxNewSize                               = 2474639360                                {product} {ergonomic}
   size_t MinHeapDeltaBytes                        = 2097152                                   {product} {ergonomic}
   size_t MinHeapSize                              = 8388608                                   {product} {ergonomic}
    uintx NonNMethodCodeHeapSize                   = 5839372                                {pd product} {ergonomic}
    uintx NonProfiledCodeHeapSize                  = 122909434                              {pd product} {ergonomic}
    uintx ProfiledCodeHeapSize                     = 122909434                              {pd product} {ergonomic}
    uintx ReservedCodeCacheSize                    = 251658240                              {pd product} {ergonomic}
     bool SegmentedCodeCache                       = true                                      {product} {ergonomic}
   size_t SoftMaxHeapSize                          = 4127195136                             {manageable} {ergonomic}
     bool UseCompressedClassPointers               = true                           {product lp64_product} {ergonomic}
     bool UseCompressedOops                        = true                           {product lp64_product} {ergonomic}
     bool UseG1GC                                  = true                                      {product} {ergonomic}
     bool UseLargePagesIndividualAllocation        = false                                  {pd product} {ergonomic}

Logging:
Log output configuration:
 #0: stdout all=warning uptime,level,tags foldmultilines=false
 #1: stderr all=off uptime,level,tags foldmultilines=false

Environment Variables:
JAVA_HOME=C:\Program Files\Eclipse Adoptium\jdk-17.0.11.9-hotspot\
PATH=C:\Program Files\Eclipse Adoptium\jdk-17.0.11.9-hotspot\bin;C:\Program Files\Common Files\Oracle\Java\javapath;C:\Program Files (x86)\Common Files\Oracle\Java\javapath;C:\WINDOWS\system32;C:\WINDOWS;C:\WINDOWS\System32\Wbem;C:\WINDOWS\System32\WindowsPowerShell\v1.0\;C:\WINDOWS\System32\OpenSSH\;C:\Program Files\Git\cmd;C:\Program Files\nodejs\;C:\Program Files\GitHub CLI\;C:\Users\stidr\AppData\Local\Programs\Python\Python39\Scripts\;C:\Users\stidr\AppData\Local\Programs\Python\Python39\;C:\Users\stidr\AppData\Local\Microsoft\WindowsApps;C:\Users\stidr\AppData\Local\Programs\Microsoft VS Code\bin;C:\Users\stidr\AppData\Roaming\npm;C:\mingw64\bin;C:\Program Files\JetBrains\PyCharm Community Edition 2022.3.2\bin;C:\MinGW\bin;c:\users\stidr\appdata\local\programs\python\python39\lib\site-packages\deepspeech;C:\Users\stidr\.detaspace\bin;C:\Program Files\JetBrains\IntelliJ IDEA Community Edition 2023.2\bin;;C:\chromedriver_win32;C:\edgedriver_win32;C:\Users\stidr\AppData\Local\GitHubDesktop\bin;C:\Users\stidr\Anaconda3;c:\users\stidr\appdata\local\programs\python\python39\lib\site-packages;
USERNAME=stidr
OS=Windows_NT
PROCESSOR_IDENTIFIER=AMD64 Family 23 Model 96 Stepping 1, AuthenticAMD



---------------  S Y S T E M  ---------------

OS:
 Windows 11 , 64 bit Build 22621 (10.0.22621.3527)
OS uptime: 5 days 22:10 hours

CPU: total 8 (initial active 8) (8 cores per cpu, 1 threads per core) family 23 model 96 stepping 1 microcode 0x0, cx8, cmov, fxsr, mmx, 3dnowpref, sse, sse2, sse3, ssse3, sse4a, sse4.1, sse4.2, popcnt, lzcnt, tsc, tscinvbit, avx, avx2, aes, clmul, bmi1, bmi2, adx, sha, fma, vzeroupper, clflush, clflushopt

Memory: 4k page, system-wide physical 15742M (1018M free)
TotalPageFile size 32809M (AvailPageFile size 55M)
current process WorkingSet (physical memory assigned to process): 198M, peak: 202M
current process commit charge ("private bytes"): 394M, peak: 706M

vm_info: Java HotSpot(TM) 64-Bit Server VM (18.0.1.1+2-6) for windows-amd64 JRE (18.0.1.1+2-6), built on Apr 25 2022 21:53:15 by "mach5one" with MS VC++ 16.8 / 16.9 (VS2019)

END.
